2024-12-18 16:27:12,509 - INFO -ROOT FOLDER PATH: /home/bio/Desktop/jupyter_test/antibody_test/output_20241218_162712
2024-12-18 16:46:59,406 - INFO -ROOT FOLDER PATH: /home/bio/Desktop/jupyter_test/antibody_test/output_20241218_164659
2024-12-18 16:46:59,426 - INFO -#### Begin with configuration0 ####
2024-12-18 16:46:59,426 - INFO -PATH : /home/bio/Desktop/jupyter_test/antibody_test/output_20241218_164659/configuration
2024-12-18 16:46:59,586 - INFO -Topology generation completed successfully.
2024-12-18 16:46:59,619 - INFO -Simulation box definition completed successfully.
2024-12-18 16:47:00,233 - INFO -Water and ions successfully added to the system.
2024-12-18 16:47:05,125 - INFO -Energy minimization completed successfully.
2024-12-18 16:47:05,125 - INFO -Running NVT MD for temperature equilibration.
2024-12-18 16:47:24,803 - INFO -Running NPT MD for pressure equilibration
2024-12-18 16:47:43,352 - INFO -Equilibration completed successfully.
2024-12-18 16:59:00,459 - INFO -Building input files for gmx MMPBSA.
2024-12-18 16:59:02,602 - INFO -Running gmxMMPBSA_cycle1
2024-12-18 17:05:05,328 - INFO -Data Analysis.
2024-12-18 17:05:05,346 - INFO -Results for cycle1:
Headers: frame | DeltaG(kJ/mol) | Coul(kJ/mol) | VdW(kJ/mol) | PolSol(kJ/mol) | NpoSol(kJ/mol) | SF1 | SF2 | Canonical_AVG | MedianDeltaG(kJ/mol) | DeltaG_2s(kJ/mol)
AVG Values: AVG | -73.1 | -265.1 | -100.2 | 292.2 | 0.0 | -55.7 | -503.0 | -97.7 | -72.3 | -73.4
STD Values: STD | 9.8 | 27.7 | 5.3 | 22.9 | 0.0 | 0.5 | 106.1 | nan | nan | 9.8
2024-12-18 17:05:05,346 - INFO -Cleaning files.
2024-12-18 17:05:05,346 - INFO -Moving files.
2024-12-18 17:10:41,169 - INFO -Building input files for gmx MMPBSA.
2024-12-18 17:10:42,887 - INFO -Running gmxMMPBSA_cycle2
2024-12-18 17:16:21,458 - INFO -Data Analysis.
2024-12-18 17:16:21,466 - INFO -Results for cycle2:
Headers: frame | DeltaG(kJ/mol) | Coul(kJ/mol) | VdW(kJ/mol) | PolSol(kJ/mol) | NpoSol(kJ/mol) | SF1 | SF2 | Canonical_AVG | MedianDeltaG(kJ/mol) | DeltaG_2s(kJ/mol)
AVG Values: AVG | -73.9 | -275.4 | -99.3 | 300.8 | 0.0 | -57.6 | -525.4 | -84.6 | -74.5 | -74.2
STD Values: STD | 6.5 | 16.2 | 4.8 | 13.7 | 0.0 | 0.2 | 62.3 | nan | nan | 6.5
2024-12-18 17:16:21,466 - INFO -Cleaning files.
2024-12-18 17:16:21,466 - INFO -Moving files.
2024-12-18 17:16:21,513 - INFO -Making the starting PDB for the next Mutation from LastFrame_cycle2.gro
2024-12-18 17:16:21,846 - INFO -Making the average of the cycles results.
2024-12-18 17:16:21,850 - INFO -Results for Configuation
DeltaG(kJ/mol): -73.5 +- 0.6 kJ/mol
Coul(kJ/mol): -270.2 +- 7.3 kJ/mol
VdW(kJ/mol): -99.8 +- 0.6 kJ/mol
PolSol(kJ/mol): 296.5 +- 6.1 kJ/mol
NpoSol(kJ/mol): 0.0 +- 0.0 kJ/mol
SF1: -56.7 +- 0.1 kJ/mol
SF2: -514.2 +- 27.9 kJ/mol
Canonical_AVG: -73.5 +- nan kJ/mol
MedianDeltaG(kJ/mol): -73.5 +- nan kJ/mol
DeltaG_2s(kJ/mol): -73.5 +- 0.6 kJ/mol
2024-12-18 17:16:21,850 - INFO -Finished with Configuration0
2024-12-18 17:16:21,850 - INFO -ALL DONE.
