[INFO   ] Starting gmx_MMPBSA 1.6.4
[INFO   ] Command-line
  mpirun -np 16 gmx_MMPBSA MPI -O -i mmpbsa_LinearPB_amber99SB_ILDN.in -cs cycle1_newGRO.tpr -ci index.ndx -cg 0 1 -ct cycle1_noPBC.xtc -cr ./cycle1_starting_protein.pdb -cp topol_protein.top -eo gmx_MMPBSA_plot.csv -deo FINAL_DECOMP_MMPBSA.csv -nogui

[INFO   ] Checking mmpbsa_LinearPB_amber99SB_ILDN.in input file...
[WARNING] &decomp namelist has not been defined in the input file. Ignoring '-deo' flag... 
[INFO   ] Checking mmpbsa_LinearPB_amber99SB_ILDN.in input file...Done.

[INFO   ] Checking external programs...
[INFO   ] cpptraj found! Using /home/bio/ls/envs/gmxMMPBSA/bin/cpptraj
[INFO   ] tleap found! Using /home/bio/ls/envs/gmxMMPBSA/bin/tleap
[INFO   ] parmchk2 found! Using /home/bio/ls/envs/gmxMMPBSA/bin/parmchk2
[INFO   ] sander found! Using /home/bio/ls/envs/gmxMMPBSA/bin/sander
[INFO   ] Using GROMACS version > 5.x.x!
[INFO   ] gmx found! Using /opt/gromacs-2024.4/bin/gmx
[INFO   ] Checking external programs...Done.

[INFO   ] Building AMBER topologies from GROMACS files...
[INFO   ] Get PDB files from GROMACS structures files...
[INFO   ] Making gmx_MMPBSA index for complex...
[INFO   ] Normal Complex: Saving group receptor_ligand (0_1) in _GMXMMPBSA_COM_index.ndx file as _GMXMMPBSA_COM.pdb
[INFO   ] No receptor structure file was defined. Using ST approach...
[INFO   ] Using receptor structure from complex to generate AMBER topology
[INFO   ] Normal Receptor: Saving group receptor (0) in _GMXMMPBSA_COM_index.ndx file as _GMXMMPBSA_REC.pdb
[INFO   ] No ligand structure file was defined. Using ST approach...
[INFO   ] Using ligand structure from complex to generate AMBER topology
[INFO   ] Normal Ligand: Saving group ligand (1) in _GMXMMPBSA_COM_index.ndx file as _GMXMMPBSA_LIG.pdb
[INFO   ] Checking the structures consistency...
[INFO   ] Assigning chain ID to structures files according to the reference structure...
[INFO   ] 
[INFO   ] Using topology conversion. Setting radiopt = 0...
[INFO   ] Building Normal Complex Amber topology...
[INFO   ] Detected Amber/OPLS force field topology format...
[WARNING] 6 invalid DIHEDRAL_PERIODICITY = 0 found in Complex topology... Setting DIHEDRAL_PERIODICITY = 1
[INFO   ] Assigning PBRadii mbondi2 to Complex...
[INFO   ] Writing Normal Complex AMBER topology...
[INFO   ] No Receptor topology file was defined. Using ST approach...
[INFO   ] Building AMBER Receptor topology from Complex...
[INFO   ] Assigning PBRadii mbondi2 to Receptor...
[INFO   ] Writing Normal Receptor AMBER topology...
[INFO   ] No Ligand topology file was defined. Using ST approach...
[INFO   ] Building AMBER Ligand topology from Complex...
[INFO   ] Assigning PBRadii mbondi2 to Ligand...
[INFO   ] Writing Normal Ligand AMBER topology...
[INFO   ] Cleaning normal complex trajectories...
[INFO   ] Building AMBER topologies from GROMACS files... Done.

[INFO   ] Loading and checking parameter files for compatibility...
[INFO   ] Preparing trajectories for simulation...

[INFO   ] 151 frames were processed by cpptraj for use in calculation.
[INFO   ] Starting calculations in 16 CPUs...
[WARNING] PB/RISM/NMODE will be calculated with multiple threads, make sure you have enough RAM.
[INFO   ] Running calculations on normal system...
[INFO   ] Beginning PB calculations with /home/bio/ls/envs/gmxMMPBSA/bin/sander
[INFO   ]   calculating complex contribution...

              0%|          | 0/151 [elapsed: 00:00 remaining: ?]
              5%|5         | 8/151 [elapsed: 00:10 remaining: 02:58]
             16%|#5        | 24/151 [elapsed: 00:19 remaining: 01:34]
             21%|##1       | 32/151 [elapsed: 00:24 remaining: 01:23]
             32%|###1      | 48/151 [elapsed: 00:35 remaining: 01:11]
             37%|###7      | 56/151 [elapsed: 00:41 remaining: 01:07]
             42%|####2     | 64/151 [elapsed: 00:47 remaining: 01:02]
             50%|####9     | 75/151 [elapsed: 00:53 remaining: 00:50]
             53%|#####2    | 80/151 [elapsed: 00:59 remaining: 00:53]
             62%|######1   | 93/151 [elapsed: 01:05 remaining: 00:37]
             69%|######8   | 104/151 [elapsed: 01:11 remaining: 00:28]
             72%|#######2  | 109/151 [elapsed: 01:17 remaining: 00:29]
             79%|#######8  | 119/151 [elapsed: 01:23 remaining: 00:21]
             82%|########2 | 124/151 [elapsed: 01:36 remaining: 00:28]
             85%|########4 | 128/151 [elapsed: 01:43 remaining: 00:26]
             87%|########7 | 132/151 [elapsed: 01:50 remaining: 00:24]
             89%|########9 | 135/151 [elapsed: 01:57 remaining: 00:23]
             92%|#########2| 139/151 [elapsed: 02:04 remaining: 00:18]
             95%|#########5| 144/151 [elapsed: 02:11 remaining: 00:10]
             97%|#########7| 147/151 [elapsed: 02:18 remaining: 00:06]
            100%|##########| 151/151 [elapsed: 02:25 remaining: 00:00]
                                                                      

            100%|##########| 151/151 [elapsed: 02:25 remaining: 00:00]
[INFO   ]   calculating receptor contribution...

              0%|          | 0/151 [elapsed: 00:00 remaining: ?]
             58%|#####8    | 88/151 [elapsed: 00:01 remaining: 00:00]
             68%|######8   | 103/151 [elapsed: 00:05 remaining: 00:02]
             72%|#######2  | 109/151 [elapsed: 00:07 remaining: 00:03]
             76%|#######6  | 115/151 [elapsed: 00:09 remaining: 00:04]
             81%|########  | 122/151 [elapsed: 00:11 remaining: 00:04]
             85%|########5 | 129/151 [elapsed: 00:13 remaining: 00:03]
             89%|########9 | 135/151 [elapsed: 00:15 remaining: 00:03]
             93%|#########2| 140/151 [elapsed: 00:17 remaining: 00:02]
             96%|#########6| 145/151 [elapsed: 00:19 remaining: 00:01]
             97%|#########6| 146/151 [elapsed: 00:21 remaining: 00:01]
             98%|#########8| 148/151 [elapsed: 00:23 remaining: 00:01]
            100%|##########| 151/151 [elapsed: 00:25 remaining: 00:00]
                                                                      

            100%|##########| 151/151 [elapsed: 00:25 remaining: 00:00]
[INFO   ]   calculating ligand contribution...

              0%|          | 0/151 [elapsed: 00:00 remaining: ?]
             50%|####9     | 75/151 [elapsed: 00:03 remaining: 00:03]
             52%|#####2    | 79/151 [elapsed: 00:07 remaining: 00:07]
             55%|#####4    | 83/151 [elapsed: 00:09 remaining: 00:09]
             56%|#####6    | 85/151 [elapsed: 00:11 remaining: 00:12]
             60%|#####9    | 90/151 [elapsed: 00:16 remaining: 00:20]
             63%|######2   | 95/151 [elapsed: 00:19 remaining: 00:22]
             65%|######4   | 98/151 [elapsed: 00:22 remaining: 00:25]
             68%|######7   | 102/151 [elapsed: 00:25 remaining: 00:26]
             70%|######9   | 105/151 [elapsed: 00:28 remaining: 00:29]
             72%|#######1  | 108/151 [elapsed: 00:31 remaining: 00:30]
             74%|#######4  | 112/151 [elapsed: 00:34 remaining: 00:28]
             76%|#######6  | 115/151 [elapsed: 00:37 remaining: 00:28]
             79%|#######9  | 120/151 [elapsed: 00:40 remaining: 00:22]
             82%|########2 | 124/151 [elapsed: 00:43 remaining: 00:19]
             84%|########4 | 127/151 [elapsed: 00:46 remaining: 00:19]
             87%|########6 | 131/151 [elapsed: 00:49 remaining: 00:15]
             88%|########8 | 133/151 [elapsed: 00:52 remaining: 00:16]
             91%|######### | 137/151 [elapsed: 00:55 remaining: 00:11]
             92%|#########2| 139/151 [elapsed: 00:58 remaining: 00:11]
             94%|#########4| 142/151 [elapsed: 01:01 remaining: 00:08]
             97%|#########6| 146/151 [elapsed: 01:04 remaining: 00:04]
             98%|#########8| 148/151 [elapsed: 01:07 remaining: 00:03]
            100%|##########| 151/151 [elapsed: 01:14 remaining: 00:00]
                                                                      

            100%|##########| 151/151 [elapsed: 01:14 remaining: 00:00]
[INFO   ] Parsing results to output files...

[INFO   ] Timing:
[INFO   ] Total GROMACS setup time:                   0.058 min.
[INFO   ] Total AMBER setup time:                     0.009 min.
[INFO   ] Creating trajectories with cpptraj:         0.012 min.
[INFO   ] Total calculation time:                     4.069 min.
[INFO   ] Total PB calculation time:                  2.256 min.
[INFO   ] Statistics calculation & output writing:    0.000 min.
[INFO   ] Total time taken:                           4.149 min.

[INFO   ] 
   Finalizing gmx_MMPBSA: [ERROR  ] = 0; [WARNING] = 3
   Check the gmx_MMPBSA.log file for more details...

[INFO   ] 
 Thank you for using gmx_MMPBSA. Please consider supporting gmx_MMPBSA by citing our publication:
    Valdés-Tresanco, M.S., Valdés-Tresanco, M.E., Valiente, P.A. and Moreno E. 
    gmx_MMPBSA: A New Tool to Perform End-State Free Energy Calculations with GROMACS. 
    J Chem Theory Comput., 2021, 17 (10):6281-6291. Epub 2021 Sep 29. PMID: 34586825.
    https://pubs.acs.org/doi/10.1021/acs.jctc.1c00645

Also consider citing MMPBSA.py:
    Miller III, B. R., McGee Jr., T. D., Swails, J. M. Homeyer, N. Gohlke, H. and Roitberg, A. E.
    MMPBSA.py: An Efficient Program for End-State Free Energy Calculations.
    J. Chem. Theory Comput., 2012, 8 (9) pp 3314-3321

[INFO   ] Finalized...



