                      :-) GROMACS - gmx mdrun, 2024.4 (-:

Copyright 1991-2024 The GROMACS Authors.
GROMACS is free software; you can redistribute it and/or modify it
under the terms of the GNU Lesser General Public License
as published by the Free Software Foundation; either version 2.1
of the License, or (at your option) any later version.

                         Current GROMACS contributors:
       Mark Abraham           Andrey Alekseenko           Vladimir Basov      
      Cathrine Bergh            Eliane Briand               Ania Brown        
      Mahesh Doijade            Giacomo Fiorin          Stefan Fleischmann    
      Sergey Gorelov         Gilles Gouaillardet            Alan Gray         
     M. Eric Irrgang         Farzaneh Jalalypour            Joe Jordan        
     Carsten Kutzner           Justin A. Lemkul          Magnus Lundborg      
       Pascal Merz              Vedran Miletic            Dmitry Morozov      
       Julien Nabet              Szilard Pall        Andrea Pasquadibisceglie 
    Michele Pellegrino          Hubert Santuz             Roland Schulz       
     Tatiana Shugaeva          Alexey Shvetsov            Philip Turner       
     Alessandra Villa      Sebastian Wingbermuehle  

                         Previous GROMACS contributors:
        Emile Apol             Rossen Apostolov           James Barnett       
        Paul Bauer          Herman J.C. Berendsen          Par Bjelkmar       
      Christian Blau          Viacheslav Bolnykh            Kevin Boyd        
    Aldert van Buuren          Carlo Camilloni           Rudi van Drunen      
      Anton Feenstra           Oliver Fleetwood            Vytas Gapsys       
       Gaurav Garg             Gerrit Groenhof            Bert de Groot       
      Anca Hamuraru           Vincent Hindriksen          Victor Holanda      
     Aleksei Iupinov          Christoph Junghans        Prashanth Kanduri     
   Dimitrios Karkoulis           Peter Kasson             Sebastian Kehl      
     Sebastian Keller             Jiri Kraus               Per Larsson        
      Viveca Lindahl            Erik Marklund           Pieter Meulenhoff     
      Teemu Murtola              Sander Pronk             Michael Shirts      
      Alfons Sijbers            Balint Soproni         David van der Spoel    
      Peter Tieleman            Carsten Uphoff             Jon Vincent        
     Teemu Virolainen         Christian Wennberg           Maarten Wolf       
      Artem Zhmurov       

                  Coordinated by the GROMACS project leaders:
                           Berk Hess and Erik Lindahl

GROMACS:      gmx mdrun, version 2024.4
Executable:   /opt/gromacs-2024.4/bin/gmx
Data prefix:  /opt/gromacs-2024.4
Working dir:  /home/bio/Desktop/jupyter_test/antibody_test/output_20241121_144911/configuration
Process ID:   19344
Command line:
  gmx mdrun -ntmpi 1 -ntomp 8 -nb gpu -pme gpu -bonded gpu -update gpu -s system_NPT_MD.tpr -c system_equil.gro -cpo state_NPT_MD.cpt -x traj_NPT_MD.xtc -e NPT.edr -v

GROMACS version:     2024.4
Precision:           mixed
Memory model:        64 bit
MPI library:         thread_mpi
OpenMP support:      enabled (GMX_OPENMP_MAX_THREADS = 128)
GPU support:         CUDA
NBNxM GPU setup:     super-cluster 2x2x2 / cluster 8
SIMD instructions:   AVX2_256
CPU FFT library:     fftw-3.3.8-sse2-avx
GPU FFT library:     cuFFT
Multi-GPU FFT:       none
RDTSCP usage:        enabled
TNG support:         enabled
Hwloc support:       hwloc-2.5.0
Tracing support:     disabled
C compiler:          /usr/bin/cc GNU 10.5.0
C compiler flags:    -fexcess-precision=fast -funroll-all-loops -mavx2 -mfma -Wno-missing-field-initializers -O3 -DNDEBUG
C++ compiler:        /usr/bin/c++ GNU 10.5.0
C++ compiler flags:  -fexcess-precision=fast -funroll-all-loops -mavx2 -mfma -Wno-missing-field-initializers -Wno-cast-function-type-strict SHELL:-fopenmp -O3 -DNDEBUG
BLAS library:        External - detected on the system
LAPACK library:      External - detected on the system
CUDA compiler:       /usr/local/cuda/bin/nvcc nvcc: NVIDIA (R) Cuda compiler driver;Copyright (c) 2005-2023 NVIDIA Corporation;Built on Tue_Jun_13_19:16:58_PDT_2023;Cuda compilation tools, release 12.2, V12.2.91;Build cuda_12.2.r12.2/compiler.32965470_0
CUDA compiler flags:-std=c++17;--generate-code=arch=compute_50,code=sm_50;--generate-code=arch=compute_52,code=sm_52;--generate-code=arch=compute_60,code=sm_60;--generate-code=arch=compute_61,code=sm_61;--generate-code=arch=compute_70,code=sm_70;--generate-code=arch=compute_75,code=sm_75;--generate-code=arch=compute_80,code=sm_80;--generate-code=arch=compute_86,code=sm_86;--generate-code=arch=compute_89,code=sm_89;--generate-code=arch=compute_90,code=sm_90;-Wno-deprecated-gpu-targets;--generate-code=arch=compute_53,code=sm_53;--generate-code=arch=compute_80,code=sm_80;-use_fast_math;-Xptxas;-warn-double-usage;-Xptxas;-Werror;-D_FORCE_INLINES;-Xcompiler;-fopenmp;-fexcess-precision=fast -funroll-all-loops -mavx2 -mfma -Wno-missing-field-initializers -Wno-cast-function-type-strict SHELL:-fopenmp -O3 -DNDEBUG
CUDA driver:         12.20
CUDA runtime:        12.20


Running on 1 node with total 24 cores, 32 processing units, 1 compatible GPU
Hardware detected on host SA264-04:
  CPU info:
    Vendor: Intel
    Brand:  13th Gen Intel(R) Core(TM) i9-13900K
    Family: 6   Model: 183   Stepping: 1
    Features: aes apic avx avx2 clfsh cmov cx8 cx16 f16c fma htt intel lahf mmx msr nonstop_tsc pcid pclmuldq pdcm pdpe1gb popcnt pse rdrnd rdtscp sha sse2 sse3 sse4.1 sse4.2 ssse3 tdt x2apic
  Hardware topology: Full, with devices
    Packages, cores, and logical processors:
    [indices refer to OS logical processors]
      Package  0: [   0   1] [   2   3] [   4   5] [   6   7] [   8   9] [  10  11] [  12  13] [  14  15] [  16] [  17] [  18] [  19] [  20] [  21] [  22] [  23] [  24] [  25] [  26] [  27] [  28] [  29] [  30] [  31]
    CPU limit set by OS: -1   Recommended max number of threads: 32
    Numa nodes:
      Node  0 (67088400384 bytes mem):   0   1   2   3   4   5   6   7   8   9  10  11  12  13  14  15  16  17  18  19  20  21  22  23  24  25  26  27  28  29  30  31
      Latency:
               0
         0  1.00
    Caches:
      L1: 49152 bytes, linesize 64 bytes, assoc. 12, shared 2 ways
      L2: 2097152 bytes, linesize 64 bytes, assoc. 16, shared 2 ways
      L3: 37748736 bytes, linesize 64 bytes, assoc. 12, shared 32 ways
    PCI devices:
      0000:01:00.0  Id: 10de:2685  Class: 0x0300  Numa: 0
      0000:00:02.0  Id: 8086:a780  Class: 0x0380  Numa: 0
      0000:00:0e.0  Id: 8086:a77f  Class: 0x0104  Numa: 0
      0000:00:1f.6  Id: 8086:1a1c  Class: 0x0200  Numa: 0
  GPU info:
    Number of GPUs detected: 1
    #0: NVIDIA NVIDIA GeForce RTX 4090 D, compute cap.: 8.9, ECC:  no, stat: compatible


++++ PLEASE READ AND CITE THE FOLLOWING REFERENCE ++++
M. J. Abraham, T. Murtola, R. Schulz, S. Páll, J. C. Smith, B. Hess, E.
Lindahl
GROMACS: High performance molecular simulations through multi-level
parallelism from laptops to supercomputers
SoftwareX 1 (2015) pp. 19-25
-------- -------- --- Thank You --- -------- --------


++++ PLEASE READ AND CITE THE FOLLOWING REFERENCE ++++
S. Páll, M. J. Abraham, C. Kutzner, B. Hess, E. Lindahl
Tackling Exascale Software Challenges in Molecular Dynamics Simulations with
GROMACS
In S. Markidis & E. Laure (Eds.), Solving Software Challenges for Exascale 8759 (2015) pp. 3-27
-------- -------- --- Thank You --- -------- --------


++++ PLEASE READ AND CITE THE FOLLOWING REFERENCE ++++
S. Pronk, S. Páll, R. Schulz, P. Larsson, P. Bjelkmar, R. Apostolov, M. R.
Shirts, J. C. Smith, P. M. Kasson, D. van der Spoel, B. Hess, and E. Lindahl
GROMACS 4.5: a high-throughput and highly parallel open source molecular
simulation toolkit
Bioinformatics 29 (2013) pp. 845-54
-------- -------- --- Thank You --- -------- --------


++++ PLEASE READ AND CITE THE FOLLOWING REFERENCE ++++
B. Hess and C. Kutzner and D. van der Spoel and E. Lindahl
GROMACS 4: Algorithms for highly efficient, load-balanced, and scalable
molecular simulation
J. Chem. Theory Comput. 4 (2008) pp. 435-447
-------- -------- --- Thank You --- -------- --------


++++ PLEASE READ AND CITE THE FOLLOWING REFERENCE ++++
D. van der Spoel, E. Lindahl, B. Hess, G. Groenhof, A. E. Mark and H. J. C.
Berendsen
GROMACS: Fast, Flexible and Free
J. Comp. Chem. 26 (2005) pp. 1701-1719
-------- -------- --- Thank You --- -------- --------


++++ PLEASE READ AND CITE THE FOLLOWING REFERENCE ++++
E. Lindahl and B. Hess and D. van der Spoel
GROMACS 3.0: A package for molecular simulation and trajectory analysis
J. Mol. Mod. 7 (2001) pp. 306-317
-------- -------- --- Thank You --- -------- --------


++++ PLEASE READ AND CITE THE FOLLOWING REFERENCE ++++
H. J. C. Berendsen, D. van der Spoel and R. van Drunen
GROMACS: A message-passing parallel molecular dynamics implementation
Comp. Phys. Comm. 91 (1995) pp. 43-56
-------- -------- --- Thank You --- -------- --------


++++ PLEASE CITE THE DOI FOR THIS VERSION OF GROMACS ++++
https://doi.org/10.5281/zenodo.14016590
-------- -------- --- Thank You --- -------- --------

Input Parameters:
   integrator                     = md
   tinit                          = 0
   dt                             = 0.002
   nsteps                         = 50000
   init-step                      = 0
   simulation-part                = 1
   mts                            = false
   mass-repartition-factor        = 1
   comm-mode                      = None
   nstcomm                        = 0
   bd-fric                        = 0
   ld-seed                        = -27509009
   emtol                          = 10
   emstep                         = 0.01
   niter                          = 20
   fcstep                         = 0
   nstcgsteep                     = 1000
   nbfgscorr                      = 10
   rtpi                           = 0.05
   nstxout                        = 0
   nstvout                        = 0
   nstfout                        = 0
   nstlog                         = 7500
   nstcalcenergy                  = 100
   nstenergy                      = 7500
   nstxout-compressed             = 7500
   compressed-x-precision         = 1000
   cutoff-scheme                  = Verlet
   nstlist                        = 10
   pbc                            = xyz
   periodic-molecules             = false
   verlet-buffer-tolerance        = 0.005
   verlet-buffer-pressure-tolerance = 0.5
   rlist                          = 1
   coulombtype                    = PME
   coulomb-modifier               = Potential-shift
   rcoulomb-switch                = 0
   rcoulomb                       = 1
   epsilon-r                      = 1
   epsilon-rf                     = inf
   vdw-type                       = Cut-off
   vdw-modifier                   = Potential-shift
   rvdw-switch                    = 1
   rvdw                           = 1
   DispCorr                       = EnerPres
   table-extension                = 1
   fourierspacing                 = 0.125
   fourier-nx                     = 80
   fourier-ny                     = 72
   fourier-nz                     = 80
   pme-order                      = 4
   ewald-rtol                     = 1e-06
   ewald-rtol-lj                  = 0.001
   lj-pme-comb-rule               = Geometric
   ewald-geometry                 = 3d
   epsilon-surface                = 0
   ensemble-temperature-setting   = constant
   ensemble-temperature           = 310
   tcoupl                         = V-rescale
   nsttcouple                     = 100
   nh-chain-length                = 0
   print-nose-hoover-chain-variables = false
   pcoupl                         = Berendsen
   pcoupltype                     = Isotropic
   nstpcouple                     = 100
   tau-p                          = 2
   compressibility (3x3):
      compressibility[    0]={ 4.50000e-05,  0.00000e+00,  0.00000e+00}
      compressibility[    1]={ 0.00000e+00,  4.50000e-05,  0.00000e+00}
      compressibility[    2]={ 0.00000e+00,  0.00000e+00,  4.50000e-05}
   ref-p (3x3):
      ref-p[    0]={ 1.00000e+00,  0.00000e+00,  0.00000e+00}
      ref-p[    1]={ 0.00000e+00,  1.00000e+00,  0.00000e+00}
      ref-p[    2]={ 0.00000e+00,  0.00000e+00,  1.00000e+00}
   refcoord-scaling               = All
   posres-com (3):
      posres-com[0]= 0.00000e+00
      posres-com[1]= 0.00000e+00
      posres-com[2]= 0.00000e+00
   posres-comB (3):
      posres-comB[0]= 0.00000e+00
      posres-comB[1]= 0.00000e+00
      posres-comB[2]= 0.00000e+00
   QMMM                           = false
qm-opts:
   ngQM                           = 0
   constraint-algorithm           = Lincs
   continuation                   = true
   Shake-SOR                      = false
   shake-tol                      = 0.0001
   lincs-order                    = 4
   lincs-iter                     = 1
   lincs-warnangle                = 30
   nwall                          = 0
   wall-type                      = 9-3
   wall-r-linpot                  = -1
   wall-atomtype[0]               = -1
   wall-atomtype[1]               = -1
   wall-density[0]                = 0
   wall-density[1]                = 0
   wall-ewald-zfac                = 3
   pull                           = false
   awh                            = false
   rotation                       = false
   interactiveMD                  = false
   disre                          = No
   disre-weighting                = Conservative
   disre-mixed                    = false
   dr-fc                          = 1000
   dr-tau                         = 0
   nstdisreout                    = 100
   orire-fc                       = 0
   orire-tau                      = 0
   nstorireout                    = 100
   free-energy                    = no
   cos-acceleration               = 0
   deform (3x3):
      deform[    0]={ 0.00000e+00,  0.00000e+00,  0.00000e+00}
      deform[    1]={ 0.00000e+00,  0.00000e+00,  0.00000e+00}
      deform[    2]={ 0.00000e+00,  0.00000e+00,  0.00000e+00}
   simulated-tempering            = false
   swapcoords                     = no
   userint1                       = 0
   userint2                       = 0
   userint3                       = 0
   userint4                       = 0
   userreal1                      = 0
   userreal2                      = 0
   userreal3                      = 0
   userreal4                      = 0
   applied-forces:
     electric-field:
       x:
         E0                       = 0
         omega                    = 0
         t0                       = 0
         sigma                    = 0
       y:
         E0                       = 0
         omega                    = 0
         t0                       = 0
         sigma                    = 0
       z:
         E0                       = 0
         omega                    = 0
         t0                       = 0
         sigma                    = 0
     density-guided-simulation:
       active                     = false
       group                      = protein
       similarity-measure         = inner-product
       atom-spreading-weight      = unity
       force-constant             = 1e+09
       gaussian-transform-spreading-width = 0.2
       gaussian-transform-spreading-range-in-multiples-of-width = 4
       reference-density-filename = reference.mrc
       nst                        = 1
       normalize-densities        = true
       adaptive-force-scaling     = false
       adaptive-force-scaling-time-constant = 4
       shift-vector               = 
       transformation-matrix      = 
     qmmm-cp2k:
       active                     = false
       qmgroup                    = System
       qmmethod                   = PBE
       qmfilenames                = 
       qmcharge                   = 0
       qmmultiplicity             = 1
     colvars:
       active                     = false
       configfile                 = 
       seed                       = -1
grpopts:
   nrdf:       16088      139209
   ref-t:         310         310
   tau-t:           1           1
annealing:          No          No
annealing-npoints:           0           0
   acc:	           0           0           0
   nfreeze:           N           N           N
   energygrp-flags[  0]: 0

Changing nstlist from 10 to 100, rlist from 1 to 1.175

When checking whether update groups are usable:
  Domain decomposition is not active, so there is no need for update groups
1 GPU selected for this run.
Mapping of GPU IDs to the 2 GPU tasks in the 1 rank on this node:
  PP:0,PME:0
PP tasks will do (non-perturbed) short-ranged and most bonded interactions on the GPU
PP task will update and constrain coordinates on the GPU
PME tasks will do all aspects on the GPU
Using 1 MPI thread
Using 8 OpenMP threads 

System total charge: -0.000
Will do PME sum in reciprocal space for electrostatic interactions.

++++ PLEASE READ AND CITE THE FOLLOWING REFERENCE ++++
U. Essmann, L. Perera, M. L. Berkowitz, T. Darden, H. Lee and L. G. Pedersen 
A smooth particle mesh Ewald method
J. Chem. Phys. 103 (1995) pp. 8577-8592
-------- -------- --- Thank You --- -------- --------

Using a Gaussian width (1/beta) of 0.289108 nm for Ewald
Potential shift: LJ r^-12: -1.000e+00 r^-6: -1.000e+00, Ewald -1.000e-06
Initialized non-bonded Coulomb Ewald tables, spacing: 8.87e-04 size: 1129

Generated table with 1087 data points for 1-4 COUL.
Tabscale = 500 points/nm
Generated table with 1087 data points for 1-4 LJ6.
Tabscale = 500 points/nm
Generated table with 1087 data points for 1-4 LJ12.
Tabscale = 500 points/nm
Long Range LJ corr.: <C6> 3.1597e-04


Using GPU 8x8 nonbonded short-range kernels

Using a dual 8x8 pair-list setup updated with dynamic, rolling pruning:
  outer list: updated every 100 steps, buffer 0.175 nm, rlist 1.175 nm
  inner list: updated every   8 steps, buffer 0.001 nm, rlist 1.001 nm
At tolerance 0.005 kJ/mol/ps per atom, equivalent classical 1x1 list would be:
  outer list: updated every 100 steps, buffer 0.247 nm, rlist 1.247 nm
  inner list: updated every   8 steps, buffer 0.039 nm, rlist 1.039 nm

The average pressure is off by at most 0.55 bar due to missing LJ interactions

Using Lorentz-Berthelot Lennard-Jones combination rule

NOTE: The number of threads is not equal to the number of (logical) cpus
      and the -pin option is set to auto: will not pin threads to cpus.
      This can lead to significant performance degradation.
      Consider using -pin on (and -pinoffset in case you run multiple jobs).

Initializing LINear Constraint Solver

++++ PLEASE READ AND CITE THE FOLLOWING REFERENCE ++++
B. Hess and H. Bekker and H. J. C. Berendsen and J. G. E. M. Fraaije
LINCS: A Linear Constraint Solver for molecular simulations
J. Comp. Chem. 18 (1997) pp. 1463-1472
-------- -------- --- Thank You --- -------- --------

The number of constraints is 3106

++++ PLEASE READ AND CITE THE FOLLOWING REFERENCE ++++
S. Miyamoto and P. A. Kollman
SETTLE: An Analytical Version of the SHAKE and RATTLE Algorithms for Rigid
Water Models
J. Comp. Chem. 13 (1992) pp. 952-962
-------- -------- --- Thank You --- -------- --------


++++ PLEASE READ AND CITE THE FOLLOWING REFERENCE ++++
G. Bussi, D. Donadio and M. Parrinello
Canonical sampling through velocity rescaling
J. Chem. Phys. 126 (2007) pp. 014101
-------- -------- --- Thank You --- -------- --------

There are: 76002 Atoms

Updating coordinates and applying constraints on the GPU.

Started mdrun on rank 0 Thu Nov 21 15:03:24 2024

           Step           Time
              0        0.00000

   Energies (kJ/mol)
           Bond          Angle    Proper Dih. Per. Imp. Dih.          LJ-14
    4.95125e+03    1.30216e+04    1.58078e+04    8.14383e+02    6.01374e+03
     Coulomb-14        LJ (SR)  Disper. corr.   Coulomb (SR)   Coul. recip.
    6.19317e+04    1.30893e+05   -9.87340e+03   -1.21537e+06    1.03726e+04
 Position Rest.      Potential    Kinetic En.   Total Energy  Conserved En.
    4.11869e-01   -9.81433e+05    1.96443e+05   -7.84990e+05   -7.85088e+05
    Temperature Pres. DC (bar) Pressure (bar)   Constr. rmsd
    3.04278e+02   -2.12252e+02    1.78258e+02    0.00000e+00

           Step           Time
           7500       15.00000

   Energies (kJ/mol)
           Bond          Angle    Proper Dih. Per. Imp. Dih.          LJ-14
    5.11936e+03    1.30346e+04    1.58524e+04    8.78271e+02    6.09419e+03
     Coulomb-14        LJ (SR)  Disper. corr.   Coulomb (SR)   Coul. recip.
    6.21457e+04    1.26845e+05   -9.94620e+03   -1.20259e+06    1.05908e+04
 Position Rest.      Potential    Kinetic En.   Total Energy  Conserved En.
    1.61586e+03   -9.70361e+05    2.00058e+05   -7.70303e+05   -7.84794e+05
    Temperature Pres. DC (bar) Pressure (bar)   Constr. rmsd
    3.09876e+02   -2.15390e+02   -1.34902e+02    0.00000e+00

           Step           Time
          15000       30.00000

   Energies (kJ/mol)
           Bond          Angle    Proper Dih. Per. Imp. Dih.          LJ-14
    5.19451e+03    1.32875e+04    1.59695e+04    8.34158e+02    6.12574e+03
     Coulomb-14        LJ (SR)  Disper. corr.   Coulomb (SR)   Coul. recip.
    6.21809e+04    1.29707e+05   -9.95094e+03   -1.20639e+06    1.05107e+04
 Position Rest.      Potential    Kinetic En.   Total Energy  Conserved En.
    1.54479e+03   -9.70989e+05    1.99466e+05   -7.71523e+05   -7.84929e+05
    Temperature Pres. DC (bar) Pressure (bar)   Constr. rmsd
    3.08959e+02   -2.15595e+02    1.48680e+02    0.00000e+00

step 20000: timed with pme grid 80 72 80, coulomb cutoff 1.000: 75.0 M-cycles
step 20200: timed with pme grid 72 64 72, coulomb cutoff 1.081: 81.8 M-cycles
step 20400: timed with pme grid 64 56 64, coulomb cutoff 1.217: 97.7 M-cycles
step 20600: timed with pme grid 64 60 72, coulomb cutoff 1.167: 103.2 M-cycles
step 20800: timed with pme grid 72 60 72, coulomb cutoff 1.135: 89.2 M-cycles
step 21000: timed with pme grid 72 64 72, coulomb cutoff 1.081: 84.2 M-cycles
step 21200: timed with pme grid 72 64 80, coulomb cutoff 1.065: 81.2 M-cycles
step 21400: timed with pme grid 72 72 80, coulomb cutoff 1.037: 79.2 M-cycles
step 21600: timed with pme grid 80 72 80, coulomb cutoff 1.000: 76.2 M-cycles
              optimal pme grid 80 72 80, coulomb cutoff 1.000
           Step           Time
          22500       45.00000

   Energies (kJ/mol)
           Bond          Angle    Proper Dih. Per. Imp. Dih.          LJ-14
    5.24146e+03    1.30359e+04    1.59045e+04    8.69412e+02    6.17412e+03
     Coulomb-14        LJ (SR)  Disper. corr.   Coulomb (SR)   Coul. recip.
    6.20429e+04    1.28855e+05   -9.95531e+03   -1.20410e+06    1.07395e+04
 Position Rest.      Potential    Kinetic En.   Total Energy  Conserved En.
    1.60355e+03   -9.69586e+05    1.98802e+05   -7.70784e+05   -7.84882e+05
    Temperature Pres. DC (bar) Pressure (bar)   Constr. rmsd
    3.07930e+02   -2.15784e+02    8.77892e+01    0.00000e+00

           Step           Time
          30000       60.00000

   Energies (kJ/mol)
           Bond          Angle    Proper Dih. Per. Imp. Dih.          LJ-14
    5.22530e+03    1.32093e+04    1.58630e+04    8.30226e+02    6.05606e+03
     Coulomb-14        LJ (SR)  Disper. corr.   Coulomb (SR)   Coul. recip.
    6.18557e+04    1.29834e+05   -9.95650e+03   -1.20608e+06    1.05110e+04
 Position Rest.      Potential    Kinetic En.   Total Energy  Conserved En.
    1.50710e+03   -9.71144e+05    1.99899e+05   -7.71245e+05   -7.84865e+05
    Temperature Pres. DC (bar) Pressure (bar)   Constr. rmsd
    3.09630e+02   -2.15836e+02    6.21756e+01    0.00000e+00

           Step           Time
          37500       75.00000

   Energies (kJ/mol)
           Bond          Angle    Proper Dih. Per. Imp. Dih.          LJ-14
    5.23317e+03    1.33651e+04    1.57857e+04    8.12533e+02    6.12111e+03
     Coulomb-14        LJ (SR)  Disper. corr.   Coulomb (SR)   Coul. recip.
    6.19336e+04    1.27035e+05   -9.95847e+03   -1.20503e+06    1.04723e+04
 Position Rest.      Potential    Kinetic En.   Total Energy  Conserved En.
    1.65768e+03   -9.72576e+05    1.99344e+05   -7.73232e+05   -7.84747e+05
    Temperature Pres. DC (bar) Pressure (bar)   Constr. rmsd
    3.08770e+02   -2.15921e+02   -8.62017e+01    0.00000e+00

           Step           Time
          45000       90.00000

   Energies (kJ/mol)
           Bond          Angle    Proper Dih. Per. Imp. Dih.          LJ-14
    4.95392e+03    1.32901e+04    1.58774e+04    8.60917e+02    6.13540e+03
     Coulomb-14        LJ (SR)  Disper. corr.   Coulomb (SR)   Coul. recip.
    6.21718e+04    1.26530e+05   -9.94313e+03   -1.20154e+06    1.06910e+04
 Position Rest.      Potential    Kinetic En.   Total Energy  Conserved En.
    1.67153e+03   -9.69299e+05    2.00132e+05   -7.69167e+05   -7.84823e+05
    Temperature Pres. DC (bar) Pressure (bar)   Constr. rmsd
    3.09991e+02   -2.15257e+02   -2.68798e+01    0.00000e+00

           Step           Time
          50000      100.00000

Writing checkpoint, step 50000 at Thu Nov 21 15:03:41 2024


   Energies (kJ/mol)
           Bond          Angle    Proper Dih. Per. Imp. Dih.          LJ-14
    4.94350e+03    1.33076e+04    1.58641e+04    8.47739e+02    6.07263e+03
     Coulomb-14        LJ (SR)  Disper. corr.   Coulomb (SR)   Coul. recip.
    6.20379e+04    1.28339e+05   -9.96441e+03   -1.20511e+06    1.06430e+04
 Position Rest.      Potential    Kinetic En.   Total Energy  Conserved En.
    1.61605e+03   -9.71399e+05    1.98806e+05   -7.72593e+05   -7.84840e+05
    Temperature Pres. DC (bar) Pressure (bar)   Constr. rmsd
    3.07937e+02   -2.16179e+02    1.87200e+01    0.00000e+00


Energy conservation over simulation part #1 of length 100 ps, time 0 to 100 ps
  Conserved energy drift: 3.26e-05 kJ/mol/ps per atom


	<======  ###############  ==>
	<====  A V E R A G E S  ====>
	<==  ###############  ======>

	Statistics over 50001 steps using 501 frames

   Energies (kJ/mol)
           Bond          Angle    Proper Dih. Per. Imp. Dih.          LJ-14
    5.17510e+03    1.32480e+04    1.58505e+04    8.41896e+02    6.10990e+03
     Coulomb-14        LJ (SR)  Disper. corr.   Coulomb (SR)   Coul. recip.
    6.20470e+04    1.28019e+05   -9.94870e+03   -1.20435e+06    1.05266e+04
 Position Rest.      Potential    Kinetic En.   Total Energy  Conserved En.
    1.56947e+03   -9.70912e+05    1.99908e+05   -7.71004e+05   -7.84832e+05
    Temperature Pres. DC (bar) Pressure (bar)   Constr. rmsd
    3.09644e+02   -2.15499e+02   -3.02331e+00    0.00000e+00

          Box-X          Box-Y          Box-Z
    9.31302e+00    8.49469e+00    9.70193e+00

   Total Virial (kJ/mol)
    6.70911e+04    2.91566e+02   -2.30204e+02
    2.91550e+02    6.62448e+04   -2.78077e+02
   -2.30202e+02   -2.78090e+02    6.67836e+04

   Pressure (bar)
   -1.90475e+01   -1.29692e+01    9.10980e+00
   -1.29685e+01    1.29071e+01    1.13062e+01
    9.10969e+00    1.13068e+01   -2.92950e+00

      T-Protein  T-non-Protein
    3.10379e+02    3.09559e+02


	M E G A - F L O P S   A C C O U N T I N G

 NB=Group-cutoff nonbonded kernels    NxN=N-by-N cluster Verlet kernels
 RF=Reaction-Field  VdW=Van der Waals  QSTab=quadratic-spline table
 W3=SPC/TIP3p  W4=TIP4p (single or pairs)
 V&F=Potential and force  V=Potential only  F=Force only

 Computing:                               M-Number         M-Flops  % Flops
-----------------------------------------------------------------------------
 Pair Search distance check            3780.686704       34026.180     0.0
 NxN Ewald Elec. + LJ [F]           3738035.131776   246710318.697    98.4
 NxN Ewald Elec. + LJ [V&F]           37832.965312     4048127.288     1.6
 Shift-X                                 38.077002         228.462     0.0
 Pos. Restr.                            164.603292        8230.165     0.0
 Virial                                  38.099547         685.792     0.0
 P-Coupling                              38.077002         228.462     0.0
 Calc-Ekin                               76.154004        2056.158     0.0
-----------------------------------------------------------------------------
 Total                                               250803901.205   100.0
-----------------------------------------------------------------------------


      R E A L   C Y C L E   A N D   T I M E   A C C O U N T I N G

On 1 MPI rank, each using 8 OpenMP threads

 Activity:              Num   Num      Call    Wall time         Giga-Cycles
                        Ranks Threads  Count      (s)         total sum    %
--------------------------------------------------------------------------------
 Neighbor search           1    8        501       1.163         27.874   7.0
 Launch PP GPU ops.        1    8      99501       0.585         14.011   3.5
 Force                     1    8      50001       3.166         75.872  19.1
 PME GPU mesh              1    8      50001       0.505         12.103   3.0
 Wait Bonded GPU           1    8        501       0.005          0.127   0.0
 Wait GPU NB local         1    8      50001       0.232          5.549   1.4
 Wait GPU state copy       1    8      52001       6.823        163.502  41.1
 NB X/F buffer ops.        1    8        501       0.013          0.305   0.1
 Write traj.               1    8          8       0.113          2.719   0.7
 Rest                                              4.006         95.996  24.1
--------------------------------------------------------------------------------
 Total                                            16.612        398.057 100.0
--------------------------------------------------------------------------------
 Breakdown of PME mesh activities
--------------------------------------------------------------------------------
 Wait PME GPU gather       1    8      50001       0.029          0.703   0.2
 Reduce GPU PME F          1    8      50001       0.013          0.320   0.1
 Launch PME GPU ops.       1    8     450009       0.444         10.647   2.7
--------------------------------------------------------------------------------

               Core t (s)   Wall t (s)        (%)
       Time:      132.885       16.612      799.9
                 (ns/day)    (hour/ns)
Performance:      520.110        0.046
Finished mdrun on rank 0 Thu Nov 21 15:03:41 2024

