                      :-) GROMACS - gmx mdrun, 2024.4 (-:

Copyright 1991-2024 The GROMACS Authors.
GROMACS is free software; you can redistribute it and/or modify it
under the terms of the GNU Lesser General Public License
as published by the Free Software Foundation; either version 2.1
of the License, or (at your option) any later version.

                         Current GROMACS contributors:
       Mark Abraham           Andrey Alekseenko           Vladimir Basov      
      Cathrine Bergh            Eliane Briand               Ania Brown        
      Mahesh Doijade            Giacomo Fiorin          Stefan Fleischmann    
      Sergey Gorelov         Gilles Gouaillardet            Alan Gray         
     M. Eric Irrgang         Farzaneh Jalalypour            Joe Jordan        
     Carsten Kutzner           Justin A. Lemkul          Magnus Lundborg      
       Pascal Merz              Vedran Miletic            Dmitry Morozov      
       Julien Nabet              Szilard Pall        Andrea Pasquadibisceglie 
    Michele Pellegrino          Hubert Santuz             Roland Schulz       
     Tatiana Shugaeva          Alexey Shvetsov            Philip Turner       
     Alessandra Villa      Sebastian Wingbermuehle  

                         Previous GROMACS contributors:
        Emile Apol             Rossen Apostolov           James Barnett       
        Paul Bauer          Herman J.C. Berendsen          Par Bjelkmar       
      Christian Blau          Viacheslav Bolnykh            Kevin Boyd        
    Aldert van Buuren          Carlo Camilloni           Rudi van Drunen      
      Anton Feenstra           Oliver Fleetwood            Vytas Gapsys       
       Gaurav Garg             Gerrit Groenhof            Bert de Groot       
      Anca Hamuraru           Vincent Hindriksen          Victor Holanda      
     Aleksei Iupinov          Christoph Junghans        Prashanth Kanduri     
   Dimitrios Karkoulis           Peter Kasson             Sebastian Kehl      
     Sebastian Keller             Jiri Kraus               Per Larsson        
      Viveca Lindahl            Erik Marklund           Pieter Meulenhoff     
      Teemu Murtola              Sander Pronk             Michael Shirts      
      Alfons Sijbers            Balint Soproni         David van der Spoel    
      Peter Tieleman            Carsten Uphoff             Jon Vincent        
     Teemu Virolainen         Christian Wennberg           Maarten Wolf       
      Artem Zhmurov       

                  Coordinated by the GROMACS project leaders:
                           Berk Hess and Erik Lindahl

GROMACS:      gmx mdrun, version 2024.4
Executable:   /opt/gromacs-2024.4/bin/gmx
Data prefix:  /opt/gromacs-2024.4
Working dir:  /home/bio/Desktop/jupyter_test/jupyter_test/output_files_20241119_133252
Process ID:   15471
Command line:
  gmx mdrun -ntmpi 1 -ntomp 8 -nb gpu -pme gpu -bonded gpu -update gpu -s system_SAMD_MD.tpr -c system_Compl_MDstart.gro -cpo state_SAMD_MD.cpt -x traj_SAMD_MD.xtc -e SAMD.edr -v

GROMACS version:     2024.4
Precision:           mixed
Memory model:        64 bit
MPI library:         thread_mpi
OpenMP support:      enabled (GMX_OPENMP_MAX_THREADS = 128)
GPU support:         CUDA
NBNxM GPU setup:     super-cluster 2x2x2 / cluster 8
SIMD instructions:   AVX2_256
CPU FFT library:     fftw-3.3.8-sse2-avx
GPU FFT library:     cuFFT
Multi-GPU FFT:       none
RDTSCP usage:        enabled
TNG support:         enabled
Hwloc support:       hwloc-2.5.0
Tracing support:     disabled
C compiler:          /usr/bin/cc GNU 10.5.0
C compiler flags:    -fexcess-precision=fast -funroll-all-loops -mavx2 -mfma -Wno-missing-field-initializers -O3 -DNDEBUG
C++ compiler:        /usr/bin/c++ GNU 10.5.0
C++ compiler flags:  -fexcess-precision=fast -funroll-all-loops -mavx2 -mfma -Wno-missing-field-initializers -Wno-cast-function-type-strict SHELL:-fopenmp -O3 -DNDEBUG
BLAS library:        External - detected on the system
LAPACK library:      External - detected on the system
CUDA compiler:       /usr/local/cuda/bin/nvcc nvcc: NVIDIA (R) Cuda compiler driver;Copyright (c) 2005-2023 NVIDIA Corporation;Built on Tue_Jun_13_19:16:58_PDT_2023;Cuda compilation tools, release 12.2, V12.2.91;Build cuda_12.2.r12.2/compiler.32965470_0
CUDA compiler flags:-std=c++17;--generate-code=arch=compute_50,code=sm_50;--generate-code=arch=compute_52,code=sm_52;--generate-code=arch=compute_60,code=sm_60;--generate-code=arch=compute_61,code=sm_61;--generate-code=arch=compute_70,code=sm_70;--generate-code=arch=compute_75,code=sm_75;--generate-code=arch=compute_80,code=sm_80;--generate-code=arch=compute_86,code=sm_86;--generate-code=arch=compute_89,code=sm_89;--generate-code=arch=compute_90,code=sm_90;-Wno-deprecated-gpu-targets;--generate-code=arch=compute_53,code=sm_53;--generate-code=arch=compute_80,code=sm_80;-use_fast_math;-Xptxas;-warn-double-usage;-Xptxas;-Werror;-D_FORCE_INLINES;-Xcompiler;-fopenmp;-fexcess-precision=fast -funroll-all-loops -mavx2 -mfma -Wno-missing-field-initializers -Wno-cast-function-type-strict SHELL:-fopenmp -O3 -DNDEBUG
CUDA driver:         12.20
CUDA runtime:        12.20


Running on 1 node with total 24 cores, 32 processing units, 1 compatible GPU
Hardware detected on host SA264-04:
  CPU info:
    Vendor: Intel
    Brand:  13th Gen Intel(R) Core(TM) i9-13900K
    Family: 6   Model: 183   Stepping: 1
    Features: aes apic avx avx2 clfsh cmov cx8 cx16 f16c fma htt intel lahf mmx msr nonstop_tsc pcid pclmuldq pdcm pdpe1gb popcnt pse rdrnd rdtscp sha sse2 sse3 sse4.1 sse4.2 ssse3 tdt x2apic
  Hardware topology: Full, with devices
    Packages, cores, and logical processors:
    [indices refer to OS logical processors]
      Package  0: [   0   1] [   2   3] [   4   5] [   6   7] [   8   9] [  10  11] [  12  13] [  14  15] [  16] [  17] [  18] [  19] [  20] [  21] [  22] [  23] [  24] [  25] [  26] [  27] [  28] [  29] [  30] [  31]
    CPU limit set by OS: -1   Recommended max number of threads: 32
    Numa nodes:
      Node  0 (67088379904 bytes mem):   0   1   2   3   4   5   6   7   8   9  10  11  12  13  14  15  16  17  18  19  20  21  22  23  24  25  26  27  28  29  30  31
      Latency:
               0
         0  1.00
    Caches:
      L1: 49152 bytes, linesize 64 bytes, assoc. 12, shared 2 ways
      L2: 2097152 bytes, linesize 64 bytes, assoc. 16, shared 2 ways
      L3: 37748736 bytes, linesize 64 bytes, assoc. 12, shared 32 ways
    PCI devices:
      0000:01:00.0  Id: 10de:2685  Class: 0x0300  Numa: 0
      0000:00:02.0  Id: 8086:a780  Class: 0x0380  Numa: 0
      0000:00:0e.0  Id: 8086:a77f  Class: 0x0104  Numa: 0
      0000:00:1f.6  Id: 8086:1a1c  Class: 0x0200  Numa: 0
  GPU info:
    Number of GPUs detected: 1
    #0: NVIDIA NVIDIA GeForce RTX 4090 D, compute cap.: 8.9, ECC:  no, stat: compatible


++++ PLEASE READ AND CITE THE FOLLOWING REFERENCE ++++
M. J. Abraham, T. Murtola, R. Schulz, S. Páll, J. C. Smith, B. Hess, E.
Lindahl
GROMACS: High performance molecular simulations through multi-level
parallelism from laptops to supercomputers
SoftwareX 1 (2015) pp. 19-25
-------- -------- --- Thank You --- -------- --------


++++ PLEASE READ AND CITE THE FOLLOWING REFERENCE ++++
S. Páll, M. J. Abraham, C. Kutzner, B. Hess, E. Lindahl
Tackling Exascale Software Challenges in Molecular Dynamics Simulations with
GROMACS
In S. Markidis & E. Laure (Eds.), Solving Software Challenges for Exascale 8759 (2015) pp. 3-27
-------- -------- --- Thank You --- -------- --------


++++ PLEASE READ AND CITE THE FOLLOWING REFERENCE ++++
S. Pronk, S. Páll, R. Schulz, P. Larsson, P. Bjelkmar, R. Apostolov, M. R.
Shirts, J. C. Smith, P. M. Kasson, D. van der Spoel, B. Hess, and E. Lindahl
GROMACS 4.5: a high-throughput and highly parallel open source molecular
simulation toolkit
Bioinformatics 29 (2013) pp. 845-54
-------- -------- --- Thank You --- -------- --------


++++ PLEASE READ AND CITE THE FOLLOWING REFERENCE ++++
B. Hess and C. Kutzner and D. van der Spoel and E. Lindahl
GROMACS 4: Algorithms for highly efficient, load-balanced, and scalable
molecular simulation
J. Chem. Theory Comput. 4 (2008) pp. 435-447
-------- -------- --- Thank You --- -------- --------


++++ PLEASE READ AND CITE THE FOLLOWING REFERENCE ++++
D. van der Spoel, E. Lindahl, B. Hess, G. Groenhof, A. E. Mark and H. J. C.
Berendsen
GROMACS: Fast, Flexible and Free
J. Comp. Chem. 26 (2005) pp. 1701-1719
-------- -------- --- Thank You --- -------- --------


++++ PLEASE READ AND CITE THE FOLLOWING REFERENCE ++++
E. Lindahl and B. Hess and D. van der Spoel
GROMACS 3.0: A package for molecular simulation and trajectory analysis
J. Mol. Mod. 7 (2001) pp. 306-317
-------- -------- --- Thank You --- -------- --------


++++ PLEASE READ AND CITE THE FOLLOWING REFERENCE ++++
H. J. C. Berendsen, D. van der Spoel and R. van Drunen
GROMACS: A message-passing parallel molecular dynamics implementation
Comp. Phys. Comm. 91 (1995) pp. 43-56
-------- -------- --- Thank You --- -------- --------


++++ PLEASE CITE THE DOI FOR THIS VERSION OF GROMACS ++++
https://doi.org/10.5281/zenodo.14016590
-------- -------- --- Thank You --- -------- --------

Input Parameters:
   integrator                     = md
   tinit                          = 0
   dt                             = 0.002
   nsteps                         = 175000
   init-step                      = 0
   simulation-part                = 1
   mts                            = false
   mass-repartition-factor        = 1
   comm-mode                      = None
   nstcomm                        = 0
   bd-fric                        = 0
   ld-seed                        = -17338690
   emtol                          = 10
   emstep                         = 0.01
   niter                          = 20
   fcstep                         = 0
   nstcgsteep                     = 1000
   nbfgscorr                      = 10
   rtpi                           = 0.05
   nstxout                        = 0
   nstvout                        = 0
   nstfout                        = 0
   nstlog                         = 3500
   nstcalcenergy                  = 100
   nstenergy                      = 3500
   nstxout-compressed             = 3500
   compressed-x-precision         = 1000
   cutoff-scheme                  = Verlet
   nstlist                        = 20
   pbc                            = xyz
   periodic-molecules             = false
   verlet-buffer-tolerance        = 0.005
   verlet-buffer-pressure-tolerance = 0.5
   rlist                          = 1.007
   coulombtype                    = PME
   coulomb-modifier               = Potential-shift
   rcoulomb-switch                = 0
   rcoulomb                       = 1
   epsilon-r                      = 1
   epsilon-rf                     = inf
   vdw-type                       = Cut-off
   vdw-modifier                   = Potential-shift
   rvdw-switch                    = 1
   rvdw                           = 1
   DispCorr                       = EnerPres
   table-extension                = 1
   fourierspacing                 = 0.125
   fourier-nx                     = 80
   fourier-ny                     = 72
   fourier-nz                     = 80
   pme-order                      = 4
   ewald-rtol                     = 1e-06
   ewald-rtol-lj                  = 0.001
   lj-pme-comb-rule               = Geometric
   ewald-geometry                 = 3d
   epsilon-surface                = 0
   ensemble-temperature-setting   = not available
   tcoupl                         = V-rescale
   nsttcouple                     = 10
   nh-chain-length                = 0
   print-nose-hoover-chain-variables = false
   pcoupl                         = Berendsen
   pcoupltype                     = Isotropic
   nstpcouple                     = 100
   tau-p                          = 2
   compressibility (3x3):
      compressibility[    0]={ 4.50000e-05,  0.00000e+00,  0.00000e+00}
      compressibility[    1]={ 0.00000e+00,  4.50000e-05,  0.00000e+00}
      compressibility[    2]={ 0.00000e+00,  0.00000e+00,  4.50000e-05}
   ref-p (3x3):
      ref-p[    0]={ 1.00000e+00,  0.00000e+00,  0.00000e+00}
      ref-p[    1]={ 0.00000e+00,  1.00000e+00,  0.00000e+00}
      ref-p[    2]={ 0.00000e+00,  0.00000e+00,  1.00000e+00}
   refcoord-scaling               = All
   posres-com (3):
      posres-com[0]= 0.00000e+00
      posres-com[1]= 0.00000e+00
      posres-com[2]= 0.00000e+00
   posres-comB (3):
      posres-comB[0]= 0.00000e+00
      posres-comB[1]= 0.00000e+00
      posres-comB[2]= 0.00000e+00
   QMMM                           = false
qm-opts:
   ngQM                           = 0
   constraint-algorithm           = Lincs
   continuation                   = true
   Shake-SOR                      = false
   shake-tol                      = 0.0001
   lincs-order                    = 4
   lincs-iter                     = 1
   lincs-warnangle                = 30
   nwall                          = 0
   wall-type                      = 9-3
   wall-r-linpot                  = -1
   wall-atomtype[0]               = -1
   wall-atomtype[1]               = -1
   wall-density[0]                = 0
   wall-density[1]                = 0
   wall-ewald-zfac                = 3
   pull                           = false
   awh                            = false
   rotation                       = false
   interactiveMD                  = false
   disre                          = No
   disre-weighting                = Conservative
   disre-mixed                    = false
   dr-fc                          = 1000
   dr-tau                         = 0
   nstdisreout                    = 100
   orire-fc                       = 0
   orire-tau                      = 0
   nstorireout                    = 100
   free-energy                    = no
   cos-acceleration               = 0
   deform (3x3):
      deform[    0]={ 0.00000e+00,  0.00000e+00,  0.00000e+00}
      deform[    1]={ 0.00000e+00,  0.00000e+00,  0.00000e+00}
      deform[    2]={ 0.00000e+00,  0.00000e+00,  0.00000e+00}
   simulated-tempering            = false
   swapcoords                     = no
   userint1                       = 0
   userint2                       = 0
   userint3                       = 0
   userint4                       = 0
   userreal1                      = 0
   userreal2                      = 0
   userreal3                      = 0
   userreal4                      = 0
   applied-forces:
     electric-field:
       x:
         E0                       = 0
         omega                    = 0
         t0                       = 0
         sigma                    = 0
       y:
         E0                       = 0
         omega                    = 0
         t0                       = 0
         sigma                    = 0
       z:
         E0                       = 0
         omega                    = 0
         t0                       = 0
         sigma                    = 0
     density-guided-simulation:
       active                     = false
       group                      = protein
       similarity-measure         = inner-product
       atom-spreading-weight      = unity
       force-constant             = 1e+09
       gaussian-transform-spreading-width = 0.2
       gaussian-transform-spreading-range-in-multiples-of-width = 4
       reference-density-filename = reference.mrc
       nst                        = 1
       normalize-densities        = true
       adaptive-force-scaling     = false
       adaptive-force-scaling-time-constant = 4
       shift-vector               = 
       transformation-matrix      = 
     qmmm-cp2k:
       active                     = false
       qmgroup                    = System
       qmmethod                   = PBE
       qmfilenames                = 
       qmcharge                   = 0
       qmmultiplicity             = 1
     colvars:
       active                     = false
       configfile                 = 
       seed                       = -1
grpopts:
   nrdf:       16088      139209
   ref-t:         310         310
   tau-t:         0.1         0.1
annealing:      Single      Single
annealing-npoints:           4           4
annealing-time [0]:	         0.0       100.0       150.0       250.0
annealing-temp [0]:	       310.0       380.0       380.0       310.0
annealing-time [1]:	         0.0       100.0       150.0       250.0
annealing-temp [1]:	       310.0       380.0       380.0       310.0
   acc:	           0           0           0
   nfreeze:           N           N           N
   energygrp-flags[  0]: 0

Changing nstlist from 20 to 100, rlist from 1.007 to 1.176

When checking whether update groups are usable:
  Domain decomposition is not active, so there is no need for update groups
1 GPU selected for this run.
Mapping of GPU IDs to the 2 GPU tasks in the 1 rank on this node:
  PP:0,PME:0
PP tasks will do (non-perturbed) short-ranged and most bonded interactions on the GPU
PP task will update and constrain coordinates on the GPU
PME tasks will do all aspects on the GPU
Using 1 MPI thread
Using 8 OpenMP threads 

System total charge: -0.000
Will do PME sum in reciprocal space for electrostatic interactions.

++++ PLEASE READ AND CITE THE FOLLOWING REFERENCE ++++
U. Essmann, L. Perera, M. L. Berkowitz, T. Darden, H. Lee and L. G. Pedersen 
A smooth particle mesh Ewald method
J. Chem. Phys. 103 (1995) pp. 8577-8592
-------- -------- --- Thank You --- -------- --------

Using a Gaussian width (1/beta) of 0.289108 nm for Ewald
Potential shift: LJ r^-12: -1.000e+00 r^-6: -1.000e+00, Ewald -1.000e-06
Initialized non-bonded Coulomb Ewald tables, spacing: 8.87e-04 size: 1129

Generated table with 1088 data points for 1-4 COUL.
Tabscale = 500 points/nm
Generated table with 1088 data points for 1-4 LJ6.
Tabscale = 500 points/nm
Generated table with 1088 data points for 1-4 LJ12.
Tabscale = 500 points/nm
Long Range LJ corr.: <C6> 3.1597e-04


Using GPU 8x8 nonbonded short-range kernels

Using a dual 8x8 pair-list setup updated with dynamic, rolling pruning:
  outer list: updated every 100 steps, buffer 0.176 nm, rlist 1.176 nm
  inner list: updated every   8 steps, buffer 0.001 nm, rlist 1.001 nm
At tolerance 0.005 kJ/mol/ps per atom, equivalent classical 1x1 list would be:
  outer list: updated every 100 steps, buffer 0.248 nm, rlist 1.248 nm
  inner list: updated every   8 steps, buffer 0.033 nm, rlist 1.033 nm

The average pressure is off by at most 0.55 bar due to missing LJ interactions

Using Lorentz-Berthelot Lennard-Jones combination rule

NOTE: The number of threads is not equal to the number of (logical) cpus
      and the -pin option is set to auto: will not pin threads to cpus.
      This can lead to significant performance degradation.
      Consider using -pin on (and -pinoffset in case you run multiple jobs).

Initializing LINear Constraint Solver

++++ PLEASE READ AND CITE THE FOLLOWING REFERENCE ++++
B. Hess and H. Bekker and H. J. C. Berendsen and J. G. E. M. Fraaije
LINCS: A Linear Constraint Solver for molecular simulations
J. Comp. Chem. 18 (1997) pp. 1463-1472
-------- -------- --- Thank You --- -------- --------

The number of constraints is 3106

++++ PLEASE READ AND CITE THE FOLLOWING REFERENCE ++++
S. Miyamoto and P. A. Kollman
SETTLE: An Analytical Version of the SHAKE and RATTLE Algorithms for Rigid
Water Models
J. Comp. Chem. 13 (1992) pp. 952-962
-------- -------- --- Thank You --- -------- --------


++++ PLEASE READ AND CITE THE FOLLOWING REFERENCE ++++
G. Bussi, D. Donadio and M. Parrinello
Canonical sampling through velocity rescaling
J. Chem. Phys. 126 (2007) pp. 014101
-------- -------- --- Thank You --- -------- --------

There are: 76002 Atoms

Updating coordinates and applying constraints on the GPU.

Started mdrun on rank 0 Tue Nov 19 13:33:59 2024

           Step           Time
              0        0.00000

Current ref_t for group Protein:    310.0
Current ref_t for group non-Protein:    310.0

   Energies (kJ/mol)
           Bond          Angle    Proper Dih. Per. Imp. Dih.          LJ-14
    5.27796e+03    1.31023e+04    1.59030e+04    8.15018e+02    6.17983e+03
     Coulomb-14        LJ (SR)  Disper. corr.   Coulomb (SR)   Coul. recip.
    6.20024e+04    1.27027e+05   -9.95625e+03   -1.20436e+06    1.05034e+04
      Potential    Kinetic En.   Total Energy  Conserved En.    Temperature
   -9.73509e+05    2.01316e+05   -7.72193e+05   -7.72204e+05    3.11826e+02
 Pres. DC (bar) Pressure (bar)   Constr. rmsd
   -2.15825e+02    2.01528e+01    0.00000e+00

           Step           Time
           3500        7.00000

Current ref_t for group Protein:    314.9
Current ref_t for group non-Protein:    314.9

   Energies (kJ/mol)
           Bond          Angle    Proper Dih. Per. Imp. Dih.          LJ-14
    5.55086e+03    1.33685e+04    1.60445e+04    8.39258e+02    6.03859e+03
     Coulomb-14        LJ (SR)  Disper. corr.   Coulomb (SR)   Coul. recip.
    6.18477e+04    1.25371e+05   -9.92619e+03   -1.19486e+06    1.09259e+04
      Potential    Kinetic En.   Total Energy  Conserved En.    Temperature
   -9.64798e+05    2.02696e+05   -7.62103e+05   -7.72781e+05    3.13962e+02
 Pres. DC (bar) Pressure (bar)   Constr. rmsd
   -2.14526e+02   -9.82263e+01    0.00000e+00

           Step           Time
           7000       14.00000

Current ref_t for group Protein:    319.8
Current ref_t for group non-Protein:    319.8

   Energies (kJ/mol)
           Bond          Angle    Proper Dih. Per. Imp. Dih.          LJ-14
    5.37092e+03    1.32852e+04    1.60974e+04    8.32352e+02    6.17614e+03
     Coulomb-14        LJ (SR)  Disper. corr.   Coulomb (SR)   Coul. recip.
    6.13969e+04    1.24819e+05   -9.89065e+03   -1.19035e+06    1.11134e+04
      Potential    Kinetic En.   Total Energy  Conserved En.    Temperature
   -9.61152e+05    2.07294e+05   -7.53858e+05   -7.72932e+05    3.21085e+02
 Pres. DC (bar) Pressure (bar)   Constr. rmsd
   -2.12994e+02    3.37668e+01    0.00000e+00

           Step           Time
          10500       21.00000

Current ref_t for group Protein:    324.7
Current ref_t for group non-Protein:    324.7

   Energies (kJ/mol)
           Bond          Angle    Proper Dih. Per. Imp. Dih.          LJ-14
    5.41818e+03    1.41372e+04    1.61730e+04    8.71057e+02    6.04581e+03
     Coulomb-14        LJ (SR)  Disper. corr.   Coulomb (SR)   Coul. recip.
    6.18438e+04    1.23374e+05   -9.83024e+03   -1.18192e+06    1.12106e+04
      Potential    Kinetic En.   Total Energy  Conserved En.    Temperature
   -9.52676e+05    2.09405e+05   -7.43270e+05   -7.72869e+05    3.24355e+02
 Pres. DC (bar) Pressure (bar)   Constr. rmsd
   -2.10403e+02   -7.46521e+00    0.00000e+00

           Step           Time
          14000       28.00000

Current ref_t for group Protein:    329.6
Current ref_t for group non-Protein:    329.6

   Energies (kJ/mol)
           Bond          Angle    Proper Dih. Per. Imp. Dih.          LJ-14
    5.36955e+03    1.39353e+04    1.62278e+04    9.11977e+02    6.19165e+03
     Coulomb-14        LJ (SR)  Disper. corr.   Coulomb (SR)   Coul. recip.
    6.18488e+04    1.21382e+05   -9.79681e+03   -1.17414e+06    1.14272e+04
      Potential    Kinetic En.   Total Energy  Conserved En.    Temperature
   -9.46646e+05    2.12544e+05   -7.34101e+05   -7.72906e+05    3.29217e+02
 Pres. DC (bar) Pressure (bar)   Constr. rmsd
   -2.08976e+02    4.46519e+01    0.00000e+00

           Step           Time
          17500       35.00000

Current ref_t for group Protein:    334.5
Current ref_t for group non-Protein:    334.5

   Energies (kJ/mol)
           Bond          Angle    Proper Dih. Per. Imp. Dih.          LJ-14
    5.69979e+03    1.39751e+04    1.63159e+04    9.30099e+02    6.13590e+03
     Coulomb-14        LJ (SR)  Disper. corr.   Coulomb (SR)   Coul. recip.
    6.18948e+04    1.19228e+05   -9.74106e+03   -1.16548e+06    1.17003e+04
      Potential    Kinetic En.   Total Energy  Conserved En.    Temperature
   -9.39347e+05    2.15652e+05   -7.23694e+05   -7.72837e+05    3.34031e+02
 Pres. DC (bar) Pressure (bar)   Constr. rmsd
   -2.06607e+02   -3.69119e+01    0.00000e+00

step 19300: timed with pme grid 80 72 80, coulomb cutoff 1.000: 76.5 M-cycles
step 19500: timed with pme grid 72 64 72, coulomb cutoff 1.078: 85.4 M-cycles
step 19700: timed with pme grid 64 56 64, coulomb cutoff 1.213: 97.9 M-cycles
step 19900: timed with pme grid 64 60 72, coulomb cutoff 1.164: 106.8 M-cycles
step 20100: timed with pme grid 72 60 72, coulomb cutoff 1.132: 94.8 M-cycles
step 20300: timed with pme grid 72 64 72, coulomb cutoff 1.078: 89.8 M-cycles
step 20500: timed with pme grid 72 64 80, coulomb cutoff 1.062: 85.7 M-cycles
step 20700: timed with pme grid 72 72 80, coulomb cutoff 1.035: 82.9 M-cycles
step 20900: timed with pme grid 80 72 80, coulomb cutoff 1.000: 79.8 M-cycles
              optimal pme grid 80 72 80, coulomb cutoff 1.000
           Step           Time
          21000       42.00000

Current ref_t for group Protein:    339.4
Current ref_t for group non-Protein:    339.4

   Energies (kJ/mol)
           Bond          Angle    Proper Dih. Per. Imp. Dih.          LJ-14
    5.54856e+03    1.45224e+04    1.64008e+04    9.21702e+02    6.15085e+03
     Coulomb-14        LJ (SR)  Disper. corr.   Coulomb (SR)   Coul. recip.
    6.18576e+04    1.18057e+05   -9.70812e+03   -1.15962e+06    1.19167e+04
      Potential    Kinetic En.   Total Energy  Conserved En.    Temperature
   -9.33957e+05    2.18773e+05   -7.15183e+05   -7.72907e+05    3.38866e+02
 Pres. DC (bar) Pressure (bar)   Constr. rmsd
   -2.05214e+02    7.69352e+01    0.00000e+00

           Step           Time
          24500       49.00000

Current ref_t for group Protein:    344.3
Current ref_t for group non-Protein:    344.3

   Energies (kJ/mol)
           Bond          Angle    Proper Dih. Per. Imp. Dih.          LJ-14
    5.79208e+03    1.45741e+04    1.62217e+04    9.66923e+02    6.06335e+03
     Coulomb-14        LJ (SR)  Disper. corr.   Coulomb (SR)   Coul. recip.
    6.18580e+04    1.14838e+05   -9.66459e+03   -1.14949e+06    1.22558e+04
      Potential    Kinetic En.   Total Energy  Conserved En.    Temperature
   -9.26585e+05    2.22576e+05   -7.04009e+05   -7.72735e+05    3.44755e+02
 Pres. DC (bar) Pressure (bar)   Constr. rmsd
   -2.03380e+02   -2.00489e+02    0.00000e+00

           Step           Time
          28000       56.00000

Current ref_t for group Protein:    349.2
Current ref_t for group non-Protein:    349.2

   Energies (kJ/mol)
           Bond          Angle    Proper Dih. Per. Imp. Dih.          LJ-14
    6.03611e+03    1.46919e+04    1.64101e+04    9.42364e+02    6.20756e+03
     Coulomb-14        LJ (SR)  Disper. corr.   Coulomb (SR)   Coul. recip.
    6.18806e+04    1.16628e+05   -9.60473e+03   -1.14658e+06    1.23676e+04
      Potential    Kinetic En.   Total Energy  Conserved En.    Temperature
   -9.21023e+05    2.27628e+05   -6.93394e+05   -7.72926e+05    3.52581e+02
 Pres. DC (bar) Pressure (bar)   Constr. rmsd
   -2.00872e+02    1.29105e+02    0.00000e+00

           Step           Time
          31500       63.00000

Current ref_t for group Protein:    354.1
Current ref_t for group non-Protein:    354.1

   Energies (kJ/mol)
           Bond          Angle    Proper Dih. Per. Imp. Dih.          LJ-14
    5.76381e+03    1.48525e+04    1.63357e+04    9.87203e+02    6.30303e+03
     Coulomb-14        LJ (SR)  Disper. corr.   Coulomb (SR)   Coul. recip.
    6.19866e+04    1.13326e+05   -9.55923e+03   -1.13739e+06    1.25774e+04
      Potential    Kinetic En.   Total Energy  Conserved En.    Temperature
   -9.14818e+05    2.28420e+05   -6.86398e+05   -7.72966e+05    3.53808e+02
 Pres. DC (bar) Pressure (bar)   Constr. rmsd
   -1.98975e+02    1.77439e+02    0.00000e+00

           Step           Time
          35000       70.00000

Current ref_t for group Protein:    359.0
Current ref_t for group non-Protein:    359.0

   Energies (kJ/mol)
           Bond          Angle    Proper Dih. Per. Imp. Dih.          LJ-14
    5.88392e+03    1.45937e+04    1.64504e+04    9.41186e+02    6.32523e+03
     Coulomb-14        LJ (SR)  Disper. corr.   Coulomb (SR)   Coul. recip.
    6.20064e+04    1.13487e+05   -9.50213e+03   -1.13343e+06    1.25620e+04
      Potential    Kinetic En.   Total Energy  Conserved En.    Temperature
   -9.10684e+05    2.32183e+05   -6.78500e+05   -7.72983e+05    3.59636e+02
 Pres. DC (bar) Pressure (bar)   Constr. rmsd
   -1.96609e+02    1.54507e+02    0.00000e+00

           Step           Time
          38500       77.00000

Current ref_t for group Protein:    363.9
Current ref_t for group non-Protein:    363.9

   Energies (kJ/mol)
           Bond          Angle    Proper Dih. Per. Imp. Dih.          LJ-14
    5.97099e+03    1.50189e+04    1.65517e+04    9.84789e+02    6.35472e+03
     Coulomb-14        LJ (SR)  Disper. corr.   Coulomb (SR)   Coul. recip.
    6.15608e+04    1.10843e+05   -9.43399e+03   -1.12259e+06    1.30029e+04
      Potential    Kinetic En.   Total Energy  Conserved En.    Temperature
   -9.01737e+05    2.36499e+05   -6.65238e+05   -7.73046e+05    3.66322e+02
 Pres. DC (bar) Pressure (bar)   Constr. rmsd
   -1.93802e+02    2.36491e+02    0.00000e+00

           Step           Time
          42000       84.00000

Current ref_t for group Protein:    368.8
Current ref_t for group non-Protein:    368.8

   Energies (kJ/mol)
           Bond          Angle    Proper Dih. Per. Imp. Dih.          LJ-14
    6.19116e+03    1.49214e+04    1.64776e+04    1.06784e+03    6.14268e+03
     Coulomb-14        LJ (SR)  Disper. corr.   Coulomb (SR)   Coul. recip.
    6.15672e+04    1.07698e+05   -9.37443e+03   -1.11253e+06    1.32771e+04
      Potential    Kinetic En.   Total Energy  Conserved En.    Temperature
   -8.94558e+05    2.38667e+05   -6.55892e+05   -7.72893e+05    3.69679e+02
 Pres. DC (bar) Pressure (bar)   Constr. rmsd
   -1.91366e+02    1.28264e+01    0.00000e+00

           Step           Time
          45500       91.00000

Current ref_t for group Protein:    373.7
Current ref_t for group non-Protein:    373.7

   Energies (kJ/mol)
           Bond          Angle    Proper Dih. Per. Imp. Dih.          LJ-14
    6.33450e+03    1.56963e+04    1.63185e+04    9.71540e+02    6.24379e+03
     Coulomb-14        LJ (SR)  Disper. corr.   Coulomb (SR)   Coul. recip.
    6.18886e+04    1.08551e+05   -9.33184e+03   -1.10780e+06    1.35929e+04
      Potential    Kinetic En.   Total Energy  Conserved En.    Temperature
   -8.87536e+05    2.41790e+05   -6.45746e+05   -7.72931e+05    3.74516e+02
 Pres. DC (bar) Pressure (bar)   Constr. rmsd
   -1.89633e+02    1.50085e+02    0.00000e+00

           Step           Time
          49000       98.00000

Current ref_t for group Protein:    378.6
Current ref_t for group non-Protein:    378.6

   Energies (kJ/mol)
           Bond          Angle    Proper Dih. Per. Imp. Dih.          LJ-14
    5.96662e+03    1.56724e+04    1.66083e+04    9.91652e+02    6.23111e+03
     Coulomb-14        LJ (SR)  Disper. corr.   Coulomb (SR)   Coul. recip.
    6.19978e+04    1.04474e+05   -9.27691e+03   -1.09850e+06    1.38445e+04
      Potential    Kinetic En.   Total Energy  Conserved En.    Temperature
   -8.81988e+05    2.43979e+05   -6.38010e+05   -7.72828e+05    3.77907e+02
 Pres. DC (bar) Pressure (bar)   Constr. rmsd
   -1.87411e+02   -3.26275e+01    0.00000e+00

           Step           Time
          52500      105.00000

Current ref_t for group Protein:    380.0
Current ref_t for group non-Protein:    380.0

   Energies (kJ/mol)
           Bond          Angle    Proper Dih. Per. Imp. Dih.          LJ-14
    6.26492e+03    1.53567e+04    1.67016e+04    1.00012e+03    6.35019e+03
     Coulomb-14        LJ (SR)  Disper. corr.   Coulomb (SR)   Coul. recip.
    6.15318e+04    1.03787e+05   -9.25337e+03   -1.09593e+06    1.39093e+04
      Potential    Kinetic En.   Total Energy  Conserved En.    Temperature
   -8.80284e+05    2.46327e+05   -6.33957e+05   -7.72891e+05    3.81544e+02
 Pres. DC (bar) Pressure (bar)   Constr. rmsd
   -1.86462e+02    2.68066e+01    0.00000e+00

           Step           Time
          56000      112.00000

Current ref_t for group Protein:    380.0
Current ref_t for group non-Protein:    380.0

   Energies (kJ/mol)
           Bond          Angle    Proper Dih. Per. Imp. Dih.          LJ-14
    6.16972e+03    1.55207e+04    1.66752e+04    1.04498e+03    6.35016e+03
     Coulomb-14        LJ (SR)  Disper. corr.   Coulomb (SR)   Coul. recip.
    6.18961e+04    1.03650e+05   -9.20917e+03   -1.09520e+06    1.41006e+04
      Potential    Kinetic En.   Total Energy  Conserved En.    Temperature
   -8.79001e+05    2.46157e+05   -6.32844e+05   -7.72828e+05    3.81280e+02
 Pres. DC (bar) Pressure (bar)   Constr. rmsd
   -1.84687e+02   -3.39083e+01    0.00000e+00

           Step           Time
          59500      119.00000

Current ref_t for group Protein:    380.0
Current ref_t for group non-Protein:    380.0

   Energies (kJ/mol)
           Bond          Angle    Proper Dih. Per. Imp. Dih.          LJ-14
    6.20339e+03    1.58342e+04    1.66085e+04    1.03477e+03    6.32098e+03
     Coulomb-14        LJ (SR)  Disper. corr.   Coulomb (SR)   Coul. recip.
    6.16946e+04    1.03216e+05   -9.21671e+03   -1.09276e+06    1.41120e+04
      Potential    Kinetic En.   Total Energy  Conserved En.    Temperature
   -8.76948e+05    2.44923e+05   -6.32026e+05   -7.72821e+05    3.79369e+02
 Pres. DC (bar) Pressure (bar)   Constr. rmsd
   -1.84989e+02   -8.22856e+00    0.00000e+00

           Step           Time
          63000      126.00000

Current ref_t for group Protein:    380.0
Current ref_t for group non-Protein:    380.0

   Energies (kJ/mol)
           Bond          Angle    Proper Dih. Per. Imp. Dih.          LJ-14
    6.13561e+03    1.59787e+04    1.65597e+04    1.03158e+03    6.37051e+03
     Coulomb-14        LJ (SR)  Disper. corr.   Coulomb (SR)   Coul. recip.
    6.15325e+04    1.04957e+05   -9.21351e+03   -1.09590e+06    1.38519e+04
      Potential    Kinetic En.   Total Energy  Conserved En.    Temperature
   -8.78692e+05    2.47298e+05   -6.31394e+05   -7.72937e+05    3.83048e+02
 Pres. DC (bar) Pressure (bar)   Constr. rmsd
   -1.84861e+02    1.34211e+02    0.00000e+00

           Step           Time
          66500      133.00000

Current ref_t for group Protein:    380.0
Current ref_t for group non-Protein:    380.0

   Energies (kJ/mol)
           Bond          Angle    Proper Dih. Per. Imp. Dih.          LJ-14
    6.09809e+03    1.59105e+04    1.66912e+04    9.64129e+02    6.31503e+03
     Coulomb-14        LJ (SR)  Disper. corr.   Coulomb (SR)   Coul. recip.
    6.20807e+04    1.04704e+05   -9.21583e+03   -1.09644e+06    1.39068e+04
      Potential    Kinetic En.   Total Energy  Conserved En.    Temperature
   -8.78982e+05    2.45608e+05   -6.33374e+05   -7.72755e+05    3.80430e+02
 Pres. DC (bar) Pressure (bar)   Constr. rmsd
   -1.84954e+02   -4.19939e+01    0.00000e+00

           Step           Time
          70000      140.00000

Current ref_t for group Protein:    380.0
Current ref_t for group non-Protein:    380.0

   Energies (kJ/mol)
           Bond          Angle    Proper Dih. Per. Imp. Dih.          LJ-14
    6.26251e+03    1.57427e+04    1.64606e+04    9.94247e+02    6.09684e+03
     Coulomb-14        LJ (SR)  Disper. corr.   Coulomb (SR)   Coul. recip.
    6.16552e+04    1.05890e+05   -9.23090e+03   -1.09877e+06    1.38651e+04
      Potential    Kinetic En.   Total Energy  Conserved En.    Temperature
   -8.81038e+05    2.44799e+05   -6.36239e+05   -7.72796e+05    3.79178e+02
 Pres. DC (bar) Pressure (bar)   Constr. rmsd
   -1.85558e+02   -1.80061e+01    0.00000e+00

           Step           Time
          73500      147.00000

Current ref_t for group Protein:    380.0
Current ref_t for group non-Protein:    380.0

   Energies (kJ/mol)
           Bond          Angle    Proper Dih. Per. Imp. Dih.          LJ-14
    6.52192e+03    1.60434e+04    1.67050e+04    9.82456e+02    6.36369e+03
     Coulomb-14        LJ (SR)  Disper. corr.   Coulomb (SR)   Coul. recip.
    6.16812e+04    1.04419e+05   -9.23592e+03   -1.09517e+06    1.39392e+04
      Potential    Kinetic En.   Total Energy  Conserved En.    Temperature
   -8.77746e+05    2.47286e+05   -6.30460e+05   -7.72769e+05    3.83030e+02
 Pres. DC (bar) Pressure (bar)   Constr. rmsd
   -1.85760e+02   -4.10283e+01    0.00000e+00

           Step           Time
          77000      154.00000

Current ref_t for group Protein:    377.2
Current ref_t for group non-Protein:    377.2

   Energies (kJ/mol)
           Bond          Angle    Proper Dih. Per. Imp. Dih.          LJ-14
    6.23357e+03    1.56954e+04    1.65169e+04    9.92445e+02    6.19661e+03
     Coulomb-14        LJ (SR)  Disper. corr.   Coulomb (SR)   Coul. recip.
    6.18051e+04    1.05907e+05   -9.23754e+03   -1.09912e+06    1.42211e+04
      Potential    Kinetic En.   Total Energy  Conserved En.    Temperature
   -8.80787e+05    2.44554e+05   -6.36233e+05   -7.72831e+05    3.78798e+02
 Pres. DC (bar) Pressure (bar)   Constr. rmsd
   -1.85825e+02   -7.29693e+00    0.00000e+00

           Step           Time
          80500      161.00000

Current ref_t for group Protein:    372.3
Current ref_t for group non-Protein:    372.3

   Energies (kJ/mol)
           Bond          Angle    Proper Dih. Per. Imp. Dih.          LJ-14
    6.04729e+03    1.54688e+04    1.64991e+04    9.55816e+02    6.25389e+03
     Coulomb-14        LJ (SR)  Disper. corr.   Coulomb (SR)   Coul. recip.
    6.15690e+04    1.06561e+05   -9.29089e+03   -1.10622e+06    1.36117e+04
      Potential    Kinetic En.   Total Energy  Conserved En.    Temperature
   -8.88543e+05    2.40738e+05   -6.47805e+05   -7.72746e+05    3.72887e+02
 Pres. DC (bar) Pressure (bar)   Constr. rmsd
   -1.87975e+02   -9.16232e+01    0.00000e+00

           Step           Time
          84000      168.00000

Current ref_t for group Protein:    367.4
Current ref_t for group non-Protein:    367.4

   Energies (kJ/mol)
           Bond          Angle    Proper Dih. Per. Imp. Dih.          LJ-14
    6.25697e+03    1.53215e+04    1.64697e+04    9.65933e+02    6.19871e+03
     Coulomb-14        LJ (SR)  Disper. corr.   Coulomb (SR)   Coul. recip.
    6.11388e+04    1.10391e+05   -9.34973e+03   -1.11446e+06    1.34407e+04
      Potential    Kinetic En.   Total Energy  Conserved En.    Temperature
   -8.93626e+05    2.37373e+05   -6.56253e+05   -7.72875e+05    3.67675e+02
 Pres. DC (bar) Pressure (bar)   Constr. rmsd
   -1.90360e+02    1.25451e+02    0.00000e+00

           Step           Time
          87500      175.00000

Current ref_t for group Protein:    362.5
Current ref_t for group non-Protein:    362.5

   Energies (kJ/mol)
           Bond          Angle    Proper Dih. Per. Imp. Dih.          LJ-14
    6.11906e+03    1.52459e+04    1.63512e+04    9.56127e+02    6.24108e+03
     Coulomb-14        LJ (SR)  Disper. corr.   Coulomb (SR)   Coul. recip.
    6.20987e+04    1.08195e+05   -9.38908e+03   -1.11998e+06    1.27285e+04
      Potential    Kinetic En.   Total Energy  Conserved En.    Temperature
   -9.01429e+05    2.34300e+05   -6.67129e+05   -7.72563e+05    3.62915e+02
 Pres. DC (bar) Pressure (bar)   Constr. rmsd
   -1.91964e+02   -2.61865e+02    0.00000e+00

           Step           Time
          91000      182.00000

Current ref_t for group Protein:    357.6
Current ref_t for group non-Protein:    357.6

   Energies (kJ/mol)
           Bond          Angle    Proper Dih. Per. Imp. Dih.          LJ-14
    5.81414e+03    1.50841e+04    1.64513e+04    1.03271e+03    6.16338e+03
     Coulomb-14        LJ (SR)  Disper. corr.   Coulomb (SR)   Coul. recip.
    6.15799e+04    1.10674e+05   -9.46100e+03   -1.12895e+06    1.28593e+04
      Potential    Kinetic En.   Total Energy  Conserved En.    Temperature
   -9.08749e+05    2.31375e+05   -6.77374e+05   -7.72626e+05    3.58384e+02
 Pres. DC (bar) Pressure (bar)   Constr. rmsd
   -1.94912e+02   -1.71198e+02    0.00000e+00

           Step           Time
          94500      189.00000

Current ref_t for group Protein:    352.7
Current ref_t for group non-Protein:    352.7

   Energies (kJ/mol)
           Bond          Angle    Proper Dih. Per. Imp. Dih.          LJ-14
    5.86486e+03    1.51360e+04    1.63108e+04    9.86911e+02    6.20307e+03
     Coulomb-14        LJ (SR)  Disper. corr.   Coulomb (SR)   Coul. recip.
    6.16818e+04    1.12613e+05   -9.51284e+03   -1.13437e+06    1.25852e+04
      Potential    Kinetic En.   Total Energy  Conserved En.    Temperature
   -9.12502e+05    2.28303e+05   -6.84199e+05   -7.72702e+05    3.53626e+02
 Pres. DC (bar) Pressure (bar)   Constr. rmsd
   -1.97051e+02   -2.35763e+01    0.00000e+00

           Step           Time
          98000      196.00000

Current ref_t for group Protein:    347.8
Current ref_t for group non-Protein:    347.8

   Energies (kJ/mol)
           Bond          Angle    Proper Dih. Per. Imp. Dih.          LJ-14
    5.73559e+03    1.44799e+04    1.62925e+04    9.57964e+02    6.21031e+03
     Coulomb-14        LJ (SR)  Disper. corr.   Coulomb (SR)   Coul. recip.
    6.16924e+04    1.14271e+05   -9.55944e+03   -1.14420e+06    1.25397e+04
      Potential    Kinetic En.   Total Energy  Conserved En.    Temperature
   -9.21581e+05    2.25696e+05   -6.95885e+05   -7.72577e+05    3.49588e+02
 Pres. DC (bar) Pressure (bar)   Constr. rmsd
   -1.98984e+02   -1.62335e+02    0.00000e+00

           Step           Time
         101500      203.00000

Current ref_t for group Protein:    342.9
Current ref_t for group non-Protein:    342.9

   Energies (kJ/mol)
           Bond          Angle    Proper Dih. Per. Imp. Dih.          LJ-14
    5.80399e+03    1.47978e+04    1.61186e+04    9.99719e+02    6.22363e+03
     Coulomb-14        LJ (SR)  Disper. corr.   Coulomb (SR)   Coul. recip.
    6.16747e+04    1.15330e+05   -9.60370e+03   -1.14888e+06    1.24085e+04
      Potential    Kinetic En.   Total Energy  Conserved En.    Temperature
   -9.25127e+05    2.22617e+05   -7.02511e+05   -7.72584e+05    3.44818e+02
 Pres. DC (bar) Pressure (bar)   Constr. rmsd
   -2.00829e+02   -1.23764e+02    0.00000e+00

           Step           Time
         105000      210.00000

Current ref_t for group Protein:    338.0
Current ref_t for group non-Protein:    338.0

   Energies (kJ/mol)
           Bond          Angle    Proper Dih. Per. Imp. Dih.          LJ-14
    5.64091e+03    1.41594e+04    1.61986e+04    8.68209e+02    6.21252e+03
     Coulomb-14        LJ (SR)  Disper. corr.   Coulomb (SR)   Coul. recip.
    6.17341e+04    1.18858e+05   -9.64366e+03   -1.15838e+06    1.18997e+04
      Potential    Kinetic En.   Total Energy  Conserved En.    Temperature
   -9.32456e+05    2.18435e+05   -7.14020e+05   -7.72652e+05    3.38342e+02
 Pres. DC (bar) Pressure (bar)   Constr. rmsd
   -2.02501e+02   -2.10684e+00    0.00000e+00

           Step           Time
         108500      217.00000

Current ref_t for group Protein:    333.1
Current ref_t for group non-Protein:    333.1

   Energies (kJ/mol)
           Bond          Angle    Proper Dih. Per. Imp. Dih.          LJ-14
    5.59739e+03    1.41339e+04    1.62261e+04    9.34745e+02    6.34269e+03
     Coulomb-14        LJ (SR)  Disper. corr.   Coulomb (SR)   Coul. recip.
    6.17614e+04    1.19245e+05   -9.71236e+03   -1.16708e+06    1.16002e+04
      Potential    Kinetic En.   Total Energy  Conserved En.    Temperature
   -9.40953e+05    2.15058e+05   -7.25895e+05   -7.72580e+05    3.33111e+02
 Pres. DC (bar) Pressure (bar)   Constr. rmsd
   -2.05393e+02   -3.91888e+01    0.00000e+00

           Step           Time
         112000      224.00000

Current ref_t for group Protein:    328.2
Current ref_t for group non-Protein:    328.2

   Energies (kJ/mol)
           Bond          Angle    Proper Dih. Per. Imp. Dih.          LJ-14
    5.36731e+03    1.38208e+04    1.60195e+04    8.62728e+02    6.22860e+03
     Coulomb-14        LJ (SR)  Disper. corr.   Coulomb (SR)   Coul. recip.
    6.17294e+04    1.21523e+05   -9.76004e+03   -1.17517e+06    1.14831e+04
      Potential    Kinetic En.   Total Energy  Conserved En.    Temperature
   -9.47899e+05    2.11479e+05   -7.36420e+05   -7.72646e+05    3.27567e+02
 Pres. DC (bar) Pressure (bar)   Constr. rmsd
   -2.07412e+02    9.22331e+01    0.00000e+00

           Step           Time
         115500      231.00000

Current ref_t for group Protein:    323.3
Current ref_t for group non-Protein:    323.3

   Energies (kJ/mol)
           Bond          Angle    Proper Dih. Per. Imp. Dih.          LJ-14
    5.79829e+03    1.39118e+04    1.60468e+04    8.23820e+02    6.07879e+03
     Coulomb-14        LJ (SR)  Disper. corr.   Coulomb (SR)   Coul. recip.
    6.14831e+04    1.21902e+05   -9.79524e+03   -1.18065e+06    1.12440e+04
      Potential    Kinetic En.   Total Energy  Conserved En.    Temperature
   -9.53160e+05    2.08112e+05   -7.45048e+05   -7.72476e+05    3.22351e+02
 Pres. DC (bar) Pressure (bar)   Constr. rmsd
   -2.08909e+02   -1.52640e+02    0.00000e+00

           Step           Time
         119000      238.00000

Current ref_t for group Protein:    318.4
Current ref_t for group non-Protein:    318.4

   Energies (kJ/mol)
           Bond          Angle    Proper Dih. Per. Imp. Dih.          LJ-14
    5.52231e+03    1.40197e+04    1.59957e+04    8.95903e+02    6.07115e+03
     Coulomb-14        LJ (SR)  Disper. corr.   Coulomb (SR)   Coul. recip.
    6.16159e+04    1.26034e+05   -9.85029e+03   -1.18940e+06    1.10333e+04
      Potential    Kinetic En.   Total Energy  Conserved En.    Temperature
   -9.58066e+05    2.06578e+05   -7.51488e+05   -7.72593e+05    3.19975e+02
 Pres. DC (bar) Pressure (bar)   Constr. rmsd
   -2.11261e+02    1.02313e+02    0.00000e+00

           Step           Time
         122500      245.00000

Current ref_t for group Protein:    313.5
Current ref_t for group non-Protein:    313.5

   Energies (kJ/mol)
           Bond          Angle    Proper Dih. Per. Imp. Dih.          LJ-14
    5.23258e+03    1.32175e+04    1.62290e+04    8.56564e+02    6.11620e+03
     Coulomb-14        LJ (SR)  Disper. corr.   Coulomb (SR)   Coul. recip.
    6.19348e+04    1.25786e+05   -9.90858e+03   -1.19678e+06    1.06402e+04
      Potential    Kinetic En.   Total Energy  Conserved En.    Temperature
   -9.66680e+05    2.02236e+05   -7.64444e+05   -7.72465e+05    3.13250e+02
 Pres. DC (bar) Pressure (bar)   Constr. rmsd
   -2.13766e+02   -1.35431e+02    0.00000e+00

           Step           Time
         126000      252.00000

Current ref_t for group Protein:    310.0
Current ref_t for group non-Protein:    310.0

   Energies (kJ/mol)
           Bond          Angle    Proper Dih. Per. Imp. Dih.          LJ-14
    5.11228e+03    1.34648e+04    1.60414e+04    8.03784e+02    6.26134e+03
     Coulomb-14        LJ (SR)  Disper. corr.   Coulomb (SR)   Coul. recip.
    6.19091e+04    1.27072e+05   -9.93119e+03   -1.20230e+06    1.06848e+04
      Potential    Kinetic En.   Total Energy  Conserved En.    Temperature
   -9.70878e+05    1.98908e+05   -7.71970e+05   -7.72490e+05    3.08095e+02
 Pres. DC (bar) Pressure (bar)   Constr. rmsd
   -2.14741e+02   -2.58969e+01    0.00000e+00

           Step           Time
         129500      259.00000

Current ref_t for group Protein:    310.0
Current ref_t for group non-Protein:    310.0

   Energies (kJ/mol)
           Bond          Angle    Proper Dih. Per. Imp. Dih.          LJ-14
    4.93332e+03    1.35728e+04    1.60866e+04    8.08510e+02    6.09627e+03
     Coulomb-14        LJ (SR)  Disper. corr.   Coulomb (SR)   Coul. recip.
    6.18926e+04    1.28626e+05   -9.93087e+03   -1.20329e+06    1.06058e+04
      Potential    Kinetic En.   Total Energy  Conserved En.    Temperature
   -9.70600e+05    1.98582e+05   -7.72018e+05   -7.72465e+05    3.07590e+02
 Pres. DC (bar) Pressure (bar)   Constr. rmsd
   -2.14727e+02   -3.60388e+01    0.00000e+00

           Step           Time
         133000      266.00000

Current ref_t for group Protein:    310.0
Current ref_t for group non-Protein:    310.0

   Energies (kJ/mol)
           Bond          Angle    Proper Dih. Per. Imp. Dih.          LJ-14
    5.18511e+03    1.38685e+04    1.60346e+04    9.04598e+02    6.07145e+03
     Coulomb-14        LJ (SR)  Disper. corr.   Coulomb (SR)   Coul. recip.
    6.18310e+04    1.27270e+05   -9.95016e+03   -1.20253e+06    1.06810e+04
      Potential    Kinetic En.   Total Energy  Conserved En.    Temperature
   -9.70631e+05    1.99758e+05   -7.70873e+05   -7.72441e+05    3.09411e+02
 Pres. DC (bar) Pressure (bar)   Constr. rmsd
   -2.15561e+02   -5.12439e+01    0.00000e+00

           Step           Time
         136500      273.00000

Current ref_t for group Protein:    310.0
Current ref_t for group non-Protein:    310.0

   Energies (kJ/mol)
           Bond          Angle    Proper Dih. Per. Imp. Dih.          LJ-14
    5.35852e+03    1.31905e+04    1.60068e+04    8.30338e+02    6.06038e+03
     Coulomb-14        LJ (SR)  Disper. corr.   Coulomb (SR)   Coul. recip.
    6.15139e+04    1.28653e+05   -9.96345e+03   -1.20465e+06    1.05523e+04
      Potential    Kinetic En.   Total Energy  Conserved En.    Temperature
   -9.72451e+05    2.00588e+05   -7.71863e+05   -7.72566e+05    3.10698e+02
 Pres. DC (bar) Pressure (bar)   Constr. rmsd
   -2.16137e+02    7.28846e+01    0.00000e+00

           Step           Time
         140000      280.00000

Current ref_t for group Protein:    310.0
Current ref_t for group non-Protein:    310.0

   Energies (kJ/mol)
           Bond          Angle    Proper Dih. Per. Imp. Dih.          LJ-14
    5.33566e+03    1.33264e+04    1.59500e+04    8.77548e+02    6.13490e+03
     Coulomb-14        LJ (SR)  Disper. corr.   Coulomb (SR)   Coul. recip.
    6.19688e+04    1.30060e+05   -9.97026e+03   -1.20765e+06    1.05346e+04
      Potential    Kinetic En.   Total Energy  Conserved En.    Temperature
   -9.73429e+05    2.00004e+05   -7.73425e+05   -7.72594e+05    3.09793e+02
 Pres. DC (bar) Pressure (bar)   Constr. rmsd
   -2.16432e+02    1.73979e+02    0.00000e+00

           Step           Time
         143500      287.00000

Current ref_t for group Protein:    310.0
Current ref_t for group non-Protein:    310.0

   Energies (kJ/mol)
           Bond          Angle    Proper Dih. Per. Imp. Dih.          LJ-14
    5.48000e+03    1.32271e+04    1.59427e+04    7.77827e+02    6.11675e+03
     Coulomb-14        LJ (SR)  Disper. corr.   Coulomb (SR)   Coul. recip.
    6.20566e+04    1.25898e+05   -9.96075e+03   -1.20413e+06    1.05969e+04
      Potential    Kinetic En.   Total Energy  Conserved En.    Temperature
   -9.73992e+05    2.01026e+05   -7.72965e+05   -7.72338e+05    3.11376e+02
 Pres. DC (bar) Pressure (bar)   Constr. rmsd
   -2.16020e+02   -2.46086e+02    0.00000e+00

           Step           Time
         147000      294.00000

Current ref_t for group Protein:    310.0
Current ref_t for group non-Protein:    310.0

   Energies (kJ/mol)
           Bond          Angle    Proper Dih. Per. Imp. Dih.          LJ-14
    5.41129e+03    1.35097e+04    1.58792e+04    8.53399e+02    6.00604e+03
     Coulomb-14        LJ (SR)  Disper. corr.   Coulomb (SR)   Coul. recip.
    6.18491e+04    1.27560e+05   -9.94866e+03   -1.20236e+06    1.05670e+04
      Potential    Kinetic En.   Total Energy  Conserved En.    Temperature
   -9.70672e+05    2.00585e+05   -7.70087e+05   -7.72409e+05    3.10693e+02
 Pres. DC (bar) Pressure (bar)   Constr. rmsd
   -2.15497e+02   -1.24297e+02    0.00000e+00

           Step           Time
         150500      301.00000

Current ref_t for group Protein:    310.0
Current ref_t for group non-Protein:    310.0

   Energies (kJ/mol)
           Bond          Angle    Proper Dih. Per. Imp. Dih.          LJ-14
    5.17984e+03    1.36053e+04    1.58902e+04    7.77519e+02    6.07525e+03
     Coulomb-14        LJ (SR)  Disper. corr.   Coulomb (SR)   Coul. recip.
    6.15376e+04    1.28885e+05   -9.96044e+03   -1.20544e+06    1.06809e+04
      Potential    Kinetic En.   Total Energy  Conserved En.    Temperature
   -9.72771e+05    2.00536e+05   -7.72235e+05   -7.72489e+05    3.10617e+02
 Pres. DC (bar) Pressure (bar)   Constr. rmsd
   -2.16007e+02    1.61065e+01    0.00000e+00

           Step           Time
         154000      308.00000

Current ref_t for group Protein:    310.0
Current ref_t for group non-Protein:    310.0

   Energies (kJ/mol)
           Bond          Angle    Proper Dih. Per. Imp. Dih.          LJ-14
    5.09301e+03    1.35217e+04    1.59239e+04    8.19419e+02    6.15084e+03
     Coulomb-14        LJ (SR)  Disper. corr.   Coulomb (SR)   Coul. recip.
    6.17646e+04    1.28465e+05   -9.97165e+03   -1.20437e+06    1.07227e+04
      Potential    Kinetic En.   Total Energy  Conserved En.    Temperature
   -9.71878e+05    2.00629e+05   -7.71250e+05   -7.72479e+05    3.10761e+02
 Pres. DC (bar) Pressure (bar)   Constr. rmsd
   -2.16493e+02    2.74037e+01    0.00000e+00

           Step           Time
         157500      315.00000

Current ref_t for group Protein:    310.0
Current ref_t for group non-Protein:    310.0

   Energies (kJ/mol)
           Bond          Angle    Proper Dih. Per. Imp. Dih.          LJ-14
    5.26338e+03    1.36172e+04    1.60315e+04    8.45133e+02    6.10216e+03
     Coulomb-14        LJ (SR)  Disper. corr.   Coulomb (SR)   Coul. recip.
    6.18572e+04    1.29115e+05   -9.95309e+03   -1.20514e+06    1.07034e+04
      Potential    Kinetic En.   Total Energy  Conserved En.    Temperature
   -9.71562e+05    1.98947e+05   -7.72615e+05   -7.72407e+05    3.08156e+02
 Pres. DC (bar) Pressure (bar)   Constr. rmsd
   -2.15688e+02   -2.27717e+01    0.00000e+00

           Step           Time
         161000      322.00000

Current ref_t for group Protein:    310.0
Current ref_t for group non-Protein:    310.0

   Energies (kJ/mol)
           Bond          Angle    Proper Dih. Per. Imp. Dih.          LJ-14
    5.21968e+03    1.32650e+04    1.59411e+04    8.62515e+02    6.07476e+03
     Coulomb-14        LJ (SR)  Disper. corr.   Coulomb (SR)   Coul. recip.
    6.15442e+04    1.28663e+05   -9.96957e+03   -1.20615e+06    1.05670e+04
      Potential    Kinetic En.   Total Energy  Conserved En.    Temperature
   -9.73985e+05    1.98960e+05   -7.75025e+05   -7.72454e+05    3.08175e+02
 Pres. DC (bar) Pressure (bar)   Constr. rmsd
   -2.16402e+02   -3.71837e+01    0.00000e+00

           Step           Time
         164500      329.00000

Current ref_t for group Protein:    310.0
Current ref_t for group non-Protein:    310.0

   Energies (kJ/mol)
           Bond          Angle    Proper Dih. Per. Imp. Dih.          LJ-14
    5.22973e+03    1.33364e+04    1.60737e+04    8.60024e+02    6.20335e+03
     Coulomb-14        LJ (SR)  Disper. corr.   Coulomb (SR)   Coul. recip.
    6.17276e+04    1.27014e+05   -9.93935e+03   -1.20221e+06    1.06246e+04
      Potential    Kinetic En.   Total Energy  Conserved En.    Temperature
   -9.71081e+05    2.01136e+05   -7.69945e+05   -7.72359e+05    3.11546e+02
 Pres. DC (bar) Pressure (bar)   Constr. rmsd
   -2.15094e+02   -1.26411e+02    0.00000e+00

           Step           Time
         168000      336.00000

Current ref_t for group Protein:    310.0
Current ref_t for group non-Protein:    310.0

   Energies (kJ/mol)
           Bond          Angle    Proper Dih. Per. Imp. Dih.          LJ-14
    5.19626e+03    1.32398e+04    1.57760e+04    8.68517e+02    6.10235e+03
     Coulomb-14        LJ (SR)  Disper. corr.   Coulomb (SR)   Coul. recip.
    6.18027e+04    1.30209e+05   -9.94731e+03   -1.20550e+06    1.06236e+04
      Potential    Kinetic En.   Total Energy  Conserved En.    Temperature
   -9.71626e+05    1.98991e+05   -7.72635e+05   -7.72477e+05    3.08224e+02
 Pres. DC (bar) Pressure (bar)   Constr. rmsd
   -2.15438e+02    6.80050e+01    0.00000e+00

           Step           Time
         171500      343.00000

Current ref_t for group Protein:    310.0
Current ref_t for group non-Protein:    310.0

   Energies (kJ/mol)
           Bond          Angle    Proper Dih. Per. Imp. Dih.          LJ-14
    5.22846e+03    1.36396e+04    1.59202e+04    8.41799e+02    6.07969e+03
     Coulomb-14        LJ (SR)  Disper. corr.   Coulomb (SR)   Coul. recip.
    6.18568e+04    1.28606e+05   -9.94160e+03   -1.20434e+06    1.06709e+04
      Potential    Kinetic En.   Total Energy  Conserved En.    Temperature
   -9.71438e+05    2.00113e+05   -7.71325e+05   -7.72426e+05    3.09962e+02
 Pres. DC (bar) Pressure (bar)   Constr. rmsd
   -2.15191e+02    5.89215e+01    0.00000e+00

           Step           Time
         175000      350.00000

Writing checkpoint, step 175000 at Tue Nov 19 13:34:48 2024


Current ref_t for group Protein:    310.0
Current ref_t for group non-Protein:    310.0

   Energies (kJ/mol)
           Bond          Angle    Proper Dih. Per. Imp. Dih.          LJ-14
    5.08921e+03    1.34438e+04    1.59453e+04    8.18096e+02    6.17367e+03
     Coulomb-14        LJ (SR)  Disper. corr.   Coulomb (SR)   Coul. recip.
    6.17436e+04    1.29845e+05   -9.94136e+03   -1.20654e+06    1.05493e+04
      Potential    Kinetic En.   Total Energy  Conserved En.    Temperature
   -9.72872e+05    1.99787e+05   -7.73084e+05   -7.72546e+05    3.09457e+02
 Pres. DC (bar) Pressure (bar)   Constr. rmsd
   -2.15181e+02    2.26773e+02    0.00000e+00


Energy conservation over simulation part #1 of length 350 ps, time 0 to 350 ps
  Conserved energy drift: -1.28e-05 kJ/mol/ps per atom

Current ref_t for group Protein:    310.0
Current ref_t for group non-Protein:    310.0

	<======  ###############  ==>
	<====  A V E R A G E S  ====>
	<==  ###############  ======>

	Statistics over 175001 steps using 1751 frames

   Energies (kJ/mol)
           Bond          Angle    Proper Dih. Per. Imp. Dih.          LJ-14
    5.66419e+03    1.43547e+04    1.62446e+04    9.19561e+02    6.17954e+03
     Coulomb-14        LJ (SR)  Disper. corr.   Coulomb (SR)   Coul. recip.
    6.17586e+04    1.17919e+05   -9.65132e+03   -1.15744e+06    1.19861e+04
      Potential    Kinetic En.   Total Energy  Conserved En.    Temperature
   -9.32066e+05    2.19494e+05   -7.12572e+05   -7.72691e+05    3.39982e+02
 Pres. DC (bar) Pressure (bar)   Constr. rmsd
   -2.02991e+02    1.32483e+00    0.00000e+00

          Box-X          Box-Y          Box-Z
    9.40933e+00    8.58254e+00    9.80227e+00

   Total Virial (kJ/mol)
    7.32398e+04    2.94161e+01   -6.54634e+00
    2.94137e+01    7.30256e+04    1.09071e+01
   -6.55409e+00    1.09136e+01    7.31364e+04

   Pressure (bar)
   -2.37584e+00   -1.83148e+00   -7.27713e-01
   -1.83137e+00    1.51683e+00   -6.66475e-01
   -7.27393e-01   -6.66754e-01    4.83350e+00

      T-Protein  T-non-Protein
    3.40047e+02    3.39974e+02


	M E G A - F L O P S   A C C O U N T I N G

 NB=Group-cutoff nonbonded kernels    NxN=N-by-N cluster Verlet kernels
 RF=Reaction-Field  VdW=Van der Waals  QSTab=quadratic-spline table
 W3=SPC/TIP3p  W4=TIP4p (single or pairs)
 V&F=Potential and force  V=Potential only  F=Force only

 Computing:                               M-Number         M-Flops  % Flops
-----------------------------------------------------------------------------
 Pair Search distance check           13023.553264      117211.979     0.0
 NxN Ewald Elec. + LJ [F]          12720269.460096   839537784.366    98.4
 NxN Ewald Elec. + LJ [V&F]          128562.741184    13756213.307     1.6
 Shift-X                                133.079502         798.477     0.0
 Virial                                 133.158297        2396.849     0.0
 P-Coupling                             133.079502         798.477     0.0
 Calc-Ekin                             2660.222004       71825.994     0.0
-----------------------------------------------------------------------------
 Total                                               853487029.450   100.0
-----------------------------------------------------------------------------


      R E A L   C Y C L E   A N D   T I M E   A C C O U N T I N G

On 1 MPI rank, each using 8 OpenMP threads

 Activity:              Num   Num      Call    Wall time         Giga-Cycles
                        Ranks Threads  Count      (s)         total sum    %
--------------------------------------------------------------------------------
 Neighbor search           1    8       1751       3.999         95.829   8.1
 Launch PP GPU ops.        1    8     348251       1.647         39.478   3.3
 Force                     1    8     175001       0.063          1.515   0.1
 PME GPU mesh              1    8     175001       1.760         42.178   3.6
 Wait Bonded GPU           1    8       1751       0.004          0.107   0.0
 Wait GPU NB local         1    8     175001       0.817         19.576   1.7
 Wait GPU state copy       1    8      40251      35.159        842.502  71.0
 NB X/F buffer ops.        1    8       1751       0.049          1.170   0.1
 Write traj.               1    8         51       0.143          3.436   0.3
 Rest                                              5.866        140.560  11.8
--------------------------------------------------------------------------------
 Total                                            49.509       1186.350 100.0
--------------------------------------------------------------------------------
 Breakdown of PME mesh activities
--------------------------------------------------------------------------------
 Wait PME GPU gather       1    8     175001       0.128          3.063   0.3
 Reduce GPU PME F          1    8     175001       0.048          1.152   0.1
 Launch PME GPU ops.       1    8    1575009       1.513         36.254   3.1
--------------------------------------------------------------------------------

               Core t (s)   Wall t (s)        (%)
       Time:      396.060       49.509      800.0
                 (ns/day)    (hour/ns)
Performance:      610.801        0.039
Finished mdrun on rank 0 Tue Nov 19 13:34:48 2024

