                      :-) GROMACS - gmx grompp, 2024.4 (-:

Executable:   /opt/gromacs-2024.4/bin/gmx
Data prefix:  /opt/gromacs-2024.4
Working dir:  /home/bio/Desktop/jupyter_test/antibody_test/output_20241129_101159/configuration/cycle1_MD
Command line:
  gmx grompp -f /home/bio/Desktop/jupyter_test/antibody_test/DATA/EngComp_ff14sb_custom.mdp -c system_Compl_MDstart.gro -r system_Compl_MDstart.gro -p topol.top -o system_Compl_MD.tpr -t state_SAMD.cpt

Ignoring obsolete mdp entry 'title'
Ignoring obsolete mdp entry 'ns-type'
Generating 1-4 interactions: fudge = 0.5
Number of degrees of freedom in T-Coupling group Protein is 12634.73
Number of degrees of freedom in T-Coupling group non-Protein is 128682.27
Last frame         -1 time  350.000   

GROMACS reminds you: "Proceed, With Fingers Crossed" (TeX)

Setting the LD random seed to -206569533

Generated 2145 of the 2145 non-bonded parameter combinations

Generated 2145 of the 2145 1-4 parameter combinations

Excluding 3 bonded neighbours molecule type 'Protein_chain_A'

turning H bonds into constraints...

Excluding 3 bonded neighbours molecule type 'Protein_chain_B'

turning H bonds into constraints...

Excluding 3 bonded neighbours molecule type 'Protein_chain_C'

turning H bonds into constraints...

Excluding 2 bonded neighbours molecule type 'SOL'

turning H bonds into constraints...

Excluding 1 bonded neighbours molecule type 'K'

turning H bonds into constraints...

Excluding 1 bonded neighbours molecule type 'CL'

turning H bonds into constraints...
Analysing residue names:
There are:   338    Protein residues
There are: 21382      Water residues
There are:   131        Ion residues
Analysing Protein...

The largest distance between excluded atoms is 0.434 nm between atom 2623 and 2630

Determining Verlet buffer for a tolerance of 0.005 kJ/mol/ps at 310 K

Calculated rlist for 1x1 atom pair-list as 1.041 nm, buffer size 0.041 nm

Set rlist, assuming 4x4 atom pair-list, to 1.007 nm, buffer size 0.007 nm

Note that mdrun will redetermine rlist based on the actual pair-list setup

Reading Coordinates, Velocities and Box size from old trajectory

Will read whole trajectory

Using frame at t = 350 ps

Starting time for run is 0 ps
Calculating fourier grid dimensions for X Y Z
Using a fourier grid of 60x84x80, spacing 0.124 0.124 0.114

Estimate for the relative computational load of the PME mesh part: 0.25

This run will generate roughly 90 Mb of data
