Info) VMD for LINUXAMD64, version 1.9.4a55 (October 19, 2021)
Info) http://www.ks.uiuc.edu/Research/vmd/                         
Info) Email questions and bug reports to vmd@ks.uiuc.edu           
Info) Please include this reference in published work using VMD:   
Info)    Humphrey, W., Dalke, A. and Schulten, K., `VMD - Visual   
Info)    Molecular Dynamics', J. Molec. Graphics 1996, 14.1, 33-38.
Info) -------------------------------------------------------------
Info) Multithreading available, 32 CPUs, ISA dispatch enabled.
Info)   CPU features: SSE2 SSE4.1 AVX AVX2 FMA F16 HT 
Info) Free system memory: 60GB (96%)
Info) Creating CUDA device pool and initializing hardware...
Info) Detected 1 available CUDA accelerator::
Info) [0] NVIDIA GeForce RTX 4090 D 114 SM_8.9 2.5 GHz, 24GB RAM SP64 KT AE2 ZC
Info) Detected 1 available TachyonL/OptiX ray tracing accelerator
Info)   Compiling  OptiX shaders on 1 target GPU...
Info) Dynamically loaded 3 plugins in directory:
Info) /usr/local/lib/vmd/plugins/LINUXAMD64/molfile
Info) Using plugin gro for structure file /home/bio/Desktop/jupyter_test/antibody_test/output_20241129_101159/configuration/cycle1_MD/system_Compl_MD.gro
Info) Using plugin gro for coordinates from file /home/bio/Desktop/jupyter_test/antibody_test/output_20241129_101159/configuration/cycle1_MD/system_Compl_MD.gro
Info) Determining bond structure from distance search ...
Info) Analyzing structure ...
Info)    Atoms: 69313
Info)    Bonds: 47857
Info)    Angles: 0  Dihedrals: 0  Impropers: 0  Cross-terms: 0
Info)    Bondtypes: 0  Angletypes: 0  Dihedraltypes: 0  Impropertypes: 0
Info)    Residues: 21851
Info)    Waters: 21382
Warning) Unusual bond between residues:  128 (protein) and 129 (none)
Warning) Unusual bond between residues:  119 (protein) and 120 (none)
Warning) Unusual bond between residues:  109 (protein) and 110 (none)
Info)    Segments: 1
Info)    Fragments: 21516   Protein: 3   Nucleic: 0
Info) Finished with coordinate file /home/bio/Desktop/jupyter_test/antibody_test/output_20241129_101159/configuration/cycle1_MD/system_Compl_MD.gro.
0
atomselect0
Info) Opened coordinate file /home/bio/Desktop/jupyter_test/antibody_test/output_20241129_101159/configuration/cycle1_MD/temp_protein.pdb for writing.
Info) Finished with coordinate file /home/bio/Desktop/jupyter_test/antibody_test/output_20241129_101159/configuration/cycle1_MD/temp_protein.pdb.
Info) Using plugin pdb for structure file /home/bio/Desktop/jupyter_test/antibody_test/output_20241129_101159/configuration/REPOSITORY/mtbind.pdb
Info) Using plugin pdb for coordinates from file /home/bio/Desktop/jupyter_test/antibody_test/output_20241129_101159/configuration/REPOSITORY/mtbind.pdb
Info) Determining bond structure from distance search ...
Info) Analyzing structure ...
Info)    Atoms: 5036
Info)    Bonds: 5093
Info)    Angles: 0  Dihedrals: 0  Impropers: 0  Cross-terms: 0
Info)    Bondtypes: 0  Angletypes: 0  Dihedraltypes: 0  Impropertypes: 0
Info)    Residues: 338
Info)    Waters: 0
Warning) Unusual bond between residues:  128 (protein) and 129 (none)
Warning) Unusual bond between residues:  119 (protein) and 120 (none)
Warning) Unusual bond between residues:  109 (protein) and 110 (none)
Info)    Segments: 1
Info)    Fragments: 3   Protein: 3   Nucleic: 0
Info) Finished with coordinate file /home/bio/Desktop/jupyter_test/antibody_test/output_20241129_101159/configuration/REPOSITORY/mtbind.pdb.
1
Info) Using plugin pdb for coordinates from file /home/bio/Desktop/jupyter_test/antibody_test/output_20241129_101159/configuration/cycle1_MD/temp_protein.pdb
Info) Finished with coordinate file /home/bio/Desktop/jupyter_test/antibody_test/output_20241129_101159/configuration/cycle1_MD/temp_protein.pdb.
1
atomselect1
Info) Opened coordinate file /home/bio/Desktop/jupyter_test/antibody_test/output_20241129_101159/configuration/cycle1_MD/cycle1_starting_protein.pdb for writing.
Info) Finished with coordinate file /home/bio/Desktop/jupyter_test/antibody_test/output_20241129_101159/configuration/cycle1_MD/cycle1_starting_protein.pdb.
PDB file saved: /home/bio/Desktop/jupyter_test/antibody_test/output_20241129_101159/configuration/cycle1_MD/cycle1_starting_protein.pdb 
Info) VMD for LINUXAMD64, version 1.9.4a55 (October 19, 2021)
Info) Exiting normally.
