                      :-) GROMACS - gmx grompp, 2024.4 (-:

Executable:   /opt/gromacs-2024.4/bin/gmx
Data prefix:  /opt/gromacs-2024.4
Working dir:  /home/bio/Desktop/jupyter_test/jupyter_test/output_files_20241119_113725
Command line:
  gmx grompp -f /home/bio/Desktop/jupyter_test/jupyter_test/NPT.mdp -c system_NVT_MD.gro -r system_NVT_MD.gro -p topol.top -o system_NPT_MD.tpr -t state_NVT_MD.cpt -maxwarn 1

Ignoring obsolete mdp entry 'ns-type'

WARNING 1 [file /home/bio/Desktop/jupyter_test/jupyter_test/NPT.mdp]:
  The Berendsen barostat does not generate any strictly correct ensemble,
  and should not be used for new production simulations (in our opinion).
  We recommend using the C-rescale barostat instead.

Generating 1-4 interactions: fudge = 0.5
Number of degrees of freedom in T-Coupling group Protein is 16088.00
Number of degrees of freedom in T-Coupling group non-Protein is 139209.00
Last frame         -1 time   50.000   

There was 1 WARNING

GROMACS reminds you: "We must have perseverance and above all confidence in ourselves. We must believe that we are gifted for something and that this thing must be attained." (Marie Curie)

Setting the LD random seed to 871364403

Generated 2145 of the 2145 non-bonded parameter combinations

Generated 2145 of the 2145 1-4 parameter combinations

Excluding 3 bonded neighbours molecule type 'Protein_chain_P'

turning H bonds into constraints...

Excluding 3 bonded neighbours molecule type 'Protein_chain_A'

turning H bonds into constraints...

Excluding 3 bonded neighbours molecule type 'Protein_chain_H'

turning H bonds into constraints...

Excluding 3 bonded neighbours molecule type 'Protein_chain_L'

turning H bonds into constraints...

Excluding 2 bonded neighbours molecule type 'SOL'

turning H bonds into constraints...

Excluding 1 bonded neighbours molecule type 'K'

turning H bonds into constraints...
Analysing residue names:
There are:   413    Protein residues
There are: 23201      Water residues
There are:     1        Ion residues
Analysing Protein...

The largest distance between excluded atoms is 0.464 nm between atom 3219 and 4352

Determining Verlet buffer for a tolerance of 0.005 kJ/mol/ps at 310 K

Calculated rlist for 1x1 atom pair-list as 1.012 nm, buffer size 0.012 nm

Set rlist, assuming 4x4 atom pair-list, to 1.000 nm, buffer size 0.000 nm

Note that mdrun will redetermine rlist based on the actual pair-list setup

Reading Coordinates, Velocities and Box size from old trajectory

Will read whole trajectory

Using frame at t = 50 ps

Starting time for run is 0 ps
Calculating fourier grid dimensions for X Y Z
Using a fourier grid of 80x72x80, spacing 0.117 0.118 0.122

Estimate for the relative computational load of the PME mesh part: 0.26

This run will generate roughly 8 Mb of data
