[INFO   ] Starting gmx_MMPBSA 1.6.4
[INFO   ] Command-line
  mpirun -np 8 gmx_MMPBSA MPI -O -i mmpbsa_LinearPB_amber99SB_ILDN.in -cs cycle1_newGRO.tpr -ci index.ndx -cg 0 1 -ct cycle1_noPBC.xtc -cr ./cycle1_starting_protein.pdb -cp topol_protein.top -eo gmx_MMPBSA_plot.csv -deo FINAL_DECOMP_MMPBSA.csv -nogui

[INFO   ] Checking mmpbsa_LinearPB_amber99SB_ILDN.in input file...
[WARNING] &decomp namelist has not been defined in the input file. Ignoring '-deo' flag... 
[INFO   ] Checking mmpbsa_LinearPB_amber99SB_ILDN.in input file...Done.

[INFO   ] Checking external programs...
[INFO   ] cpptraj found! Using /home/bio/ls/envs/gmxMMPBSA/bin/cpptraj
[INFO   ] tleap found! Using /home/bio/ls/envs/gmxMMPBSA/bin/tleap
[INFO   ] parmchk2 found! Using /home/bio/ls/envs/gmxMMPBSA/bin/parmchk2
[INFO   ] sander found! Using /home/bio/ls/envs/gmxMMPBSA/bin/sander
[INFO   ] Using GROMACS version > 5.x.x!
[INFO   ] gmx found! Using /opt/gromacs-2024.4/bin/gmx
[INFO   ] Checking external programs...Done.

[INFO   ] Building AMBER topologies from GROMACS files...
[INFO   ] Get PDB files from GROMACS structures files...
[INFO   ] Making gmx_MMPBSA index for complex...
[INFO   ] Normal Complex: Saving group receptor_ligand (0_1) in _GMXMMPBSA_COM_index.ndx file as _GMXMMPBSA_COM.pdb
[INFO   ] No receptor structure file was defined. Using ST approach...
[INFO   ] Using receptor structure from complex to generate AMBER topology
[INFO   ] Normal Receptor: Saving group receptor (0) in _GMXMMPBSA_COM_index.ndx file as _GMXMMPBSA_REC.pdb
[INFO   ] No ligand structure file was defined. Using ST approach...
[INFO   ] Using ligand structure from complex to generate AMBER topology
[INFO   ] Normal Ligand: Saving group ligand (1) in _GMXMMPBSA_COM_index.ndx file as _GMXMMPBSA_LIG.pdb
[INFO   ] Checking the structures consistency...
[INFO   ] Assigning chain ID to structures files according to the reference structure...
[INFO   ] 
[INFO   ] Using topology conversion. Setting radiopt = 0...
[INFO   ] Building Normal Complex Amber topology...
[INFO   ] Detected Amber/OPLS force field topology format...
[WARNING] 6 invalid DIHEDRAL_PERIODICITY = 0 found in Complex topology... Setting DIHEDRAL_PERIODICITY = 1
[INFO   ] Assigning PBRadii mbondi2 to Complex...
[INFO   ] Writing Normal Complex AMBER topology...
[INFO   ] No Receptor topology file was defined. Using ST approach...
[INFO   ] Building AMBER Receptor topology from Complex...
[INFO   ] Assigning PBRadii mbondi2 to Receptor...
[INFO   ] Writing Normal Receptor AMBER topology...
[INFO   ] No Ligand topology file was defined. Using ST approach...
[INFO   ] Building AMBER Ligand topology from Complex...
[INFO   ] Assigning PBRadii mbondi2 to Ligand...
[INFO   ] Writing Normal Ligand AMBER topology...
[INFO   ] Cleaning normal complex trajectories...
[INFO   ] Building AMBER topologies from GROMACS files... Done.

[INFO   ] Loading and checking parameter files for compatibility...
[INFO   ] Preparing trajectories for simulation...

[INFO   ] 151 frames were processed by cpptraj for use in calculation.
[INFO   ] Starting calculations in 8 CPUs...
[WARNING] PB/RISM/NMODE will be calculated with multiple threads, make sure you have enough RAM.
[INFO   ] Running calculations on normal system...
[INFO   ] Beginning PB calculations with /home/bio/ls/envs/gmxMMPBSA/bin/sander
[INFO   ]   calculating complex contribution...

              0%|          | 0/151 [elapsed: 00:00 remaining: ?]
              2%|1         | 3/151 [elapsed: 00:10 remaining: 08:13]
              5%|5         | 8/151 [elapsed: 00:14 remaining: 03:41]
             11%|#         | 16/151 [elapsed: 00:23 remaining: 02:53]
             16%|#5        | 24/151 [elapsed: 00:34 remaining: 02:48]
             21%|##1       | 32/151 [elapsed: 00:40 remaining: 02:10]
             26%|##6       | 40/151 [elapsed: 00:53 remaining: 02:23]
             32%|###1      | 48/151 [elapsed: 01:00 remaining: 01:58]
             36%|###5      | 54/151 [elapsed: 01:07 remaining: 01:51]
             38%|###8      | 58/151 [elapsed: 01:14 remaining: 01:58]
             42%|####2     | 64/151 [elapsed: 01:21 remaining: 01:48]
             48%|####7     | 72/151 [elapsed: 01:28 remaining: 01:27]
             52%|#####2    | 79/151 [elapsed: 01:35 remaining: 01:17]
             54%|#####4    | 82/151 [elapsed: 01:42 remaining: 01:28]
             58%|#####8    | 88/151 [elapsed: 01:49 remaining: 01:18]
             64%|######3   | 96/151 [elapsed: 01:56 remaining: 01:00]
             67%|######6   | 101/151 [elapsed: 02:03 remaining: 00:58]
             70%|######9   | 105/151 [elapsed: 02:10 remaining: 01:00]
             74%|#######4  | 112/151 [elapsed: 02:17 remaining: 00:46]
             78%|#######8  | 118/151 [elapsed: 02:24 remaining: 00:39]
             81%|########  | 122/151 [elapsed: 02:31 remaining: 00:38]
             85%|########4 | 128/151 [elapsed: 02:38 remaining: 00:29]
             90%|######### | 136/151 [elapsed: 02:45 remaining: 00:16]
             93%|#########3| 141/151 [elapsed: 02:52 remaining: 00:11]
             97%|#########6| 146/151 [elapsed: 02:59 remaining: 00:06]
            100%|##########| 151/151 [elapsed: 03:06 remaining: 00:00]
                                                                      

            100%|##########| 151/151 [elapsed: 03:06 remaining: 00:00]
[INFO   ]   calculating receptor contribution...

              0%|          | 0/151 [elapsed: 00:00 remaining: ?]
             12%|#1        | 18/151 [elapsed: 00:03 remaining: 00:22]
             15%|#4        | 22/151 [elapsed: 00:05 remaining: 00:31]
             17%|#7        | 26/151 [elapsed: 00:07 remaining: 00:39]
             22%|##1       | 33/151 [elapsed: 00:09 remaining: 00:35]
             23%|##3       | 35/151 [elapsed: 00:11 remaining: 00:46]
             27%|##7       | 41/151 [elapsed: 00:13 remaining: 00:41]
             30%|###       | 46/151 [elapsed: 00:15 remaining: 00:40]
             33%|###3      | 50/151 [elapsed: 00:17 remaining: 00:41]
             36%|###6      | 55/151 [elapsed: 00:19 remaining: 00:39]
             40%|###9      | 60/151 [elapsed: 00:21 remaining: 00:36]
             43%|####3     | 65/151 [elapsed: 00:23 remaining: 00:34]
             46%|####6     | 70/151 [elapsed: 00:25 remaining: 00:32]
             49%|####9     | 74/151 [elapsed: 00:27 remaining: 00:32]
             52%|#####2    | 79/151 [elapsed: 00:29 remaining: 00:30]
             56%|#####5    | 84/151 [elapsed: 00:31 remaining: 00:27]
             58%|#####7    | 87/151 [elapsed: 00:33 remaining: 00:29]
             62%|######1   | 93/151 [elapsed: 00:35 remaining: 00:24]
             66%|######5   | 99/151 [elapsed: 00:37 remaining: 00:20]
             68%|######8   | 103/151 [elapsed: 00:39 remaining: 00:19]
             72%|#######2  | 109/151 [elapsed: 00:41 remaining: 00:16]
             74%|#######3  | 111/151 [elapsed: 00:43 remaining: 00:18]
             78%|#######8  | 118/151 [elapsed: 00:45 remaining: 00:13]
             81%|########1 | 123/151 [elapsed: 00:47 remaining: 00:11]
             84%|########4 | 127/151 [elapsed: 00:49 remaining: 00:10]
             87%|########7 | 132/151 [elapsed: 00:51 remaining: 00:07]
             90%|######### | 136/151 [elapsed: 00:53 remaining: 00:06]
             93%|#########3| 141/151 [elapsed: 00:55 remaining: 00:04]
             95%|#########5| 144/151 [elapsed: 00:57 remaining: 00:03]
             97%|#########7| 147/151 [elapsed: 00:59 remaining: 00:02]
             99%|#########8| 149/151 [elapsed: 01:01 remaining: 00:01]
             99%|#########9| 150/151 [elapsed: 01:03 remaining: 00:00]
            100%|##########| 151/151 [elapsed: 01:08 remaining: 00:00]
                                                                      

            100%|##########| 151/151 [elapsed: 01:08 remaining: 00:00]
[INFO   ]   calculating ligand contribution...

              0%|          | 0/151 [elapsed: 00:00 remaining: ?]
             13%|#3        | 20/151 [elapsed: 00:01 remaining: 00:06]
             15%|#5        | 23/151 [elapsed: 00:03 remaining: 00:20]
             17%|#6        | 25/151 [elapsed: 00:04 remaining: 00:26]
             19%|#8        | 28/151 [elapsed: 00:05 remaining: 00:29]
             19%|#9        | 29/151 [elapsed: 00:06 remaining: 00:38]
             21%|##        | 31/151 [elapsed: 00:07 remaining: 00:42]
             21%|##1       | 32/151 [elapsed: 00:08 remaining: 00:52]
             24%|##3       | 36/151 [elapsed: 00:09 remaining: 00:41]
             25%|##4       | 37/151 [elapsed: 00:10 remaining: 00:50]
             26%|##5       | 39/151 [elapsed: 00:11 remaining: 00:51]
             26%|##6       | 40/151 [elapsed: 00:12 remaining: 01:01]
             29%|##9       | 44/151 [elapsed: 00:13 remaining: 00:43]
             30%|##9       | 45/151 [elapsed: 00:14 remaining: 00:52]
             31%|###1      | 47/151 [elapsed: 00:15 remaining: 00:51]
             32%|###1      | 48/151 [elapsed: 00:16 remaining: 01:00]
             34%|###4      | 52/151 [elapsed: 00:17 remaining: 00:41]
             35%|###5      | 53/151 [elapsed: 00:18 remaining: 00:49]
             36%|###6      | 55/151 [elapsed: 00:19 remaining: 00:48]
             38%|###7      | 57/151 [elapsed: 00:20 remaining: 00:47]
             40%|###9      | 60/151 [elapsed: 00:21 remaining: 00:39]
             40%|####      | 61/151 [elapsed: 00:22 remaining: 00:47]
             42%|####1     | 63/151 [elapsed: 00:23 remaining: 00:45]
             43%|####3     | 65/151 [elapsed: 00:24 remaining: 00:44]
             45%|####5     | 68/151 [elapsed: 00:25 remaining: 00:36]
             46%|####5     | 69/151 [elapsed: 00:26 remaining: 00:43]
             47%|####7     | 71/151 [elapsed: 00:27 remaining: 00:41]
             49%|####9     | 74/151 [elapsed: 00:28 remaining: 00:34]
             50%|#####     | 76/151 [elapsed: 00:29 remaining: 00:34]
             51%|#####     | 77/151 [elapsed: 00:30 remaining: 00:40]
             53%|#####2    | 80/151 [elapsed: 00:31 remaining: 00:32]
             54%|#####4    | 82/151 [elapsed: 00:32 remaining: 00:32]
             56%|#####5    | 84/151 [elapsed: 00:33 remaining: 00:32]
             56%|#####6    | 85/151 [elapsed: 00:34 remaining: 00:37]
             58%|#####7    | 87/151 [elapsed: 00:35 remaining: 00:34]
             60%|#####9    | 90/151 [elapsed: 00:36 remaining: 00:27]
             61%|######    | 92/151 [elapsed: 00:37 remaining: 00:27]
             62%|######2   | 94/151 [elapsed: 00:38 remaining: 00:27]
             63%|######2   | 95/151 [elapsed: 00:39 remaining: 00:31]
             65%|######4   | 98/151 [elapsed: 00:40 remaining: 00:24]
             67%|######6   | 101/151 [elapsed: 00:41 remaining: 00:20]
             68%|######7   | 102/151 [elapsed: 00:42 remaining: 00:24]
             69%|######8   | 104/151 [elapsed: 00:43 remaining: 00:23]
             70%|#######   | 106/151 [elapsed: 00:44 remaining: 00:22]
             72%|#######1  | 108/151 [elapsed: 00:45 remaining: 00:21]
             73%|#######2  | 110/151 [elapsed: 00:46 remaining: 00:20]
             74%|#######4  | 112/151 [elapsed: 00:47 remaining: 00:19]
             75%|#######5  | 114/151 [elapsed: 00:48 remaining: 00:18]
             77%|#######7  | 117/151 [elapsed: 00:49 remaining: 00:14]
             78%|#######8  | 118/151 [elapsed: 00:50 remaining: 00:17]
             79%|#######9  | 120/151 [elapsed: 00:51 remaining: 00:16]
             81%|########1 | 123/151 [elapsed: 00:52 remaining: 00:12]
             83%|########2 | 125/151 [elapsed: 00:53 remaining: 00:12]
             83%|########3 | 126/151 [elapsed: 00:54 remaining: 00:13]
             85%|########4 | 128/151 [elapsed: 00:55 remaining: 00:12]
             87%|########6 | 131/151 [elapsed: 00:56 remaining: 00:09]
             88%|########8 | 133/151 [elapsed: 00:57 remaining: 00:08]
             89%|########8 | 134/151 [elapsed: 00:58 remaining: 00:09]
             89%|########9 | 135/151 [elapsed: 00:59 remaining: 00:10]
             91%|#########1| 138/151 [elapsed: 01:00 remaining: 00:06]
             93%|#########2| 140/151 [elapsed: 01:01 remaining: 00:05]
             93%|#########3| 141/151 [elapsed: 01:02 remaining: 00:05]
             95%|#########4| 143/151 [elapsed: 01:03 remaining: 00:04]
             95%|#########5| 144/151 [elapsed: 01:04 remaining: 00:04]
             97%|#########6| 146/151 [elapsed: 01:05 remaining: 00:02]
             99%|#########8| 149/151 [elapsed: 01:08 remaining: 00:01]
             99%|#########9| 150/151 [elapsed: 01:13 remaining: 00:01]
            100%|##########| 151/151 [elapsed: 01:16 remaining: 00:00]
                                                                      

            100%|##########| 151/151 [elapsed: 01:16 remaining: 00:00]
[INFO   ] Parsing results to output files...

[INFO   ] Timing:
[INFO   ] Total GROMACS setup time:                   0.076 min.
[INFO   ] Total AMBER setup time:                     0.010 min.
[INFO   ] Creating trajectories with cpptraj:         0.015 min.
[INFO   ] Total calculation time:                     5.504 min.
[INFO   ] Total PB calculation time:                  5.386 min.
[INFO   ] Statistics calculation & output writing:    0.000 min.
[INFO   ] Total time taken:                           5.605 min.

[INFO   ] 
   Finalizing gmx_MMPBSA: [ERROR  ] = 0; [WARNING] = 3
   Check the gmx_MMPBSA.log file for more details...

[INFO   ] 
 Thank you for using gmx_MMPBSA. Please consider supporting gmx_MMPBSA by citing our publication:
    Valdés-Tresanco, M.S., Valdés-Tresanco, M.E., Valiente, P.A. and Moreno E. 
    gmx_MMPBSA: A New Tool to Perform End-State Free Energy Calculations with GROMACS. 
    J Chem Theory Comput., 2021, 17 (10):6281-6291. Epub 2021 Sep 29. PMID: 34586825.
    https://pubs.acs.org/doi/10.1021/acs.jctc.1c00645

Also consider citing MMPBSA.py:
    Miller III, B. R., McGee Jr., T. D., Swails, J. M. Homeyer, N. Gohlke, H. and Roitberg, A. E.
    MMPBSA.py: An Efficient Program for End-State Free Energy Calculations.
    J. Chem. Theory Comput., 2012, 8 (9) pp 3314-3321

[INFO   ] Finalized...



