
CPPTRAJ: Trajectory Analysis. V6.18.1 (AmberTools)
    ___  ___  ___  ___
     | \/ | \/ | \/ | 
    _|_/\_|_/\_|_/\_|_

| Date/time: 11/28/24 16:50:27
| Available memory: 55.318 GB

	Reading 'COM.prmtop' as Amber Topology
	Radius Set: H(N)-modified Bondi radii (mbondi2)
INPUT: Reading input from 'STDIN'
  [trajin COM_traj_0.xtc 1 151 1]
	Reading 'COM_traj_0.xtc' as Gromacs XTC
Warning: Trajectory box type is 'Orthorhombic' but topology box type is 'None'.
Warning: Setting topology box information from trajectory.
  [noprogress]
	Progress bar will not be used during Run.
  [rmsd !(:WAT,Cl*,CIO,Cs+,IB,K*,Li+,MG*,Na+,Rb+,CS,RB,NA,F,CL) mass first]
    RMSD: (!(:WAT,Cl*,CIO,Cs+,IB,K*,Li+,MG*,Na+,Rb+,CS,RB,NA,F,CL)), reference is first frame (!(:WAT,Cl*,CIO,Cs+,IB,K*,Li+,MG*,Na+,Rb+,CS,RB,NA,F,CL)), mass-weighted.
	Best-fit RMSD will be calculated, coords will be rotated and translated.
  [outtraj _GMXMMPBSA_complex.pdb pdb onlyframes 1 nobox]
	Saving frames 1
	Writing '_GMXMMPBSA_complex.pdb' as PDB
    OUTTRAJ: Writing frames associated with topology 'COM.prmtop'
  [outtraj _GMXMMPBSA_dummycomplex.inpcrd restart onlyframes 1 nobox]
	Saving frames 1
	Writing '_GMXMMPBSA_dummycomplex.inpcrd' as Amber Restart
    OUTTRAJ: Writing frames associated with topology 'COM.prmtop'
  [outtraj _GMXMMPBSA_complex.mdcrd.0 onlyframes 1-10 nobox]
Warning: Format not specified and extension '.0' not recognized. Defaulting to Amber Trajectory.
	Saving frames 1-10
	Writing '_GMXMMPBSA_complex.mdcrd.0' as Amber Trajectory
    OUTTRAJ: Writing frames associated with topology 'COM.prmtop'
  [outtraj _GMXMMPBSA_complex.mdcrd.1 onlyframes 11-20 nobox]
Warning: Format not specified and extension '.1' not recognized. Defaulting to Amber Trajectory.
	Saving frames 11-20
	Writing '_GMXMMPBSA_complex.mdcrd.1' as Amber Trajectory
    OUTTRAJ: Writing frames associated with topology 'COM.prmtop'
  [outtraj _GMXMMPBSA_complex.mdcrd.2 onlyframes 21-30 nobox]
Warning: Format not specified and extension '.2' not recognized. Defaulting to Amber Trajectory.
	Saving frames 21-30
	Writing '_GMXMMPBSA_complex.mdcrd.2' as Amber Trajectory
    OUTTRAJ: Writing frames associated with topology 'COM.prmtop'
  [outtraj _GMXMMPBSA_complex.mdcrd.3 onlyframes 31-40 nobox]
Warning: Format not specified and extension '.3' not recognized. Defaulting to Amber Trajectory.
	Saving frames 31-40
	Writing '_GMXMMPBSA_complex.mdcrd.3' as Amber Trajectory
    OUTTRAJ: Writing frames associated with topology 'COM.prmtop'
  [outtraj _GMXMMPBSA_complex.mdcrd.4 onlyframes 41-50 nobox]
Warning: Format not specified and extension '.4' not recognized. Defaulting to Amber Trajectory.
	Saving frames 41-50
	Writing '_GMXMMPBSA_complex.mdcrd.4' as Amber Trajectory
    OUTTRAJ: Writing frames associated with topology 'COM.prmtop'
  [outtraj _GMXMMPBSA_complex.mdcrd.5 onlyframes 51-60 nobox]
Warning: Format not specified and extension '.5' not recognized. Defaulting to Amber Trajectory.
	Saving frames 51-60
	Writing '_GMXMMPBSA_complex.mdcrd.5' as Amber Trajectory
    OUTTRAJ: Writing frames associated with topology 'COM.prmtop'
  [outtraj _GMXMMPBSA_complex.mdcrd.6 onlyframes 61-70 nobox]
Warning: Format not specified and extension '.6' not recognized. Defaulting to Amber Trajectory.
	Saving frames 61-70
	Writing '_GMXMMPBSA_complex.mdcrd.6' as Amber Trajectory
    OUTTRAJ: Writing frames associated with topology 'COM.prmtop'
  [outtraj _GMXMMPBSA_complex.mdcrd.7 onlyframes 71-79 nobox]
Warning: Format not specified and extension '.7' not recognized. Defaulting to Amber Trajectory.
	Saving frames 71-79
	Writing '_GMXMMPBSA_complex.mdcrd.7' as Amber Trajectory
    OUTTRAJ: Writing frames associated with topology 'COM.prmtop'
  [outtraj _GMXMMPBSA_complex.mdcrd.8 onlyframes 80-88 nobox]
Warning: Format not specified and extension '.8' not recognized. Defaulting to Amber Trajectory.
	Saving frames 80-88
	Writing '_GMXMMPBSA_complex.mdcrd.8' as Amber Trajectory
    OUTTRAJ: Writing frames associated with topology 'COM.prmtop'
  [outtraj _GMXMMPBSA_complex.mdcrd.9 onlyframes 89-97 nobox]
Warning: Format not specified and extension '.9' not recognized. Defaulting to Amber Trajectory.
	Saving frames 89-97
	Writing '_GMXMMPBSA_complex.mdcrd.9' as Amber Trajectory
    OUTTRAJ: Writing frames associated with topology 'COM.prmtop'
  [outtraj _GMXMMPBSA_complex.mdcrd.10 onlyframes 98-106 nobox]
Warning: Format not specified and extension '.10' not recognized. Defaulting to Amber Trajectory.
	Saving frames 98-106
	Writing '_GMXMMPBSA_complex.mdcrd.10' as Amber Trajectory
    OUTTRAJ: Writing frames associated with topology 'COM.prmtop'
  [outtraj _GMXMMPBSA_complex.mdcrd.11 onlyframes 107-115 nobox]
Warning: Format not specified and extension '.11' not recognized. Defaulting to Amber Trajectory.
	Saving frames 107-115
	Writing '_GMXMMPBSA_complex.mdcrd.11' as Amber Trajectory
    OUTTRAJ: Writing frames associated with topology 'COM.prmtop'
  [outtraj _GMXMMPBSA_complex.mdcrd.12 onlyframes 116-124 nobox]
Warning: Format not specified and extension '.12' not recognized. Defaulting to Amber Trajectory.
	Saving frames 116-124
	Writing '_GMXMMPBSA_complex.mdcrd.12' as Amber Trajectory
    OUTTRAJ: Writing frames associated with topology 'COM.prmtop'
  [outtraj _GMXMMPBSA_complex.mdcrd.13 onlyframes 125-133 nobox]
Warning: Format not specified and extension '.13' not recognized. Defaulting to Amber Trajectory.
	Saving frames 125-133
	Writing '_GMXMMPBSA_complex.mdcrd.13' as Amber Trajectory
    OUTTRAJ: Writing frames associated with topology 'COM.prmtop'
  [outtraj _GMXMMPBSA_complex.mdcrd.14 onlyframes 134-142 nobox]
Warning: Format not specified and extension '.14' not recognized. Defaulting to Amber Trajectory.
	Saving frames 134-142
	Writing '_GMXMMPBSA_complex.mdcrd.14' as Amber Trajectory
    OUTTRAJ: Writing frames associated with topology 'COM.prmtop'
  [outtraj _GMXMMPBSA_complex.mdcrd.15 onlyframes 143-151 nobox]
Warning: Format not specified and extension '.15' not recognized. Defaulting to Amber Trajectory.
	Saving frames 143-151
	Writing '_GMXMMPBSA_complex.mdcrd.15' as Amber Trajectory
    OUTTRAJ: Writing frames associated with topology 'COM.prmtop'
  [strip :185-413]
    STRIP: Stripping atoms in mask [:185-413]
  [outtraj _GMXMMPBSA_receptor.pdb pdb onlyframes 1 nobox]
	Saving frames 1
	Writing '_GMXMMPBSA_receptor.pdb' as PDB
    OUTTRAJ: Writing frames associated with topology 'COM.prmtop'
  [outtraj _GMXMMPBSA_dummyreceptor.inpcrd restart onlyframes 1 nobox]
	Saving frames 1
	Writing '_GMXMMPBSA_dummyreceptor.inpcrd' as Amber Restart
    OUTTRAJ: Writing frames associated with topology 'COM.prmtop'
  [outtraj _GMXMMPBSA_receptor.mdcrd.0 onlyframes 1-10 nobox]
Warning: Format not specified and extension '.0' not recognized. Defaulting to Amber Trajectory.
	Saving frames 1-10
	Writing '_GMXMMPBSA_receptor.mdcrd.0' as Amber Trajectory
    OUTTRAJ: Writing frames associated with topology 'COM.prmtop'
  [outtraj _GMXMMPBSA_receptor.mdcrd.1 onlyframes 11-20 nobox]
Warning: Format not specified and extension '.1' not recognized. Defaulting to Amber Trajectory.
	Saving frames 11-20
	Writing '_GMXMMPBSA_receptor.mdcrd.1' as Amber Trajectory
    OUTTRAJ: Writing frames associated with topology 'COM.prmtop'
  [outtraj _GMXMMPBSA_receptor.mdcrd.2 onlyframes 21-30 nobox]
Warning: Format not specified and extension '.2' not recognized. Defaulting to Amber Trajectory.
	Saving frames 21-30
	Writing '_GMXMMPBSA_receptor.mdcrd.2' as Amber Trajectory
    OUTTRAJ: Writing frames associated with topology 'COM.prmtop'
  [outtraj _GMXMMPBSA_receptor.mdcrd.3 onlyframes 31-40 nobox]
Warning: Format not specified and extension '.3' not recognized. Defaulting to Amber Trajectory.
	Saving frames 31-40
	Writing '_GMXMMPBSA_receptor.mdcrd.3' as Amber Trajectory
    OUTTRAJ: Writing frames associated with topology 'COM.prmtop'
  [outtraj _GMXMMPBSA_receptor.mdcrd.4 onlyframes 41-50 nobox]
Warning: Format not specified and extension '.4' not recognized. Defaulting to Amber Trajectory.
	Saving frames 41-50
	Writing '_GMXMMPBSA_receptor.mdcrd.4' as Amber Trajectory
    OUTTRAJ: Writing frames associated with topology 'COM.prmtop'
  [outtraj _GMXMMPBSA_receptor.mdcrd.5 onlyframes 51-60 nobox]
Warning: Format not specified and extension '.5' not recognized. Defaulting to Amber Trajectory.
	Saving frames 51-60
	Writing '_GMXMMPBSA_receptor.mdcrd.5' as Amber Trajectory
    OUTTRAJ: Writing frames associated with topology 'COM.prmtop'
  [outtraj _GMXMMPBSA_receptor.mdcrd.6 onlyframes 61-70 nobox]
Warning: Format not specified and extension '.6' not recognized. Defaulting to Amber Trajectory.
	Saving frames 61-70
	Writing '_GMXMMPBSA_receptor.mdcrd.6' as Amber Trajectory
    OUTTRAJ: Writing frames associated with topology 'COM.prmtop'
  [outtraj _GMXMMPBSA_receptor.mdcrd.7 onlyframes 71-79 nobox]
Warning: Format not specified and extension '.7' not recognized. Defaulting to Amber Trajectory.
	Saving frames 71-79
	Writing '_GMXMMPBSA_receptor.mdcrd.7' as Amber Trajectory
    OUTTRAJ: Writing frames associated with topology 'COM.prmtop'
  [outtraj _GMXMMPBSA_receptor.mdcrd.8 onlyframes 80-88 nobox]
Warning: Format not specified and extension '.8' not recognized. Defaulting to Amber Trajectory.
	Saving frames 80-88
	Writing '_GMXMMPBSA_receptor.mdcrd.8' as Amber Trajectory
    OUTTRAJ: Writing frames associated with topology 'COM.prmtop'
  [outtraj _GMXMMPBSA_receptor.mdcrd.9 onlyframes 89-97 nobox]
Warning: Format not specified and extension '.9' not recognized. Defaulting to Amber Trajectory.
	Saving frames 89-97
	Writing '_GMXMMPBSA_receptor.mdcrd.9' as Amber Trajectory
    OUTTRAJ: Writing frames associated with topology 'COM.prmtop'
  [outtraj _GMXMMPBSA_receptor.mdcrd.10 onlyframes 98-106 nobox]
Warning: Format not specified and extension '.10' not recognized. Defaulting to Amber Trajectory.
	Saving frames 98-106
	Writing '_GMXMMPBSA_receptor.mdcrd.10' as Amber Trajectory
    OUTTRAJ: Writing frames associated with topology 'COM.prmtop'
  [outtraj _GMXMMPBSA_receptor.mdcrd.11 onlyframes 107-115 nobox]
Warning: Format not specified and extension '.11' not recognized. Defaulting to Amber Trajectory.
	Saving frames 107-115
	Writing '_GMXMMPBSA_receptor.mdcrd.11' as Amber Trajectory
    OUTTRAJ: Writing frames associated with topology 'COM.prmtop'
  [outtraj _GMXMMPBSA_receptor.mdcrd.12 onlyframes 116-124 nobox]
Warning: Format not specified and extension '.12' not recognized. Defaulting to Amber Trajectory.
	Saving frames 116-124
	Writing '_GMXMMPBSA_receptor.mdcrd.12' as Amber Trajectory
    OUTTRAJ: Writing frames associated with topology 'COM.prmtop'
  [outtraj _GMXMMPBSA_receptor.mdcrd.13 onlyframes 125-133 nobox]
Warning: Format not specified and extension '.13' not recognized. Defaulting to Amber Trajectory.
	Saving frames 125-133
	Writing '_GMXMMPBSA_receptor.mdcrd.13' as Amber Trajectory
    OUTTRAJ: Writing frames associated with topology 'COM.prmtop'
  [outtraj _GMXMMPBSA_receptor.mdcrd.14 onlyframes 134-142 nobox]
Warning: Format not specified and extension '.14' not recognized. Defaulting to Amber Trajectory.
	Saving frames 134-142
	Writing '_GMXMMPBSA_receptor.mdcrd.14' as Amber Trajectory
    OUTTRAJ: Writing frames associated with topology 'COM.prmtop'
  [outtraj _GMXMMPBSA_receptor.mdcrd.15 onlyframes 143-151 nobox]
Warning: Format not specified and extension '.15' not recognized. Defaulting to Amber Trajectory.
	Saving frames 143-151
	Writing '_GMXMMPBSA_receptor.mdcrd.15' as Amber Trajectory
    OUTTRAJ: Writing frames associated with topology 'COM.prmtop'
  [unstrip]
  [rmsd !(:WAT,Cl*,CIO,Cs+,IB,K*,Li+,MG*,Na+,Rb+,CS,RB,NA,F,CL) mass first]
    RMSD: (!(:WAT,Cl*,CIO,Cs+,IB,K*,Li+,MG*,Na+,Rb+,CS,RB,NA,F,CL)), reference is first frame (!(:WAT,Cl*,CIO,Cs+,IB,K*,Li+,MG*,Na+,Rb+,CS,RB,NA,F,CL)), mass-weighted.
	Best-fit RMSD will be calculated, coords will be rotated and translated.
  [strip :1-184]
    STRIP: Stripping atoms in mask [:1-184]
  [outtraj _GMXMMPBSA_ligand.pdb pdb onlyframes 1 nobox]
	Saving frames 1
	Writing '_GMXMMPBSA_ligand.pdb' as PDB
    OUTTRAJ: Writing frames associated with topology 'COM.prmtop'
  [outtraj _GMXMMPBSA_dummyligand.inpcrd restart onlyframes 1 nobox]
	Saving frames 1
	Writing '_GMXMMPBSA_dummyligand.inpcrd' as Amber Restart
    OUTTRAJ: Writing frames associated with topology 'COM.prmtop'
  [outtraj _GMXMMPBSA_ligand.mdcrd.0 onlyframes 1-10 nobox]
Warning: Format not specified and extension '.0' not recognized. Defaulting to Amber Trajectory.
	Saving frames 1-10
	Writing '_GMXMMPBSA_ligand.mdcrd.0' as Amber Trajectory
    OUTTRAJ: Writing frames associated with topology 'COM.prmtop'
  [outtraj _GMXMMPBSA_ligand.mdcrd.1 onlyframes 11-20 nobox]
Warning: Format not specified and extension '.1' not recognized. Defaulting to Amber Trajectory.
	Saving frames 11-20
	Writing '_GMXMMPBSA_ligand.mdcrd.1' as Amber Trajectory
    OUTTRAJ: Writing frames associated with topology 'COM.prmtop'
  [outtraj _GMXMMPBSA_ligand.mdcrd.2 onlyframes 21-30 nobox]
Warning: Format not specified and extension '.2' not recognized. Defaulting to Amber Trajectory.
	Saving frames 21-30
	Writing '_GMXMMPBSA_ligand.mdcrd.2' as Amber Trajectory
    OUTTRAJ: Writing frames associated with topology 'COM.prmtop'
  [outtraj _GMXMMPBSA_ligand.mdcrd.3 onlyframes 31-40 nobox]
Warning: Format not specified and extension '.3' not recognized. Defaulting to Amber Trajectory.
	Saving frames 31-40
	Writing '_GMXMMPBSA_ligand.mdcrd.3' as Amber Trajectory
    OUTTRAJ: Writing frames associated with topology 'COM.prmtop'
  [outtraj _GMXMMPBSA_ligand.mdcrd.4 onlyframes 41-50 nobox]
Warning: Format not specified and extension '.4' not recognized. Defaulting to Amber Trajectory.
	Saving frames 41-50
	Writing '_GMXMMPBSA_ligand.mdcrd.4' as Amber Trajectory
    OUTTRAJ: Writing frames associated with topology 'COM.prmtop'
  [outtraj _GMXMMPBSA_ligand.mdcrd.5 onlyframes 51-60 nobox]
Warning: Format not specified and extension '.5' not recognized. Defaulting to Amber Trajectory.
	Saving frames 51-60
	Writing '_GMXMMPBSA_ligand.mdcrd.5' as Amber Trajectory
    OUTTRAJ: Writing frames associated with topology 'COM.prmtop'
  [outtraj _GMXMMPBSA_ligand.mdcrd.6 onlyframes 61-70 nobox]
Warning: Format not specified and extension '.6' not recognized. Defaulting to Amber Trajectory.
	Saving frames 61-70
	Writing '_GMXMMPBSA_ligand.mdcrd.6' as Amber Trajectory
    OUTTRAJ: Writing frames associated with topology 'COM.prmtop'
  [outtraj _GMXMMPBSA_ligand.mdcrd.7 onlyframes 71-79 nobox]
Warning: Format not specified and extension '.7' not recognized. Defaulting to Amber Trajectory.
	Saving frames 71-79
	Writing '_GMXMMPBSA_ligand.mdcrd.7' as Amber Trajectory
    OUTTRAJ: Writing frames associated with topology 'COM.prmtop'
  [outtraj _GMXMMPBSA_ligand.mdcrd.8 onlyframes 80-88 nobox]
Warning: Format not specified and extension '.8' not recognized. Defaulting to Amber Trajectory.
	Saving frames 80-88
	Writing '_GMXMMPBSA_ligand.mdcrd.8' as Amber Trajectory
    OUTTRAJ: Writing frames associated with topology 'COM.prmtop'
  [outtraj _GMXMMPBSA_ligand.mdcrd.9 onlyframes 89-97 nobox]
Warning: Format not specified and extension '.9' not recognized. Defaulting to Amber Trajectory.
	Saving frames 89-97
	Writing '_GMXMMPBSA_ligand.mdcrd.9' as Amber Trajectory
    OUTTRAJ: Writing frames associated with topology 'COM.prmtop'
  [outtraj _GMXMMPBSA_ligand.mdcrd.10 onlyframes 98-106 nobox]
Warning: Format not specified and extension '.10' not recognized. Defaulting to Amber Trajectory.
	Saving frames 98-106
	Writing '_GMXMMPBSA_ligand.mdcrd.10' as Amber Trajectory
    OUTTRAJ: Writing frames associated with topology 'COM.prmtop'
  [outtraj _GMXMMPBSA_ligand.mdcrd.11 onlyframes 107-115 nobox]
Warning: Format not specified and extension '.11' not recognized. Defaulting to Amber Trajectory.
	Saving frames 107-115
	Writing '_GMXMMPBSA_ligand.mdcrd.11' as Amber Trajectory
    OUTTRAJ: Writing frames associated with topology 'COM.prmtop'
  [outtraj _GMXMMPBSA_ligand.mdcrd.12 onlyframes 116-124 nobox]
Warning: Format not specified and extension '.12' not recognized. Defaulting to Amber Trajectory.
	Saving frames 116-124
	Writing '_GMXMMPBSA_ligand.mdcrd.12' as Amber Trajectory
    OUTTRAJ: Writing frames associated with topology 'COM.prmtop'
  [outtraj _GMXMMPBSA_ligand.mdcrd.13 onlyframes 125-133 nobox]
Warning: Format not specified and extension '.13' not recognized. Defaulting to Amber Trajectory.
	Saving frames 125-133
	Writing '_GMXMMPBSA_ligand.mdcrd.13' as Amber Trajectory
    OUTTRAJ: Writing frames associated with topology 'COM.prmtop'
  [outtraj _GMXMMPBSA_ligand.mdcrd.14 onlyframes 134-142 nobox]
Warning: Format not specified and extension '.14' not recognized. Defaulting to Amber Trajectory.
	Saving frames 134-142
	Writing '_GMXMMPBSA_ligand.mdcrd.14' as Amber Trajectory
    OUTTRAJ: Writing frames associated with topology 'COM.prmtop'
  [outtraj _GMXMMPBSA_ligand.mdcrd.15 onlyframes 143-151 nobox]
Warning: Format not specified and extension '.15' not recognized. Defaulting to Amber Trajectory.
	Saving frames 143-151
	Writing '_GMXMMPBSA_ligand.mdcrd.15' as Amber Trajectory
    OUTTRAJ: Writing frames associated with topology 'COM.prmtop'
  [unstrip]
  [rmsd !(:WAT,Cl*,CIO,Cs+,IB,K*,Li+,MG*,Na+,Rb+,CS,RB,NA,F,CL) mass first]
    RMSD: (!(:WAT,Cl*,CIO,Cs+,IB,K*,Li+,MG*,Na+,Rb+,CS,RB,NA,F,CL)), reference is first frame (!(:WAT,Cl*,CIO,Cs+,IB,K*,Li+,MG*,Na+,Rb+,CS,RB,NA,F,CL)), mass-weighted.
	Best-fit RMSD will be calculated, coords will be rotated and translated.
---------- RUN BEGIN -------------------------------------------------

PARAMETER FILES (1 total):
 0: COM.prmtop, 6398 atoms, 413 res, box: Orthorhombic, 4 mol

INPUT TRAJECTORIES (1 total):
 0: 'COM_traj_0.xtc' is a GROMACS XTC file, Parm COM.prmtop (Orthorhombic box) (reading 151 of 151)
  Coordinate processing will occur on 151 frames.

BEGIN TRAJECTORY PROCESSING:
.....................................................
ACTION SETUP FOR PARM 'COM.prmtop' (61 actions):
  0: [rmsd !(:WAT,Cl*,CIO,Cs+,IB,K*,Li+,MG*,Na+,Rb+,CS,RB,NA,F,CL) mass first]
	Target mask: [!(:WAT,Cl*,CIO,Cs+,IB,K*,Li+,MG*,Na+,Rb+,CS,RB,NA,F,CL)](6398)
	Reference topology: COM.prmtop
	Reference mask: [!(:WAT,Cl*,CIO,Cs+,IB,K*,Li+,MG*,Na+,Rb+,CS,RB,NA,F,CL)](6398)
  1: [outtraj _GMXMMPBSA_complex.pdb pdb onlyframes 1 nobox]
        '_GMXMMPBSA_complex.pdb' is a PDB file, Parm COM.prmtop no box info,: Writing frames 1
	Has coordinates, time
  2: [outtraj _GMXMMPBSA_dummycomplex.inpcrd restart onlyframes 1 nobox]
        '_GMXMMPBSA_dummycomplex.inpcrd' is an AMBER restart file, Parm COM.prmtop no box info,: Writing frames 1
	Has coordinates, time
  3: [outtraj _GMXMMPBSA_complex.mdcrd.0 onlyframes 1-10 nobox]
        '_GMXMMPBSA_complex.mdcrd.0' is an AMBER trajectory, Parm COM.prmtop no box info,: Writing frames 1-10
	Has coordinates, time
  4: [outtraj _GMXMMPBSA_complex.mdcrd.1 onlyframes 11-20 nobox]
        '_GMXMMPBSA_complex.mdcrd.1' is an AMBER trajectory, Parm COM.prmtop no box info,: Writing frames 11-20
	Has coordinates, time
  5: [outtraj _GMXMMPBSA_complex.mdcrd.2 onlyframes 21-30 nobox]
        '_GMXMMPBSA_complex.mdcrd.2' is an AMBER trajectory, Parm COM.prmtop no box info,: Writing frames 21-30
	Has coordinates, time
  6: [outtraj _GMXMMPBSA_complex.mdcrd.3 onlyframes 31-40 nobox]
        '_GMXMMPBSA_complex.mdcrd.3' is an AMBER trajectory, Parm COM.prmtop no box info,: Writing frames 31-40
	Has coordinates, time
  7: [outtraj _GMXMMPBSA_complex.mdcrd.4 onlyframes 41-50 nobox]
        '_GMXMMPBSA_complex.mdcrd.4' is an AMBER trajectory, Parm COM.prmtop no box info,: Writing frames 41-50
	Has coordinates, time
  8: [outtraj _GMXMMPBSA_complex.mdcrd.5 onlyframes 51-60 nobox]
        '_GMXMMPBSA_complex.mdcrd.5' is an AMBER trajectory, Parm COM.prmtop no box info,: Writing frames 51-60
	Has coordinates, time
  9: [outtraj _GMXMMPBSA_complex.mdcrd.6 onlyframes 61-70 nobox]
        '_GMXMMPBSA_complex.mdcrd.6' is an AMBER trajectory, Parm COM.prmtop no box info,: Writing frames 61-70
	Has coordinates, time
  10: [outtraj _GMXMMPBSA_complex.mdcrd.7 onlyframes 71-79 nobox]
        '_GMXMMPBSA_complex.mdcrd.7' is an AMBER trajectory, Parm COM.prmtop no box info,: Writing frames 71-79
	Has coordinates, time
  11: [outtraj _GMXMMPBSA_complex.mdcrd.8 onlyframes 80-88 nobox]
        '_GMXMMPBSA_complex.mdcrd.8' is an AMBER trajectory, Parm COM.prmtop no box info,: Writing frames 80-88
	Has coordinates, time
  12: [outtraj _GMXMMPBSA_complex.mdcrd.9 onlyframes 89-97 nobox]
        '_GMXMMPBSA_complex.mdcrd.9' is an AMBER trajectory, Parm COM.prmtop no box info,: Writing frames 89-97
	Has coordinates, time
  13: [outtraj _GMXMMPBSA_complex.mdcrd.10 onlyframes 98-106 nobox]
        '_GMXMMPBSA_complex.mdcrd.10' is an AMBER trajectory, Parm COM.prmtop no box info,: Writing frames 98-106
	Has coordinates, time
  14: [outtraj _GMXMMPBSA_complex.mdcrd.11 onlyframes 107-115 nobox]
        '_GMXMMPBSA_complex.mdcrd.11' is an AMBER trajectory, Parm COM.prmtop no box info,: Writing frames 107-115
	Has coordinates, time
  15: [outtraj _GMXMMPBSA_complex.mdcrd.12 onlyframes 116-124 nobox]
        '_GMXMMPBSA_complex.mdcrd.12' is an AMBER trajectory, Parm COM.prmtop no box info,: Writing frames 116-124
	Has coordinates, time
  16: [outtraj _GMXMMPBSA_complex.mdcrd.13 onlyframes 125-133 nobox]
        '_GMXMMPBSA_complex.mdcrd.13' is an AMBER trajectory, Parm COM.prmtop no box info,: Writing frames 125-133
	Has coordinates, time
  17: [outtraj _GMXMMPBSA_complex.mdcrd.14 onlyframes 134-142 nobox]
        '_GMXMMPBSA_complex.mdcrd.14' is an AMBER trajectory, Parm COM.prmtop no box info,: Writing frames 134-142
	Has coordinates, time
  18: [outtraj _GMXMMPBSA_complex.mdcrd.15 onlyframes 143-151 nobox]
        '_GMXMMPBSA_complex.mdcrd.15' is an AMBER trajectory, Parm COM.prmtop no box info,: Writing frames 143-151
	Has coordinates, time
  19: [strip :185-413]
	Stripping 3478 atoms.
	Stripped topology: 2920 atoms, 184 res, box: Orthorhombic, 2 mol
  20: [outtraj _GMXMMPBSA_receptor.pdb pdb onlyframes 1 nobox]
        '_GMXMMPBSA_receptor.pdb' is a PDB file, Parm COM.prmtop no box info,: Writing frames 1
	Has coordinates, time
  21: [outtraj _GMXMMPBSA_dummyreceptor.inpcrd restart onlyframes 1 nobox]
        '_GMXMMPBSA_dummyreceptor.inpcrd' is an AMBER restart file, Parm COM.prmtop no box info,: Writing frames 1
	Has coordinates, time
  22: [outtraj _GMXMMPBSA_receptor.mdcrd.0 onlyframes 1-10 nobox]
        '_GMXMMPBSA_receptor.mdcrd.0' is an AMBER trajectory, Parm COM.prmtop no box info,: Writing frames 1-10
	Has coordinates, time
  23: [outtraj _GMXMMPBSA_receptor.mdcrd.1 onlyframes 11-20 nobox]
        '_GMXMMPBSA_receptor.mdcrd.1' is an AMBER trajectory, Parm COM.prmtop no box info,: Writing frames 11-20
	Has coordinates, time
  24: [outtraj _GMXMMPBSA_receptor.mdcrd.2 onlyframes 21-30 nobox]
        '_GMXMMPBSA_receptor.mdcrd.2' is an AMBER trajectory, Parm COM.prmtop no box info,: Writing frames 21-30
	Has coordinates, time
  25: [outtraj _GMXMMPBSA_receptor.mdcrd.3 onlyframes 31-40 nobox]
        '_GMXMMPBSA_receptor.mdcrd.3' is an AMBER trajectory, Parm COM.prmtop no box info,: Writing frames 31-40
	Has coordinates, time
  26: [outtraj _GMXMMPBSA_receptor.mdcrd.4 onlyframes 41-50 nobox]
        '_GMXMMPBSA_receptor.mdcrd.4' is an AMBER trajectory, Parm COM.prmtop no box info,: Writing frames 41-50
	Has coordinates, time
  27: [outtraj _GMXMMPBSA_receptor.mdcrd.5 onlyframes 51-60 nobox]
        '_GMXMMPBSA_receptor.mdcrd.5' is an AMBER trajectory, Parm COM.prmtop no box info,: Writing frames 51-60
	Has coordinates, time
  28: [outtraj _GMXMMPBSA_receptor.mdcrd.6 onlyframes 61-70 nobox]
        '_GMXMMPBSA_receptor.mdcrd.6' is an AMBER trajectory, Parm COM.prmtop no box info,: Writing frames 61-70
	Has coordinates, time
  29: [outtraj _GMXMMPBSA_receptor.mdcrd.7 onlyframes 71-79 nobox]
        '_GMXMMPBSA_receptor.mdcrd.7' is an AMBER trajectory, Parm COM.prmtop no box info,: Writing frames 71-79
	Has coordinates, time
  30: [outtraj _GMXMMPBSA_receptor.mdcrd.8 onlyframes 80-88 nobox]
        '_GMXMMPBSA_receptor.mdcrd.8' is an AMBER trajectory, Parm COM.prmtop no box info,: Writing frames 80-88
	Has coordinates, time
  31: [outtraj _GMXMMPBSA_receptor.mdcrd.9 onlyframes 89-97 nobox]
        '_GMXMMPBSA_receptor.mdcrd.9' is an AMBER trajectory, Parm COM.prmtop no box info,: Writing frames 89-97
	Has coordinates, time
  32: [outtraj _GMXMMPBSA_receptor.mdcrd.10 onlyframes 98-106 nobox]
        '_GMXMMPBSA_receptor.mdcrd.10' is an AMBER trajectory, Parm COM.prmtop no box info,: Writing frames 98-106
	Has coordinates, time
  33: [outtraj _GMXMMPBSA_receptor.mdcrd.11 onlyframes 107-115 nobox]
        '_GMXMMPBSA_receptor.mdcrd.11' is an AMBER trajectory, Parm COM.prmtop no box info,: Writing frames 107-115
	Has coordinates, time
  34: [outtraj _GMXMMPBSA_receptor.mdcrd.12 onlyframes 116-124 nobox]
        '_GMXMMPBSA_receptor.mdcrd.12' is an AMBER trajectory, Parm COM.prmtop no box info,: Writing frames 116-124
	Has coordinates, time
  35: [outtraj _GMXMMPBSA_receptor.mdcrd.13 onlyframes 125-133 nobox]
        '_GMXMMPBSA_receptor.mdcrd.13' is an AMBER trajectory, Parm COM.prmtop no box info,: Writing frames 125-133
	Has coordinates, time
  36: [outtraj _GMXMMPBSA_receptor.mdcrd.14 onlyframes 134-142 nobox]
        '_GMXMMPBSA_receptor.mdcrd.14' is an AMBER trajectory, Parm COM.prmtop no box info,: Writing frames 134-142
	Has coordinates, time
  37: [outtraj _GMXMMPBSA_receptor.mdcrd.15 onlyframes 143-151 nobox]
        '_GMXMMPBSA_receptor.mdcrd.15' is an AMBER trajectory, Parm COM.prmtop no box info,: Writing frames 143-151
	Has coordinates, time
  38: [unstrip]
  39: [rmsd !(:WAT,Cl*,CIO,Cs+,IB,K*,Li+,MG*,Na+,Rb+,CS,RB,NA,F,CL) mass first]
	Target mask: [!(:WAT,Cl*,CIO,Cs+,IB,K*,Li+,MG*,Na+,Rb+,CS,RB,NA,F,CL)](6398)
	Reference topology: COM.prmtop
	Reference mask: [!(:WAT,Cl*,CIO,Cs+,IB,K*,Li+,MG*,Na+,Rb+,CS,RB,NA,F,CL)](6398)
  40: [strip :1-184]
	Stripping 2920 atoms.
	Stripped topology: 3478 atoms, 229 res, box: Orthorhombic, 2 mol
  41: [outtraj _GMXMMPBSA_ligand.pdb pdb onlyframes 1 nobox]
        '_GMXMMPBSA_ligand.pdb' is a PDB file, Parm COM.prmtop no box info,: Writing frames 1
	Has coordinates, time
  42: [outtraj _GMXMMPBSA_dummyligand.inpcrd restart onlyframes 1 nobox]
        '_GMXMMPBSA_dummyligand.inpcrd' is an AMBER restart file, Parm COM.prmtop no box info,: Writing frames 1
	Has coordinates, time
  43: [outtraj _GMXMMPBSA_ligand.mdcrd.0 onlyframes 1-10 nobox]
        '_GMXMMPBSA_ligand.mdcrd.0' is an AMBER trajectory, Parm COM.prmtop no box info,: Writing frames 1-10
	Has coordinates, time
  44: [outtraj _GMXMMPBSA_ligand.mdcrd.1 onlyframes 11-20 nobox]
        '_GMXMMPBSA_ligand.mdcrd.1' is an AMBER trajectory, Parm COM.prmtop no box info,: Writing frames 11-20
	Has coordinates, time
  45: [outtraj _GMXMMPBSA_ligand.mdcrd.2 onlyframes 21-30 nobox]
        '_GMXMMPBSA_ligand.mdcrd.2' is an AMBER trajectory, Parm COM.prmtop no box info,: Writing frames 21-30
	Has coordinates, time
  46: [outtraj _GMXMMPBSA_ligand.mdcrd.3 onlyframes 31-40 nobox]
        '_GMXMMPBSA_ligand.mdcrd.3' is an AMBER trajectory, Parm COM.prmtop no box info,: Writing frames 31-40
	Has coordinates, time
  47: [outtraj _GMXMMPBSA_ligand.mdcrd.4 onlyframes 41-50 nobox]
        '_GMXMMPBSA_ligand.mdcrd.4' is an AMBER trajectory, Parm COM.prmtop no box info,: Writing frames 41-50
	Has coordinates, time
  48: [outtraj _GMXMMPBSA_ligand.mdcrd.5 onlyframes 51-60 nobox]
        '_GMXMMPBSA_ligand.mdcrd.5' is an AMBER trajectory, Parm COM.prmtop no box info,: Writing frames 51-60
	Has coordinates, time
  49: [outtraj _GMXMMPBSA_ligand.mdcrd.6 onlyframes 61-70 nobox]
        '_GMXMMPBSA_ligand.mdcrd.6' is an AMBER trajectory, Parm COM.prmtop no box info,: Writing frames 61-70
	Has coordinates, time
  50: [outtraj _GMXMMPBSA_ligand.mdcrd.7 onlyframes 71-79 nobox]
        '_GMXMMPBSA_ligand.mdcrd.7' is an AMBER trajectory, Parm COM.prmtop no box info,: Writing frames 71-79
	Has coordinates, time
  51: [outtraj _GMXMMPBSA_ligand.mdcrd.8 onlyframes 80-88 nobox]
        '_GMXMMPBSA_ligand.mdcrd.8' is an AMBER trajectory, Parm COM.prmtop no box info,: Writing frames 80-88
	Has coordinates, time
  52: [outtraj _GMXMMPBSA_ligand.mdcrd.9 onlyframes 89-97 nobox]
        '_GMXMMPBSA_ligand.mdcrd.9' is an AMBER trajectory, Parm COM.prmtop no box info,: Writing frames 89-97
	Has coordinates, time
  53: [outtraj _GMXMMPBSA_ligand.mdcrd.10 onlyframes 98-106 nobox]
        '_GMXMMPBSA_ligand.mdcrd.10' is an AMBER trajectory, Parm COM.prmtop no box info,: Writing frames 98-106
	Has coordinates, time
  54: [outtraj _GMXMMPBSA_ligand.mdcrd.11 onlyframes 107-115 nobox]
        '_GMXMMPBSA_ligand.mdcrd.11' is an AMBER trajectory, Parm COM.prmtop no box info,: Writing frames 107-115
	Has coordinates, time
  55: [outtraj _GMXMMPBSA_ligand.mdcrd.12 onlyframes 116-124 nobox]
        '_GMXMMPBSA_ligand.mdcrd.12' is an AMBER trajectory, Parm COM.prmtop no box info,: Writing frames 116-124
	Has coordinates, time
  56: [outtraj _GMXMMPBSA_ligand.mdcrd.13 onlyframes 125-133 nobox]
        '_GMXMMPBSA_ligand.mdcrd.13' is an AMBER trajectory, Parm COM.prmtop no box info,: Writing frames 125-133
	Has coordinates, time
  57: [outtraj _GMXMMPBSA_ligand.mdcrd.14 onlyframes 134-142 nobox]
        '_GMXMMPBSA_ligand.mdcrd.14' is an AMBER trajectory, Parm COM.prmtop no box info,: Writing frames 134-142
	Has coordinates, time
  58: [outtraj _GMXMMPBSA_ligand.mdcrd.15 onlyframes 143-151 nobox]
        '_GMXMMPBSA_ligand.mdcrd.15' is an AMBER trajectory, Parm COM.prmtop no box info,: Writing frames 143-151
	Has coordinates, time
  59: [unstrip]
  60: [rmsd !(:WAT,Cl*,CIO,Cs+,IB,K*,Li+,MG*,Na+,Rb+,CS,RB,NA,F,CL) mass first]
	Target mask: [!(:WAT,Cl*,CIO,Cs+,IB,K*,Li+,MG*,Na+,Rb+,CS,RB,NA,F,CL)](6398)
	Reference topology: COM.prmtop
	Reference mask: [!(:WAT,Cl*,CIO,Cs+,IB,K*,Li+,MG*,Na+,Rb+,CS,RB,NA,F,CL)](6398)
----- COM_traj_0.xtc (1-151, 1) -----

Read 151 frames and processed 151 frames.
TIME: Avg. throughput= 173.7146 frames / second.

ACTION OUTPUT:
    OUTTRAJ: '_GMXMMPBSA_complex.pdb': Wrote 1 frames.
    OUTTRAJ: '_GMXMMPBSA_dummycomplex.inpcrd': Wrote 1 frames.
    OUTTRAJ: '_GMXMMPBSA_complex.mdcrd.0': Wrote 10 frames.
    OUTTRAJ: '_GMXMMPBSA_complex.mdcrd.1': Wrote 10 frames.
    OUTTRAJ: '_GMXMMPBSA_complex.mdcrd.2': Wrote 10 frames.
    OUTTRAJ: '_GMXMMPBSA_complex.mdcrd.3': Wrote 10 frames.
    OUTTRAJ: '_GMXMMPBSA_complex.mdcrd.4': Wrote 10 frames.
    OUTTRAJ: '_GMXMMPBSA_complex.mdcrd.5': Wrote 10 frames.
    OUTTRAJ: '_GMXMMPBSA_complex.mdcrd.6': Wrote 10 frames.
    OUTTRAJ: '_GMXMMPBSA_complex.mdcrd.7': Wrote 9 frames.
    OUTTRAJ: '_GMXMMPBSA_complex.mdcrd.8': Wrote 9 frames.
    OUTTRAJ: '_GMXMMPBSA_complex.mdcrd.9': Wrote 9 frames.
    OUTTRAJ: '_GMXMMPBSA_complex.mdcrd.10': Wrote 9 frames.
    OUTTRAJ: '_GMXMMPBSA_complex.mdcrd.11': Wrote 9 frames.
    OUTTRAJ: '_GMXMMPBSA_complex.mdcrd.12': Wrote 9 frames.
    OUTTRAJ: '_GMXMMPBSA_complex.mdcrd.13': Wrote 9 frames.
    OUTTRAJ: '_GMXMMPBSA_complex.mdcrd.14': Wrote 9 frames.
    OUTTRAJ: '_GMXMMPBSA_complex.mdcrd.15': Wrote 9 frames.
    OUTTRAJ: '_GMXMMPBSA_receptor.pdb': Wrote 1 frames.
    OUTTRAJ: '_GMXMMPBSA_dummyreceptor.inpcrd': Wrote 1 frames.
    OUTTRAJ: '_GMXMMPBSA_receptor.mdcrd.0': Wrote 10 frames.
    OUTTRAJ: '_GMXMMPBSA_receptor.mdcrd.1': Wrote 10 frames.
    OUTTRAJ: '_GMXMMPBSA_receptor.mdcrd.2': Wrote 10 frames.
    OUTTRAJ: '_GMXMMPBSA_receptor.mdcrd.3': Wrote 10 frames.
    OUTTRAJ: '_GMXMMPBSA_receptor.mdcrd.4': Wrote 10 frames.
    OUTTRAJ: '_GMXMMPBSA_receptor.mdcrd.5': Wrote 10 frames.
    OUTTRAJ: '_GMXMMPBSA_receptor.mdcrd.6': Wrote 10 frames.
    OUTTRAJ: '_GMXMMPBSA_receptor.mdcrd.7': Wrote 9 frames.
    OUTTRAJ: '_GMXMMPBSA_receptor.mdcrd.8': Wrote 9 frames.
    OUTTRAJ: '_GMXMMPBSA_receptor.mdcrd.9': Wrote 9 frames.
    OUTTRAJ: '_GMXMMPBSA_receptor.mdcrd.10': Wrote 9 frames.
    OUTTRAJ: '_GMXMMPBSA_receptor.mdcrd.11': Wrote 9 frames.
    OUTTRAJ: '_GMXMMPBSA_receptor.mdcrd.12': Wrote 9 frames.
    OUTTRAJ: '_GMXMMPBSA_receptor.mdcrd.13': Wrote 9 frames.
    OUTTRAJ: '_GMXMMPBSA_receptor.mdcrd.14': Wrote 9 frames.
    OUTTRAJ: '_GMXMMPBSA_receptor.mdcrd.15': Wrote 9 frames.
    OUTTRAJ: '_GMXMMPBSA_ligand.pdb': Wrote 1 frames.
    OUTTRAJ: '_GMXMMPBSA_dummyligand.inpcrd': Wrote 1 frames.
    OUTTRAJ: '_GMXMMPBSA_ligand.mdcrd.0': Wrote 10 frames.
    OUTTRAJ: '_GMXMMPBSA_ligand.mdcrd.1': Wrote 10 frames.
    OUTTRAJ: '_GMXMMPBSA_ligand.mdcrd.2': Wrote 10 frames.
    OUTTRAJ: '_GMXMMPBSA_ligand.mdcrd.3': Wrote 10 frames.
    OUTTRAJ: '_GMXMMPBSA_ligand.mdcrd.4': Wrote 10 frames.
    OUTTRAJ: '_GMXMMPBSA_ligand.mdcrd.5': Wrote 10 frames.
    OUTTRAJ: '_GMXMMPBSA_ligand.mdcrd.6': Wrote 10 frames.
    OUTTRAJ: '_GMXMMPBSA_ligand.mdcrd.7': Wrote 9 frames.
    OUTTRAJ: '_GMXMMPBSA_ligand.mdcrd.8': Wrote 9 frames.
    OUTTRAJ: '_GMXMMPBSA_ligand.mdcrd.9': Wrote 9 frames.
    OUTTRAJ: '_GMXMMPBSA_ligand.mdcrd.10': Wrote 9 frames.
    OUTTRAJ: '_GMXMMPBSA_ligand.mdcrd.11': Wrote 9 frames.
    OUTTRAJ: '_GMXMMPBSA_ligand.mdcrd.12': Wrote 9 frames.
    OUTTRAJ: '_GMXMMPBSA_ligand.mdcrd.13': Wrote 9 frames.
    OUTTRAJ: '_GMXMMPBSA_ligand.mdcrd.14': Wrote 9 frames.
    OUTTRAJ: '_GMXMMPBSA_ligand.mdcrd.15': Wrote 9 frames.
TIME: Analyses took 0.0000 seconds.

DATASETS (3 total):
	RMSD_00001 "RMSD_00001" (double, rms), size is 151 (1.208 kB)
	RMSD_00002 "RMSD_00002" (double, rms), size is 151 (1.208 kB)
	RMSD_00003 "RMSD_00003" (double, rms), size is 151 (1.208 kB)
    Total data set memory usage is at least 3.624 kB

RUN TIMING:
TIME:		Init               : 0.0000 s (  0.00%)
TIME:		Trajectory Process : 0.8692 s ( 99.96%)
TIME:		Action Post        : 0.0000 s (  0.00%)
TIME:		Analysis           : 0.0000 s (  0.00%)
TIME:		Data File Write    : 0.0000 s (  0.00%)
TIME:		Other              : 0.0003 s (  0.00%)
TIME:	Run Total 0.8696 s
---------- RUN END ---------------------------------------------------
TIME: Total execution time: 0.8780 seconds.
--------------------------------------------------------------------------------
To cite CPPTRAJ use:
Daniel R. Roe and Thomas E. Cheatham, III, "PTRAJ and CPPTRAJ: Software for
  Processing and Analysis of Molecular Dynamics Trajectory Data". J. Chem.
  Theory Comput., 2013, 9 (7), pp 3084-3095.

