[INFO   ] Starting gmx_MMPBSA 1.6.4
[INFO   ] Command-line
  mpirun -np 16 gmx_MMPBSA MPI -O -i mmpbsa_LinearPB_amber99SB_ILDN.in -cs cycle1_newGRO.tpr -ci index.ndx -cg 0 1 -ct cycle1_noPBC.xtc -cr ./cycle1_starting_protein.pdb -cp topol_protein.top -eo gmx_MMPBSA_plot.csv -deo FINAL_DECOMP_MMPBSA.csv -nogui

[INFO   ] Checking mmpbsa_LinearPB_amber99SB_ILDN.in input file...
[INFO   ] Checking mmpbsa_LinearPB_amber99SB_ILDN.in input file...Done.

[INFO   ] Checking external programs...
[INFO   ] cpptraj found! Using /home/bio/ls/envs/gmxMMPBSA/bin/cpptraj
[INFO   ] tleap found! Using /home/bio/ls/envs/gmxMMPBSA/bin/tleap
[INFO   ] parmchk2 found! Using /home/bio/ls/envs/gmxMMPBSA/bin/parmchk2
[INFO   ] sander found! Using /home/bio/ls/envs/gmxMMPBSA/bin/sander
[INFO   ] Using GROMACS version > 5.x.x!
[INFO   ] gmx found! Using /opt/gromacs-2024.4/bin/gmx
[INFO   ] Checking external programs...Done.

[INFO   ] Building AMBER topologies from GROMACS files...
[INFO   ] Get PDB files from GROMACS structures files...
[INFO   ] Making gmx_MMPBSA index for complex...
[INFO   ] Normal Complex: Saving group receptor_ligand (0_1) in _GMXMMPBSA_COM_index.ndx file as _GMXMMPBSA_COM.pdb
[INFO   ] No receptor structure file was defined. Using ST approach...
[INFO   ] Using receptor structure from complex to generate AMBER topology
[INFO   ] Normal Receptor: Saving group receptor (0) in _GMXMMPBSA_COM_index.ndx file as _GMXMMPBSA_REC.pdb
[INFO   ] No ligand structure file was defined. Using ST approach...
[INFO   ] Using ligand structure from complex to generate AMBER topology
[INFO   ] Normal Ligand: Saving group ligand (1) in _GMXMMPBSA_COM_index.ndx file as _GMXMMPBSA_LIG.pdb
[INFO   ] Checking the structures consistency...
[INFO   ] Assigning chain ID to structures files according to the reference structure...
[INFO   ] 
[INFO   ] Using topology conversion. Setting radiopt = 0...
[INFO   ] Building Normal Complex Amber topology...
[INFO   ] Detected Amber/OPLS force field topology format...
[WARNING] 6 invalid DIHEDRAL_PERIODICITY = 0 found in Complex topology... Setting DIHEDRAL_PERIODICITY = 1
[INFO   ] Assigning PBRadii mbondi2 to Complex...
[INFO   ] Writing Normal Complex AMBER topology...
[INFO   ] No Receptor topology file was defined. Using ST approach...
[INFO   ] Building AMBER Receptor topology from Complex...
[INFO   ] Assigning PBRadii mbondi2 to Receptor...
[INFO   ] Writing Normal Receptor AMBER topology...
[INFO   ] No Ligand topology file was defined. Using ST approach...
[INFO   ] Building AMBER Ligand topology from Complex...
[INFO   ] Assigning PBRadii mbondi2 to Ligand...
[INFO   ] Writing Normal Ligand AMBER topology...
[INFO   ] Selecting residues by distance (6 Å) between receptor and ligand for decomposition analysis...
[INFO   ] Selected 72 residues:
R:A:GLU:4   R:A:VAL:5   R:A:VAL:6   R:A:ARG:7   R:A:HISE:8  R:A:CYS:9   R:B:GLN:43  R:B:ARG:44  R:B:PRO:57  R:B:GLU:58
R:B:TYR:59  R:B:TRP:60  R:B:ASP:61  R:B:GLY:62  R:B:GLU:63  R:B:THR:64  R:B:ARG:65  R:B:LYS:66  R:B:LYS:68  R:B:ALA:69
R:B:HISE:70 R:B:SER:71  R:B:GLN:72  R:B:THR:73  R:B:ARG:75  R:B:VAL:76  R:B:GLY:79  R:B:THR:80  R:B:HISE:145
R:B:LYS:146 R:B:TRP:147 R:B:GLU:148 R:B:ALA:149 R:B:ALA:150 R:B:HISE:151    R:B:VAL:152 R:B:GLN:155 L:C:ASN:28
L:C:VAL:29  L:C:TYR:30  L:C:ALA:31  L:C:SER:32  L:C:GLY:33  L:C:TYR:52  L:C:PRO:53  L:C:ASP:54  L:C:SER:55  L:C:ASP:56
L:C:TYR:57  L:C:TYR:59  L:C:SER:100 L:C:SER:101 L:C:PHE:102 L:C:TYR:103 L:C:TYR:104 L:C:VAL:105 L:C:TYR:106 L:D:ASP:28
L:D:VAL:29  L:D:ASN:30  L:D:THR:31  L:D:ALA:32  L:D:TYR:49  L:D:SER:50  L:D:TYR:52  L:D:ARG:66  L:D:TYR:91  L:D:SER:92
L:D:ARG:93  L:D:TYR:94  L:D:SER:95  L:D:PRO:96

[INFO   ] Cleaning normal complex trajectories...
[INFO   ] Building AMBER topologies from GROMACS files... Done.

[INFO   ] Loading and checking parameter files for compatibility...
[INFO   ] Preparing trajectories for simulation...

[INFO   ] 151 frames were processed by cpptraj for use in calculation.
[INFO   ] Starting calculations in 16 CPUs...
[WARNING] PB/RISM/NMODE will be calculated with multiple threads, make sure you have enough RAM.
[INFO   ] Running calculations on normal system...
[INFO   ] Beginning PB calculations with /home/bio/ls/envs/gmxMMPBSA/bin/sander
[INFO   ]   calculating complex contribution...

              0%|          | 0/151 [elapsed: 00:00 remaining: ?]
              5%|5         | 8/151 [elapsed: 00:21 remaining: 06:16]
             16%|#5        | 24/151 [elapsed: 00:42 remaining: 03:30]
             21%|##1       | 32/151 [elapsed: 00:59 remaining: 03:36]
             32%|###1      | 48/151 [elapsed: 01:18 remaining: 02:35]
             37%|###7      | 56/151 [elapsed: 01:39 remaining: 02:51]
             48%|####7     | 72/151 [elapsed: 02:02 remaining: 02:10]
             52%|#####1    | 78/151 [elapsed: 02:14 remaining: 02:05]
             53%|#####2    | 80/151 [elapsed: 02:26 remaining: 02:26]
             59%|#####8    | 89/151 [elapsed: 02:38 remaining: 01:52]
             64%|######3   | 96/151 [elapsed: 02:50 remaining: 01:38]
             69%|######8   | 104/151 [elapsed: 03:02 remaining: 01:19]
             72%|#######2  | 109/151 [elapsed: 03:14 remaining: 01:17]
             79%|#######8  | 119/151 [elapsed: 03:26 remaining: 00:51]
             81%|########1 | 123/151 [elapsed: 04:05 remaining: 01:25]
             84%|########4 | 127/151 [elapsed: 04:19 remaining: 01:15]
             85%|########4 | 128/151 [elapsed: 04:33 remaining: 01:29]
             87%|########7 | 132/151 [elapsed: 04:47 remaining: 01:11]
             89%|########9 | 135/151 [elapsed: 05:01 remaining: 01:03]
             90%|######### | 136/151 [elapsed: 05:15 remaining: 01:14]
             94%|#########4| 142/151 [elapsed: 05:29 remaining: 00:33]
             95%|#########4| 143/151 [elapsed: 05:43 remaining: 00:38]
             97%|#########6| 146/151 [elapsed: 05:57 remaining: 00:23]
            100%|##########| 151/151 [elapsed: 06:11 remaining: 00:00]
                                                                      

            100%|##########| 151/151 [elapsed: 06:11 remaining: 00:00]
[INFO   ]   calculating receptor contribution...

              0%|          | 0/151 [elapsed: 00:00 remaining: ?]
             50%|####9     | 75/151 [elapsed: 00:03 remaining: 00:03]
             52%|#####1    | 78/151 [elapsed: 00:05 remaining: 00:05]
             54%|#####3    | 81/151 [elapsed: 00:07 remaining: 00:08]
             55%|#####4    | 83/151 [elapsed: 00:09 remaining: 00:11]
             57%|#####6    | 86/151 [elapsed: 00:14 remaining: 00:23]
             59%|#####8    | 89/151 [elapsed: 00:17 remaining: 00:27]
             62%|######1   | 93/151 [elapsed: 00:20 remaining: 00:29]
             62%|######2   | 94/151 [elapsed: 00:23 remaining: 00:39]
             65%|######4   | 98/151 [elapsed: 00:26 remaining: 00:37]
             67%|######6   | 101/151 [elapsed: 00:29 remaining: 00:39]
             68%|######8   | 103/151 [elapsed: 00:32 remaining: 00:43]
             70%|######9   | 105/151 [elapsed: 00:35 remaining: 00:47]
             72%|#######1  | 108/151 [elapsed: 00:38 remaining: 00:44]
             75%|#######4  | 113/151 [elapsed: 00:41 remaining: 00:32]
             75%|#######5  | 114/151 [elapsed: 00:44 remaining: 00:39]
             78%|#######8  | 118/151 [elapsed: 00:47 remaining: 00:31]
             79%|#######9  | 120/151 [elapsed: 00:50 remaining: 00:33]
             81%|########1 | 123/151 [elapsed: 00:53 remaining: 00:29]
             83%|########2 | 125/151 [elapsed: 00:56 remaining: 00:30]
             85%|########4 | 128/151 [elapsed: 00:59 remaining: 00:25]
             85%|########5 | 129/151 [elapsed: 01:02 remaining: 00:29]
             87%|########7 | 132/151 [elapsed: 01:05 remaining: 00:23]
             90%|######### | 136/151 [elapsed: 01:08 remaining: 00:15]
             91%|######### | 137/151 [elapsed: 01:11 remaining: 00:17]
             93%|#########2| 140/151 [elapsed: 01:14 remaining: 00:13]
             94%|#########4| 142/151 [elapsed: 01:17 remaining: 00:11]
             95%|#########5| 144/151 [elapsed: 01:20 remaining: 00:09]
             98%|#########8| 148/151 [elapsed: 01:27 remaining: 00:04]
            100%|##########| 151/151 [elapsed: 01:36 remaining: 00:00]
                                                                      

            100%|##########| 151/151 [elapsed: 01:36 remaining: 00:00]
[INFO   ]   calculating ligand contribution...

              0%|          | 0/151 [elapsed: 00:00 remaining: ?]
             50%|####9     | 75/151 [elapsed: 00:03 remaining: 00:03]
             52%|#####1    | 78/151 [elapsed: 00:08 remaining: 00:09]
             53%|#####2    | 80/151 [elapsed: 00:11 remaining: 00:13]
             56%|#####5    | 84/151 [elapsed: 00:14 remaining: 00:17]
             56%|#####6    | 85/151 [elapsed: 00:17 remaining: 00:25]
             58%|#####7    | 87/151 [elapsed: 00:20 remaining: 00:31]
             60%|#####9    | 90/151 [elapsed: 00:23 remaining: 00:36]
             62%|######1   | 93/151 [elapsed: 00:26 remaining: 00:39]
             63%|######2   | 95/151 [elapsed: 00:29 remaining: 00:45]
             64%|######3   | 96/151 [elapsed: 00:32 remaining: 00:57]
             66%|######5   | 99/151 [elapsed: 00:35 remaining: 00:53]
             66%|######6   | 100/151 [elapsed: 00:38 remaining: 01:05]
             68%|######8   | 103/151 [elapsed: 00:41 remaining: 00:57]
             70%|#######   | 106/151 [elapsed: 00:44 remaining: 00:50]
             71%|#######   | 107/151 [elapsed: 00:47 remaining: 01:01]
             73%|#######2  | 110/151 [elapsed: 00:50 remaining: 00:51]
             75%|#######4  | 113/151 [elapsed: 00:53 remaining: 00:44]
             76%|#######6  | 115/151 [elapsed: 00:56 remaining: 00:44]
             77%|#######7  | 117/151 [elapsed: 00:59 remaining: 00:44]
             79%|#######9  | 120/151 [elapsed: 01:02 remaining: 00:37]
             83%|########2 | 125/151 [elapsed: 01:09 remaining: 00:33]
             84%|########4 | 127/151 [elapsed: 01:13 remaining: 00:34]
             85%|########5 | 129/151 [elapsed: 01:17 remaining: 00:34]
             88%|########8 | 133/151 [elapsed: 01:21 remaining: 00:24]
             89%|########9 | 135/151 [elapsed: 01:25 remaining: 00:23]
             91%|######### | 137/151 [elapsed: 01:29 remaining: 00:22]
             93%|#########3| 141/151 [elapsed: 01:33 remaining: 00:13]
             95%|#########4| 143/151 [elapsed: 01:37 remaining: 00:12]
             95%|#########5| 144/151 [elapsed: 01:41 remaining: 00:12]
             97%|#########7| 147/151 [elapsed: 01:45 remaining: 00:06]
             98%|#########8| 148/151 [elapsed: 01:49 remaining: 00:06]
            100%|##########| 151/151 [elapsed: 01:58 remaining: 00:00]
                                                                      

            100%|##########| 151/151 [elapsed: 01:58 remaining: 00:00]
[INFO   ] Parsing results to output files...

[INFO   ] Timing:
[INFO   ] Total GROMACS setup time:                   0.122 min.
[INFO   ] Total AMBER setup time:                     0.013 min.
[INFO   ] Creating trajectories with cpptraj:         0.015 min.
[INFO   ] Total calculation time:                     9.767 min.
[INFO   ] Total PB calculation time:                  5.316 min.
[INFO   ] Statistics calculation & output writing:    0.017 min.
[INFO   ] Total time taken:                           9.938 min.

[INFO   ] 
   Finalizing gmx_MMPBSA: [ERROR  ] = 0; [WARNING] = 2
   Check the gmx_MMPBSA.log file for more details...

[INFO   ] 
 Thank you for using gmx_MMPBSA. Please consider supporting gmx_MMPBSA by citing our publication:
    Valdés-Tresanco, M.S., Valdés-Tresanco, M.E., Valiente, P.A. and Moreno E. 
    gmx_MMPBSA: A New Tool to Perform End-State Free Energy Calculations with GROMACS. 
    J Chem Theory Comput., 2021, 17 (10):6281-6291. Epub 2021 Sep 29. PMID: 34586825.
    https://pubs.acs.org/doi/10.1021/acs.jctc.1c00645

Also consider citing MMPBSA.py:
    Miller III, B. R., McGee Jr., T. D., Swails, J. M. Homeyer, N. Gohlke, H. and Roitberg, A. E.
    MMPBSA.py: An Efficient Program for End-State Free Energy Calculations.
    J. Chem. Theory Comput., 2012, 8 (9) pp 3314-3321

[INFO   ] Finalized...



